[0.267s] DEBUG:colcon:Command line arguments: ['/usr/bin/colcon', 'build']
[0.267s] DEBUG:colcon:Parsed command line arguments: Namespace(log_base=None, log_level=None, verb_name='build', build_base='build', install_base='install', merge_install=False, symlink_install=False, test_result_base=None, continue_on_error=False, executor='parallel', parallel_workers=8, event_handlers=None, ignore_user_meta=False, metas=['./colcon.meta'], base_paths=['.'], packages_ignore=None, packages_ignore_regex=None, paths=None, packages_up_to=None, packages_up_to_regex=None, packages_above=None, packages_above_and_dependencies=None, packages_above_depth=None, packages_select_by_dep=None, packages_skip_by_dep=None, packages_skip_up_to=None, packages_select_build_failed=False, packages_skip_build_finished=False, packages_select_test_failures=False, packages_skip_test_passed=False, packages_select=None, packages_skip=None, packages_select_regex=None, packages_skip_regex=None, packages_start=None, packages_end=None, allow_overriding=[], cmake_args=None, cmake_target=None, cmake_target_skip_unavailable=False, cmake_clean_cache=False, cmake_clean_first=False, cmake_force_configure=False, ament_cmake_args=None, catkin_cmake_args=None, catkin_skip_building_tests=False, mixin_files=None, mixin=None, verb_parser=<colcon_mixin.mixin.mixin_argument.MixinArgumentDecorator object at 0x7f3414880e90>, verb_extension=<colcon_core.verb.build.BuildVerb object at 0x7f3414880a40>, main=<bound method BuildVerb.main of <colcon_core.verb.build.BuildVerb object at 0x7f3414880a40>>, mixin_verb=('build',))
[0.309s] Level 1:colcon.colcon_core.package_discovery:discover_packages(colcon_meta) check parameters
[0.309s] Level 1:colcon.colcon_core.package_discovery:discover_packages(recursive) check parameters
[0.309s] Level 1:colcon.colcon_core.package_discovery:discover_packages(ignore) check parameters
[0.309s] Level 1:colcon.colcon_core.package_discovery:discover_packages(path) check parameters
[0.309s] Level 1:colcon.colcon_core.package_discovery:discover_packages(colcon_meta) discover
[0.310s] Level 1:colcon.colcon_core.package_discovery:discover_packages(recursive) discover
[0.310s] INFO:colcon.colcon_core.package_discovery:Crawling recursively for packages in '/home/vasav/vasav_ws'
[0.310s] Level 1:colcon.colcon_core.package_identification:_identify(.) by extensions ['ignore', 'ignore_ament_install']
[0.310s] Level 1:colcon.colcon_core.package_identification:_identify(.) by extension 'ignore'
[0.310s] Level 1:colcon.colcon_core.package_identification:_identify(.) by extension 'ignore_ament_install'
[0.310s] Level 1:colcon.colcon_core.package_identification:_identify(.) by extensions ['colcon_pkg']
[0.310s] Level 1:colcon.colcon_core.package_identification:_identify(.) by extension 'colcon_pkg'
[0.310s] Level 1:colcon.colcon_core.package_identification:_identify(.) by extensions ['colcon_meta']
[0.310s] Level 1:colcon.colcon_core.package_identification:_identify(.) by extension 'colcon_meta'
[0.310s] Level 1:colcon.colcon_core.package_identification:_identify(.) by extensions ['ros']
[0.310s] Level 1:colcon.colcon_core.package_identification:_identify(.) by extension 'ros'
[0.335s] Level 1:colcon.colcon_core.package_identification:_identify(.) by extensions ['cmake', 'python']
[0.335s] Level 1:colcon.colcon_core.package_identification:_identify(.) by extension 'cmake'
[0.335s] Level 1:colcon.colcon_core.package_identification:_identify(.) by extension 'python'
[0.335s] Level 1:colcon.colcon_core.package_identification:_identify(.) by extensions ['python_setup_py']
[0.335s] Level 1:colcon.colcon_core.package_identification:_identify(.) by extension 'python_setup_py'
[0.336s] Level 1:colcon.colcon_core.package_identification:_identify(build) by extensions ['ignore', 'ignore_ament_install']
[0.336s] Level 1:colcon.colcon_core.package_identification:_identify(build) by extension 'ignore'
[0.336s] Level 1:colcon.colcon_core.package_identification:_identify(build) ignored
[0.336s] Level 1:colcon.colcon_core.package_identification:_identify(install) by extensions ['ignore', 'ignore_ament_install']
[0.336s] Level 1:colcon.colcon_core.package_identification:_identify(install) by extension 'ignore'
[0.336s] Level 1:colcon.colcon_core.package_identification:_identify(install) ignored
[0.336s] Level 1:colcon.colcon_core.package_identification:_identify(log) by extensions ['ignore', 'ignore_ament_install']
[0.336s] Level 1:colcon.colcon_core.package_identification:_identify(log) by extension 'ignore'
[0.336s] Level 1:colcon.colcon_core.package_identification:_identify(log) ignored
[0.336s] Level 1:colcon.colcon_core.package_identification:_identify(src) by extensions ['ignore', 'ignore_ament_install']
[0.336s] Level 1:colcon.colcon_core.package_identification:_identify(src) by extension 'ignore'
[0.336s] Level 1:colcon.colcon_core.package_identification:_identify(src) by extension 'ignore_ament_install'
[0.336s] Level 1:colcon.colcon_core.package_identification:_identify(src) by extensions ['colcon_pkg']
[0.336s] Level 1:colcon.colcon_core.package_identification:_identify(src) by extension 'colcon_pkg'
[0.336s] Level 1:colcon.colcon_core.package_identification:_identify(src) by extensions ['colcon_meta']
[0.336s] Level 1:colcon.colcon_core.package_identification:_identify(src) by extension 'colcon_meta'
[0.337s] Level 1:colcon.colcon_core.package_identification:_identify(src) by extensions ['ros']
[0.337s] Level 1:colcon.colcon_core.package_identification:_identify(src) by extension 'ros'
[0.337s] Level 1:colcon.colcon_core.package_identification:_identify(src) by extensions ['cmake', 'python']
[0.337s] Level 1:colcon.colcon_core.package_identification:_identify(src) by extension 'cmake'
[0.337s] Level 1:colcon.colcon_core.package_identification:_identify(src) by extension 'python'
[0.337s] Level 1:colcon.colcon_core.package_identification:_identify(src) by extensions ['python_setup_py']
[0.337s] Level 1:colcon.colcon_core.package_identification:_identify(src) by extension 'python_setup_py'
[0.337s] Level 1:colcon.colcon_core.package_identification:_identify(src/arms) by extensions ['ignore', 'ignore_ament_install']
[0.337s] Level 1:colcon.colcon_core.package_identification:_identify(src/arms) by extension 'ignore'
[0.337s] Level 1:colcon.colcon_core.package_identification:_identify(src/arms) by extension 'ignore_ament_install'
[0.337s] Level 1:colcon.colcon_core.package_identification:_identify(src/arms) by extensions ['colcon_pkg']
[0.337s] Level 1:colcon.colcon_core.package_identification:_identify(src/arms) by extension 'colcon_pkg'
[0.337s] Level 1:colcon.colcon_core.package_identification:_identify(src/arms) by extensions ['colcon_meta']
[0.337s] Level 1:colcon.colcon_core.package_identification:_identify(src/arms) by extension 'colcon_meta'
[0.337s] Level 1:colcon.colcon_core.package_identification:_identify(src/arms) by extensions ['ros']
[0.337s] Level 1:colcon.colcon_core.package_identification:_identify(src/arms) by extension 'ros'
[0.340s] DEBUG:colcon.colcon_core.package_identification:Package 'src/arms' with type 'ros.ament_cmake' and name 'arms'
[0.340s] Level 1:colcon.colcon_core.package_identification:_identify(src/lidar) by extensions ['ignore', 'ignore_ament_install']
[0.340s] Level 1:colcon.colcon_core.package_identification:_identify(src/lidar) by extension 'ignore'
[0.340s] Level 1:colcon.colcon_core.package_identification:_identify(src/lidar) by extension 'ignore_ament_install'
[0.340s] Level 1:colcon.colcon_core.package_identification:_identify(src/lidar) by extensions ['colcon_pkg']
[0.340s] Level 1:colcon.colcon_core.package_identification:_identify(src/lidar) by extension 'colcon_pkg'
[0.340s] Level 1:colcon.colcon_core.package_identification:_identify(src/lidar) by extensions ['colcon_meta']
[0.340s] Level 1:colcon.colcon_core.package_identification:_identify(src/lidar) by extension 'colcon_meta'
[0.340s] Level 1:colcon.colcon_core.package_identification:_identify(src/lidar) by extensions ['ros']
[0.340s] Level 1:colcon.colcon_core.package_identification:_identify(src/lidar) by extension 'ros'
[0.341s] DEBUG:colcon.colcon_core.package_identification:Package 'src/lidar' with type 'ros.ament_cmake' and name 'lidar'
[0.341s] Level 1:colcon.colcon_core.package_identification:_identify(src/wheels) by extensions ['ignore', 'ignore_ament_install']
[0.341s] Level 1:colcon.colcon_core.package_identification:_identify(src/wheels) by extension 'ignore'
[0.341s] Level 1:colcon.colcon_core.package_identification:_identify(src/wheels) by extension 'ignore_ament_install'
[0.341s] Level 1:colcon.colcon_core.package_identification:_identify(src/wheels) by extensions ['colcon_pkg']
[0.341s] Level 1:colcon.colcon_core.package_identification:_identify(src/wheels) by extension 'colcon_pkg'
[0.341s] Level 1:colcon.colcon_core.package_identification:_identify(src/wheels) by extensions ['colcon_meta']
[0.341s] Level 1:colcon.colcon_core.package_identification:_identify(src/wheels) by extension 'colcon_meta'
[0.341s] Level 1:colcon.colcon_core.package_identification:_identify(src/wheels) by extensions ['ros']
[0.341s] Level 1:colcon.colcon_core.package_identification:_identify(src/wheels) by extension 'ros'
[0.342s] DEBUG:colcon.colcon_core.package_identification:Package 'src/wheels' with type 'ros.ament_cmake' and name 'wheels'
[0.342s] Level 1:colcon.colcon_core.package_discovery:discover_packages(recursive) using defaults
[0.342s] Level 1:colcon.colcon_core.package_discovery:discover_packages(ignore) discover
[0.342s] Level 1:colcon.colcon_core.package_discovery:discover_packages(ignore) using defaults
[0.342s] Level 1:colcon.colcon_core.package_discovery:discover_packages(path) discover
[0.342s] Level 1:colcon.colcon_core.package_discovery:discover_packages(path) using defaults
[0.359s] Level 1:colcon.colcon_core.package_discovery:discover_packages(prefix_path) check parameters
[0.359s] Level 1:colcon.colcon_core.package_discovery:discover_packages(prefix_path) discover
[0.361s] DEBUG:colcon.colcon_installed_package_information.package_discovery:Found 286 installed packages in /opt/ros/jazzy
[0.362s] Level 1:colcon.colcon_core.package_discovery:discover_packages(prefix_path) using defaults
[0.407s] Level 5:colcon.colcon_core.verb:set package 'arms' build argument 'cmake_args' from command line to 'None'
[0.407s] Level 5:colcon.colcon_core.verb:set package 'arms' build argument 'cmake_target' from command line to 'None'
[0.407s] Level 5:colcon.colcon_core.verb:set package 'arms' build argument 'cmake_target_skip_unavailable' from command line to 'False'
[0.407s] Level 5:colcon.colcon_core.verb:set package 'arms' build argument 'cmake_clean_cache' from command line to 'False'
[0.407s] Level 5:colcon.colcon_core.verb:set package 'arms' build argument 'cmake_clean_first' from command line to 'False'
[0.407s] Level 5:colcon.colcon_core.verb:set package 'arms' build argument 'cmake_force_configure' from command line to 'False'
[0.407s] Level 5:colcon.colcon_core.verb:set package 'arms' build argument 'ament_cmake_args' from command line to 'None'
[0.407s] Level 5:colcon.colcon_core.verb:set package 'arms' build argument 'catkin_cmake_args' from command line to 'None'
[0.407s] Level 5:colcon.colcon_core.verb:set package 'arms' build argument 'catkin_skip_building_tests' from command line to 'False'
[0.407s] DEBUG:colcon.colcon_core.verb:Building package 'arms' with the following arguments: {'ament_cmake_args': None, 'build_base': '/home/vasav/vasav_ws/build/arms', 'catkin_cmake_args': None, 'catkin_skip_building_tests': False, 'cmake_args': None, 'cmake_clean_cache': False, 'cmake_clean_first': False, 'cmake_force_configure': False, 'cmake_target': None, 'cmake_target_skip_unavailable': False, 'install_base': '/home/vasav/vasav_ws/install/arms', 'merge_install': False, 'path': '/home/vasav/vasav_ws/src/arms', 'symlink_install': False, 'test_result_base': None}
[0.407s] Level 5:colcon.colcon_core.verb:set package 'lidar' build argument 'cmake_args' from command line to 'None'
[0.408s] Level 5:colcon.colcon_core.verb:set package 'lidar' build argument 'cmake_target' from command line to 'None'
[0.408s] Level 5:colcon.colcon_core.verb:set package 'lidar' build argument 'cmake_target_skip_unavailable' from command line to 'False'
[0.408s] Level 5:colcon.colcon_core.verb:set package 'lidar' build argument 'cmake_clean_cache' from command line to 'False'
[0.408s] Level 5:colcon.colcon_core.verb:set package 'lidar' build argument 'cmake_clean_first' from command line to 'False'
[0.408s] Level 5:colcon.colcon_core.verb:set package 'lidar' build argument 'cmake_force_configure' from command line to 'False'
[0.408s] Level 5:colcon.colcon_core.verb:set package 'lidar' build argument 'ament_cmake_args' from command line to 'None'
[0.408s] Level 5:colcon.colcon_core.verb:set package 'lidar' build argument 'catkin_cmake_args' from command line to 'None'
[0.408s] Level 5:colcon.colcon_core.verb:set package 'lidar' build argument 'catkin_skip_building_tests' from command line to 'False'
[0.408s] DEBUG:colcon.colcon_core.verb:Building package 'lidar' with the following arguments: {'ament_cmake_args': None, 'build_base': '/home/vasav/vasav_ws/build/lidar', 'catkin_cmake_args': None, 'catkin_skip_building_tests': False, 'cmake_args': None, 'cmake_clean_cache': False, 'cmake_clean_first': False, 'cmake_force_configure': False, 'cmake_target': None, 'cmake_target_skip_unavailable': False, 'install_base': '/home/vasav/vasav_ws/install/lidar', 'merge_install': False, 'path': '/home/vasav/vasav_ws/src/lidar', 'symlink_install': False, 'test_result_base': None}
[0.408s] Level 5:colcon.colcon_core.verb:set package 'wheels' build argument 'cmake_args' from command line to 'None'
[0.408s] Level 5:colcon.colcon_core.verb:set package 'wheels' build argument 'cmake_target' from command line to 'None'
[0.408s] Level 5:colcon.colcon_core.verb:set package 'wheels' build argument 'cmake_target_skip_unavailable' from command line to 'False'
[0.408s] Level 5:colcon.colcon_core.verb:set package 'wheels' build argument 'cmake_clean_cache' from command line to 'False'
[0.408s] Level 5:colcon.colcon_core.verb:set package 'wheels' build argument 'cmake_clean_first' from command line to 'False'
[0.408s] Level 5:colcon.colcon_core.verb:set package 'wheels' build argument 'cmake_force_configure' from command line to 'False'
[0.408s] Level 5:colcon.colcon_core.verb:set package 'wheels' build argument 'ament_cmake_args' from command line to 'None'
[0.408s] Level 5:colcon.colcon_core.verb:set package 'wheels' build argument 'catkin_cmake_args' from command line to 'None'
[0.408s] Level 5:colcon.colcon_core.verb:set package 'wheels' build argument 'catkin_skip_building_tests' from command line to 'False'
[0.408s] DEBUG:colcon.colcon_core.verb:Building package 'wheels' with the following arguments: {'ament_cmake_args': None, 'build_base': '/home/vasav/vasav_ws/build/wheels', 'catkin_cmake_args': None, 'catkin_skip_building_tests': False, 'cmake_args': None, 'cmake_clean_cache': False, 'cmake_clean_first': False, 'cmake_force_configure': False, 'cmake_target': None, 'cmake_target_skip_unavailable': False, 'install_base': '/home/vasav/vasav_ws/install/wheels', 'merge_install': False, 'path': '/home/vasav/vasav_ws/src/wheels', 'symlink_install': False, 'test_result_base': None}
[0.408s] INFO:colcon.colcon_core.executor:Executing jobs using 'parallel' executor
[0.409s] DEBUG:colcon.colcon_parallel_executor.executor.parallel:run_until_complete
[0.409s] INFO:colcon.colcon_ros.task.ament_cmake.build:Building ROS package in '/home/vasav/vasav_ws/src/arms' with build type 'ament_cmake'
[0.409s] INFO:colcon.colcon_cmake.task.cmake.build:Building CMake package in '/home/vasav/vasav_ws/src/arms'
[0.412s] INFO:colcon.colcon_core.plugin_system:Skipping extension 'colcon_core.shell.bat': Not used on non-Windows systems
[0.412s] INFO:colcon.colcon_core.shell:Skip shell extension 'powershell' for command environment: Not usable outside of PowerShell
[0.412s] DEBUG:colcon.colcon_core.shell:Skip shell extension 'dsv' for command environment
[0.416s] INFO:colcon.colcon_ros.task.ament_cmake.build:Building ROS package in '/home/vasav/vasav_ws/src/lidar' with build type 'ament_cmake'
[0.416s] INFO:colcon.colcon_cmake.task.cmake.build:Building CMake package in '/home/vasav/vasav_ws/src/lidar'
[0.416s] INFO:colcon.colcon_core.shell:Skip shell extension 'powershell' for command environment: Not usable outside of PowerShell
[0.416s] DEBUG:colcon.colcon_core.shell:Skip shell extension 'dsv' for command environment
[0.419s] INFO:colcon.colcon_ros.task.ament_cmake.build:Building ROS package in '/home/vasav/vasav_ws/src/wheels' with build type 'ament_cmake'
[0.419s] INFO:colcon.colcon_cmake.task.cmake.build:Building CMake package in '/home/vasav/vasav_ws/src/wheels'
[0.420s] INFO:colcon.colcon_core.shell:Skip shell extension 'powershell' for command environment: Not usable outside of PowerShell
[0.420s] DEBUG:colcon.colcon_core.shell:Skip shell extension 'dsv' for command environment
[0.429s] DEBUG:colcon.colcon_core.event_handler.log_command:Invoking command in '/home/vasav/vasav_ws/build/arms': CMAKE_PREFIX_PATH=${CMAKE_PREFIX_PATH}:/opt/ros/jazzy /usr/bin/cmake --build /home/vasav/vasav_ws/build/arms -- -j8 -l8
[0.433s] DEBUG:colcon.colcon_core.event_handler.log_command:Invoking command in '/home/vasav/vasav_ws/build/lidar': CMAKE_PREFIX_PATH=${CMAKE_PREFIX_PATH}:/opt/ros/jazzy /usr/bin/cmake --build /home/vasav/vasav_ws/build/lidar -- -j8 -l8
[0.438s] DEBUG:colcon.colcon_core.event_handler.log_command:Invoking command in '/home/vasav/vasav_ws/build/wheels': CMAKE_PREFIX_PATH=${CMAKE_PREFIX_PATH}:/opt/ros/jazzy /usr/bin/cmake --build /home/vasav/vasav_ws/build/wheels -- -j8 -l8
[0.484s] DEBUG:colcon.colcon_core.event_handler.log_command:Invoked command in '/home/vasav/vasav_ws/build/arms' returned '0': CMAKE_PREFIX_PATH=${CMAKE_PREFIX_PATH}:/opt/ros/jazzy /usr/bin/cmake --build /home/vasav/vasav_ws/build/arms -- -j8 -l8
[0.497s] DEBUG:colcon.colcon_core.event_handler.log_command:Invoking command in '/home/vasav/vasav_ws/build/arms': CMAKE_PREFIX_PATH=${CMAKE_PREFIX_PATH}:/opt/ros/jazzy /usr/bin/cmake --install /home/vasav/vasav_ws/build/arms
[0.499s] DEBUG:colcon.colcon_core.event_handler.log_command:Invoked command in '/home/vasav/vasav_ws/build/lidar' returned '0': CMAKE_PREFIX_PATH=${CMAKE_PREFIX_PATH}:/opt/ros/jazzy /usr/bin/cmake --build /home/vasav/vasav_ws/build/lidar -- -j8 -l8
[0.501s] DEBUG:colcon.colcon_core.event_handler.log_command:Invoking command in '/home/vasav/vasav_ws/build/lidar': CMAKE_PREFIX_PATH=${CMAKE_PREFIX_PATH}:/opt/ros/jazzy /usr/bin/cmake --install /home/vasav/vasav_ws/build/lidar
[0.501s] DEBUG:colcon.colcon_core.event_handler.log_command:Invoked command in '/home/vasav/vasav_ws/build/wheels' returned '0': CMAKE_PREFIX_PATH=${CMAKE_PREFIX_PATH}:/opt/ros/jazzy /usr/bin/cmake --build /home/vasav/vasav_ws/build/wheels -- -j8 -l8
[0.502s] DEBUG:colcon.colcon_core.event_handler.log_command:Invoking command in '/home/vasav/vasav_ws/build/wheels': CMAKE_PREFIX_PATH=${CMAKE_PREFIX_PATH}:/opt/ros/jazzy /usr/bin/cmake --install /home/vasav/vasav_ws/build/wheels
[0.510s] Level 1:colcon.colcon_core.environment:create_environment_scripts_only(arms)
[0.511s] DEBUG:colcon.colcon_core.event_handler.log_command:Invoked command in '/home/vasav/vasav_ws/build/arms' returned '0': CMAKE_PREFIX_PATH=${CMAKE_PREFIX_PATH}:/opt/ros/jazzy /usr/bin/cmake --install /home/vasav/vasav_ws/build/arms
[0.521s] Level 1:colcon.colcon_core.environment:checking '/home/vasav/vasav_ws/install/arms' for CMake module files
[0.522s] Level 1:colcon.colcon_core.environment:checking '/home/vasav/vasav_ws/install/arms' for CMake config files
[0.522s] Level 1:colcon.colcon_core.shell:create_environment_hook('arms', 'cmake_prefix_path')
[0.522s] INFO:colcon.colcon_core.shell:Creating environment hook '/home/vasav/vasav_ws/install/arms/share/arms/hook/cmake_prefix_path.ps1'
[0.523s] INFO:colcon.colcon_core.shell:Creating environment descriptor '/home/vasav/vasav_ws/install/arms/share/arms/hook/cmake_prefix_path.dsv'
[0.523s] INFO:colcon.colcon_core.shell:Creating environment hook '/home/vasav/vasav_ws/install/arms/share/arms/hook/cmake_prefix_path.sh'
[0.524s] Level 1:colcon.colcon_core.environment:checking '/home/vasav/vasav_ws/install/arms/bin'
[0.524s] Level 1:colcon.colcon_core.environment:checking '/home/vasav/vasav_ws/install/arms/lib/pkgconfig/arms.pc'
[0.525s] Level 1:colcon.colcon_core.environment:checking '/home/vasav/vasav_ws/install/arms/lib/python3.12/site-packages'
[0.525s] Level 1:colcon.colcon_core.environment:checking '/home/vasav/vasav_ws/install/arms/bin'
[0.525s] INFO:colcon.colcon_core.shell:Creating package script '/home/vasav/vasav_ws/install/arms/share/arms/package.ps1'
[0.526s] INFO:colcon.colcon_core.shell:Creating package descriptor '/home/vasav/vasav_ws/install/arms/share/arms/package.dsv'
[0.526s] INFO:colcon.colcon_core.shell:Creating package script '/home/vasav/vasav_ws/install/arms/share/arms/package.sh'
[0.527s] INFO:colcon.colcon_core.shell:Creating package script '/home/vasav/vasav_ws/install/arms/share/arms/package.bash'
[0.527s] INFO:colcon.colcon_core.shell:Creating package script '/home/vasav/vasav_ws/install/arms/share/arms/package.zsh'
[0.528s] Level 1:colcon.colcon_core.environment:create_file_with_runtime_dependencies(/home/vasav/vasav_ws/install/arms/share/colcon-core/packages/arms)
[0.529s] Level 1:colcon.colcon_core.environment:create_environment_scripts_only(arms)
[0.529s] Level 1:colcon.colcon_core.environment:checking '/home/vasav/vasav_ws/install/arms' for CMake module files
[0.529s] Level 1:colcon.colcon_core.environment:checking '/home/vasav/vasav_ws/install/arms' for CMake config files
[0.530s] Level 1:colcon.colcon_core.shell:create_environment_hook('arms', 'cmake_prefix_path')
[0.530s] INFO:colcon.colcon_core.shell:Creating environment hook '/home/vasav/vasav_ws/install/arms/share/arms/hook/cmake_prefix_path.ps1'
[0.530s] INFO:colcon.colcon_core.shell:Creating environment descriptor '/home/vasav/vasav_ws/install/arms/share/arms/hook/cmake_prefix_path.dsv'
[0.531s] INFO:colcon.colcon_core.shell:Creating environment hook '/home/vasav/vasav_ws/install/arms/share/arms/hook/cmake_prefix_path.sh'
[0.531s] Level 1:colcon.colcon_core.environment:checking '/home/vasav/vasav_ws/install/arms/bin'
[0.531s] Level 1:colcon.colcon_core.environment:checking '/home/vasav/vasav_ws/install/arms/lib/pkgconfig/arms.pc'
[0.532s] Level 1:colcon.colcon_core.environment:checking '/home/vasav/vasav_ws/install/arms/lib/python3.12/site-packages'
[0.532s] Level 1:colcon.colcon_core.environment:checking '/home/vasav/vasav_ws/install/arms/bin'
[0.532s] INFO:colcon.colcon_core.shell:Creating package script '/home/vasav/vasav_ws/install/arms/share/arms/package.ps1'
[0.532s] INFO:colcon.colcon_core.shell:Creating package descriptor '/home/vasav/vasav_ws/install/arms/share/arms/package.dsv'
[0.533s] INFO:colcon.colcon_core.shell:Creating package script '/home/vasav/vasav_ws/install/arms/share/arms/package.sh'
[0.533s] INFO:colcon.colcon_core.shell:Creating package script '/home/vasav/vasav_ws/install/arms/share/arms/package.bash'
[0.534s] INFO:colcon.colcon_core.shell:Creating package script '/home/vasav/vasav_ws/install/arms/share/arms/package.zsh'
[0.534s] Level 1:colcon.colcon_core.environment:create_file_with_runtime_dependencies(/home/vasav/vasav_ws/install/arms/share/colcon-core/packages/arms)
[0.537s] Level 1:colcon.colcon_core.environment:create_environment_scripts_only(lidar)
[0.537s] Level 1:colcon.colcon_core.environment:checking '/home/vasav/vasav_ws/install/lidar' for CMake module files
[0.538s] DEBUG:colcon.colcon_core.event_handler.log_command:Invoked command in '/home/vasav/vasav_ws/build/lidar' returned '0': CMAKE_PREFIX_PATH=${CMAKE_PREFIX_PATH}:/opt/ros/jazzy /usr/bin/cmake --install /home/vasav/vasav_ws/build/lidar
[0.538s] Level 1:colcon.colcon_core.environment:checking '/home/vasav/vasav_ws/install/lidar' for CMake config files
[0.539s] Level 1:colcon.colcon_core.shell:create_environment_hook('lidar', 'cmake_prefix_path')
[0.539s] INFO:colcon.colcon_core.shell:Creating environment hook '/home/vasav/vasav_ws/install/lidar/share/lidar/hook/cmake_prefix_path.ps1'
[0.539s] INFO:colcon.colcon_core.shell:Creating environment descriptor '/home/vasav/vasav_ws/install/lidar/share/lidar/hook/cmake_prefix_path.dsv'
[0.540s] INFO:colcon.colcon_core.shell:Creating environment hook '/home/vasav/vasav_ws/install/lidar/share/lidar/hook/cmake_prefix_path.sh'
[0.540s] Level 1:colcon.colcon_core.environment:checking '/home/vasav/vasav_ws/install/lidar/lib'
[0.540s] Level 1:colcon.colcon_core.environment:checking '/home/vasav/vasav_ws/install/lidar/bin'
[0.540s] Level 1:colcon.colcon_core.environment:checking '/home/vasav/vasav_ws/install/lidar/lib/pkgconfig/lidar.pc'
[0.541s] Level 1:colcon.colcon_core.environment:checking '/home/vasav/vasav_ws/install/lidar/lib/python3.12/site-packages'
[0.541s] Level 1:colcon.colcon_core.environment:checking '/home/vasav/vasav_ws/install/lidar/bin'
[0.541s] INFO:colcon.colcon_core.shell:Creating package script '/home/vasav/vasav_ws/install/lidar/share/lidar/package.ps1'
[0.541s] INFO:colcon.colcon_core.shell:Creating package descriptor '/home/vasav/vasav_ws/install/lidar/share/lidar/package.dsv'
[0.542s] INFO:colcon.colcon_core.shell:Creating package script '/home/vasav/vasav_ws/install/lidar/share/lidar/package.sh'
[0.542s] INFO:colcon.colcon_core.shell:Creating package script '/home/vasav/vasav_ws/install/lidar/share/lidar/package.bash'
[0.542s] INFO:colcon.colcon_core.shell:Creating package script '/home/vasav/vasav_ws/install/lidar/share/lidar/package.zsh'
[0.543s] Level 1:colcon.colcon_core.environment:create_file_with_runtime_dependencies(/home/vasav/vasav_ws/install/lidar/share/colcon-core/packages/lidar)
[0.543s] Level 1:colcon.colcon_core.environment:create_environment_scripts_only(lidar)
[0.543s] Level 1:colcon.colcon_core.environment:checking '/home/vasav/vasav_ws/install/lidar' for CMake module files
[0.544s] Level 1:colcon.colcon_core.environment:checking '/home/vasav/vasav_ws/install/lidar' for CMake config files
[0.544s] Level 1:colcon.colcon_core.shell:create_environment_hook('lidar', 'cmake_prefix_path')
[0.544s] INFO:colcon.colcon_core.shell:Creating environment hook '/home/vasav/vasav_ws/install/lidar/share/lidar/hook/cmake_prefix_path.ps1'
[0.545s] INFO:colcon.colcon_core.shell:Creating environment descriptor '/home/vasav/vasav_ws/install/lidar/share/lidar/hook/cmake_prefix_path.dsv'
[0.545s] INFO:colcon.colcon_core.shell:Creating environment hook '/home/vasav/vasav_ws/install/lidar/share/lidar/hook/cmake_prefix_path.sh'
[0.546s] Level 1:colcon.colcon_core.environment:checking '/home/vasav/vasav_ws/install/lidar/lib'
[0.546s] Level 1:colcon.colcon_core.environment:checking '/home/vasav/vasav_ws/install/lidar/bin'
[0.546s] Level 1:colcon.colcon_core.environment:checking '/home/vasav/vasav_ws/install/lidar/lib/pkgconfig/lidar.pc'
[0.546s] Level 1:colcon.colcon_core.environment:checking '/home/vasav/vasav_ws/install/lidar/lib/python3.12/site-packages'
[0.547s] Level 1:colcon.colcon_core.environment:checking '/home/vasav/vasav_ws/install/lidar/bin'
[0.547s] INFO:colcon.colcon_core.shell:Creating package script '/home/vasav/vasav_ws/install/lidar/share/lidar/package.ps1'
[0.547s] INFO:colcon.colcon_core.shell:Creating package descriptor '/home/vasav/vasav_ws/install/lidar/share/lidar/package.dsv'
[0.548s] INFO:colcon.colcon_core.shell:Creating package script '/home/vasav/vasav_ws/install/lidar/share/lidar/package.sh'
[0.548s] INFO:colcon.colcon_core.shell:Creating package script '/home/vasav/vasav_ws/install/lidar/share/lidar/package.bash'
[0.548s] INFO:colcon.colcon_core.shell:Creating package script '/home/vasav/vasav_ws/install/lidar/share/lidar/package.zsh'
[0.549s] Level 1:colcon.colcon_core.environment:create_file_with_runtime_dependencies(/home/vasav/vasav_ws/install/lidar/share/colcon-core/packages/lidar)
[0.549s] Level 1:colcon.colcon_core.environment:create_environment_scripts_only(wheels)
[0.549s] Level 1:colcon.colcon_core.environment:checking '/home/vasav/vasav_ws/install/wheels' for CMake module files
[0.551s] DEBUG:colcon.colcon_core.event_handler.log_command:Invoked command in '/home/vasav/vasav_ws/build/wheels' returned '0': CMAKE_PREFIX_PATH=${CMAKE_PREFIX_PATH}:/opt/ros/jazzy /usr/bin/cmake --install /home/vasav/vasav_ws/build/wheels
[0.551s] Level 1:colcon.colcon_core.environment:checking '/home/vasav/vasav_ws/install/wheels' for CMake config files
[0.551s] Level 1:colcon.colcon_core.shell:create_environment_hook('wheels', 'cmake_prefix_path')
[0.552s] INFO:colcon.colcon_core.shell:Creating environment hook '/home/vasav/vasav_ws/install/wheels/share/wheels/hook/cmake_prefix_path.ps1'
[0.552s] INFO:colcon.colcon_core.shell:Creating environment descriptor '/home/vasav/vasav_ws/install/wheels/share/wheels/hook/cmake_prefix_path.dsv'
[0.552s] INFO:colcon.colcon_core.shell:Creating environment hook '/home/vasav/vasav_ws/install/wheels/share/wheels/hook/cmake_prefix_path.sh'
[0.553s] Level 1:colcon.colcon_core.environment:checking '/home/vasav/vasav_ws/install/wheels/lib'
[0.553s] Level 1:colcon.colcon_core.environment:checking '/home/vasav/vasav_ws/install/wheels/bin'
[0.553s] Level 1:colcon.colcon_core.environment:checking '/home/vasav/vasav_ws/install/wheels/lib/pkgconfig/wheels.pc'
[0.553s] Level 1:colcon.colcon_core.environment:checking '/home/vasav/vasav_ws/install/wheels/lib/python3.12/site-packages'
[0.553s] Level 1:colcon.colcon_core.environment:checking '/home/vasav/vasav_ws/install/wheels/bin'
[0.554s] INFO:colcon.colcon_core.shell:Creating package script '/home/vasav/vasav_ws/install/wheels/share/wheels/package.ps1'
[0.554s] INFO:colcon.colcon_core.shell:Creating package descriptor '/home/vasav/vasav_ws/install/wheels/share/wheels/package.dsv'
[0.555s] INFO:colcon.colcon_core.shell:Creating package script '/home/vasav/vasav_ws/install/wheels/share/wheels/package.sh'
[0.555s] INFO:colcon.colcon_core.shell:Creating package script '/home/vasav/vasav_ws/install/wheels/share/wheels/package.bash'
[0.555s] INFO:colcon.colcon_core.shell:Creating package script '/home/vasav/vasav_ws/install/wheels/share/wheels/package.zsh'
[0.556s] Level 1:colcon.colcon_core.environment:create_file_with_runtime_dependencies(/home/vasav/vasav_ws/install/wheels/share/colcon-core/packages/wheels)
[0.556s] Level 1:colcon.colcon_core.environment:create_environment_scripts_only(wheels)
[0.556s] Level 1:colcon.colcon_core.environment:checking '/home/vasav/vasav_ws/install/wheels' for CMake module files
[0.557s] Level 1:colcon.colcon_core.environment:checking '/home/vasav/vasav_ws/install/wheels' for CMake config files
[0.557s] Level 1:colcon.colcon_core.shell:create_environment_hook('wheels', 'cmake_prefix_path')
[0.557s] INFO:colcon.colcon_core.shell:Creating environment hook '/home/vasav/vasav_ws/install/wheels/share/wheels/hook/cmake_prefix_path.ps1'
[0.557s] INFO:colcon.colcon_core.shell:Creating environment descriptor '/home/vasav/vasav_ws/install/wheels/share/wheels/hook/cmake_prefix_path.dsv'
[0.558s] INFO:colcon.colcon_core.shell:Creating environment hook '/home/vasav/vasav_ws/install/wheels/share/wheels/hook/cmake_prefix_path.sh'
[0.558s] Level 1:colcon.colcon_core.environment:checking '/home/vasav/vasav_ws/install/wheels/lib'
[0.558s] Level 1:colcon.colcon_core.environment:checking '/home/vasav/vasav_ws/install/wheels/bin'
[0.558s] Level 1:colcon.colcon_core.environment:checking '/home/vasav/vasav_ws/install/wheels/lib/pkgconfig/wheels.pc'
[0.559s] Level 1:colcon.colcon_core.environment:checking '/home/vasav/vasav_ws/install/wheels/lib/python3.12/site-packages'
[0.559s] Level 1:colcon.colcon_core.environment:checking '/home/vasav/vasav_ws/install/wheels/bin'
[0.559s] INFO:colcon.colcon_core.shell:Creating package script '/home/vasav/vasav_ws/install/wheels/share/wheels/package.ps1'
[0.560s] INFO:colcon.colcon_core.shell:Creating package descriptor '/home/vasav/vasav_ws/install/wheels/share/wheels/package.dsv'
[0.560s] INFO:colcon.colcon_core.shell:Creating package script '/home/vasav/vasav_ws/install/wheels/share/wheels/package.sh'
[0.561s] INFO:colcon.colcon_core.shell:Creating package script '/home/vasav/vasav_ws/install/wheels/share/wheels/package.bash'
[0.561s] INFO:colcon.colcon_core.shell:Creating package script '/home/vasav/vasav_ws/install/wheels/share/wheels/package.zsh'
[0.561s] Level 1:colcon.colcon_core.environment:create_file_with_runtime_dependencies(/home/vasav/vasav_ws/install/wheels/share/colcon-core/packages/wheels)
[0.562s] DEBUG:colcon.colcon_parallel_executor.executor.parallel:closing loop
[0.563s] DEBUG:colcon.colcon_parallel_executor.executor.parallel:loop closed
[0.563s] DEBUG:colcon.colcon_parallel_executor.executor.parallel:run_until_complete finished with '0'
[0.563s] DEBUG:colcon.colcon_core.event_reactor:joining thread
[0.638s] INFO:colcon.colcon_core.plugin_system:Skipping extension 'colcon_notification.desktop_notification.notify_send': Could not find 'notify-send'
[0.639s] INFO:colcon.colcon_core.plugin_system:Skipping extension 'colcon_notification.desktop_notification.terminal_notifier': Not used on non-Darwin systems
[0.639s] INFO:colcon.colcon_core.plugin_system:Skipping extension 'colcon_notification.desktop_notification.win32': Not used on non-Windows systems
[0.639s] INFO:colcon.colcon_notification.desktop_notification:Sending desktop notification using 'notify2'
[0.640s] DEBUG:colcon.colcon_notification.desktop_notification.notify2:Failed to initialize notify2: org.freedesktop.DBus.Error.ServiceUnknown: The name org.freedesktop.Notifications was not provided by any .service files
[0.640s] DEBUG:colcon.colcon_core.event_reactor:joined thread
[0.641s] INFO:colcon.colcon_core.shell:Creating prefix script '/home/vasav/vasav_ws/install/local_setup.ps1'
[0.641s] INFO:colcon.colcon_core.shell:Creating prefix util module '/home/vasav/vasav_ws/install/_local_setup_util_ps1.py'
[0.642s] INFO:colcon.colcon_core.shell:Creating prefix chain script '/home/vasav/vasav_ws/install/setup.ps1'
[0.643s] INFO:colcon.colcon_core.shell:Creating prefix script '/home/vasav/vasav_ws/install/local_setup.sh'
[0.644s] INFO:colcon.colcon_core.shell:Creating prefix util module '/home/vasav/vasav_ws/install/_local_setup_util_sh.py'
[0.644s] INFO:colcon.colcon_core.shell:Creating prefix chain script '/home/vasav/vasav_ws/install/setup.sh'
[0.645s] INFO:colcon.colcon_core.shell:Creating prefix script '/home/vasav/vasav_ws/install/local_setup.bash'
[0.646s] INFO:colcon.colcon_core.shell:Creating prefix chain script '/home/vasav/vasav_ws/install/setup.bash'
[0.646s] INFO:colcon.colcon_core.shell:Creating prefix script '/home/vasav/vasav_ws/install/local_setup.zsh'
[0.647s] INFO:colcon.colcon_core.shell:Creating prefix chain script '/home/vasav/vasav_ws/install/setup.zsh'
