[0.041s] Invoking command in '/home/vasav/vasav_ws/build/wheels': CMAKE_PREFIX_PATH=${CMAKE_PREFIX_PATH}:/opt/ros/jazzy /usr/bin/cmake --build /home/vasav/vasav_ws/build/wheels -- -j8 -l8
[0.267s] Invoked command in '/home/vasav/vasav_ws/build/wheels' returned '0': CMAKE_PREFIX_PATH=${CMAKE_PREFIX_PATH}:/opt/ros/jazzy /usr/bin/cmake --build /home/vasav/vasav_ws/build/wheels -- -j8 -l8
[0.275s] Invoking command in '/home/vasav/vasav_ws/build/wheels': CMAKE_PREFIX_PATH=${CMAKE_PREFIX_PATH}:/opt/ros/jazzy /usr/bin/cmake --install /home/vasav/vasav_ws/build/wheels
[0.300s] -- Install configuration: ""
[0.300s] -- Up-to-date: /home/vasav/vasav_ws/install/wheels/share/wheels/scripts
[0.301s] -- Installing: /home/vasav/vasav_ws/install/wheels/share/wheels/scripts/wheels.py
[0.302s] -- Installing: /home/vasav/vasav_ws/install/wheels/lib/wheels/wheels.py
[0.302s] -- Up-to-date: /home/vasav/vasav_ws/install/wheels/share/ament_index/resource_index/package_run_dependencies/wheels
[0.303s] -- Up-to-date: /home/vasav/vasav_ws/install/wheels/share/ament_index/resource_index/parent_prefix_path/wheels
[0.303s] -- Up-to-date: /home/vasav/vasav_ws/install/wheels/share/wheels/environment/ament_prefix_path.sh
[0.303s] -- Up-to-date: /home/vasav/vasav_ws/install/wheels/share/wheels/environment/ament_prefix_path.dsv
[0.303s] -- Up-to-date: /home/vasav/vasav_ws/install/wheels/share/wheels/environment/path.sh
[0.304s] -- Up-to-date: /home/vasav/vasav_ws/install/wheels/share/wheels/environment/path.dsv
[0.304s] -- Up-to-date: /home/vasav/vasav_ws/install/wheels/share/wheels/local_setup.bash
[0.304s] -- Up-to-date: /home/vasav/vasav_ws/install/wheels/share/wheels/local_setup.sh
[0.305s] -- Up-to-date: /home/vasav/vasav_ws/install/wheels/share/wheels/local_setup.zsh
[0.305s] -- Up-to-date: /home/vasav/vasav_ws/install/wheels/share/wheels/local_setup.dsv
[0.305s] -- Installing: /home/vasav/vasav_ws/install/wheels/share/wheels/package.dsv
[0.306s] -- Up-to-date: /home/vasav/vasav_ws/install/wheels/share/ament_index/resource_index/packages/wheels
[0.306s] -- Up-to-date: /home/vasav/vasav_ws/install/wheels/share/wheels/cmake/wheelsConfig.cmake
[0.306s] -- Up-to-date: /home/vasav/vasav_ws/install/wheels/share/wheels/cmake/wheelsConfig-version.cmake
[0.306s] -- Up-to-date: /home/vasav/vasav_ws/install/wheels/share/wheels/package.xml
[0.389s] Invoked command in '/home/vasav/vasav_ws/build/wheels' returned '0': CMAKE_PREFIX_PATH=${CMAKE_PREFIX_PATH}:/opt/ros/jazzy /usr/bin/cmake --install /home/vasav/vasav_ws/build/wheels
