[0.030s] Invoking command in '/home/vasav/vasav_ws/build/arms': CMAKE_PREFIX_PATH=${CMAKE_PREFIX_PATH}:/opt/ros/jazzy /usr/bin/cmake --build /home/vasav/vasav_ws/build/arms -- -j8 -l8
[0.084s] -- Found ament_cmake: 2.5.4 (/opt/ros/jazzy/share/ament_cmake/cmake)
[0.659s] -- Found rclcpp: 28.1.11 (/opt/ros/jazzy/share/rclcpp/cmake)
[0.942s] -- Found rosidl_generator_c: 4.6.6 (/opt/ros/jazzy/share/rosidl_generator_c/cmake)
[0.961s] -- Found rosidl_generator_cpp: 4.6.6 (/opt/ros/jazzy/share/rosidl_generator_cpp/cmake)
[0.996s] -- Using all available rosidl_typesupport_c: rosidl_typesupport_fastrtps_c;rosidl_typesupport_introspection_c
[1.029s] -- Using all available rosidl_typesupport_cpp: rosidl_typesupport_fastrtps_cpp;rosidl_typesupport_introspection_cpp
[1.168s] -- Found rmw_implementation_cmake: 7.3.2 (/opt/ros/jazzy/share/rmw_implementation_cmake/cmake)
[1.172s] -- Found rmw_fastrtps_cpp: 8.4.3 (/opt/ros/jazzy/share/rmw_fastrtps_cpp/cmake)
[1.582s] -- Using RMW implementation 'rmw_fastrtps_cpp' as default
[1.905s] -- Found std_msgs: 5.3.6 (/opt/ros/jazzy/share/std_msgs/cmake)
[1.936s] -- Found sensor_msgs: 5.3.6 (/opt/ros/jazzy/share/sensor_msgs/cmake)
[2.019s] -- Found cv_bridge: 4.1.0 (/opt/ros/jazzy/share/cv_bridge/cmake)
[2.039s] -- Found ament_lint_auto: 0.17.3 (/opt/ros/jazzy/share/ament_lint_auto/cmake)
[2.164s] -- Added test 'flake8' to check Python code syntax and style conventions
[2.164s] -- Configured 'flake8' exclude dirs and/or files: 
[2.164s] -- Added test 'lint_cmake' to check CMake code style
[2.165s] -- Added test 'pep257' to check Python code against some of the docstring style conventions in PEP 257
[2.167s] -- Added test 'xmllint' to check XML markup files
[2.171s] -- Configuring done (2.1s)
[2.190s] -- Generating done (0.0s)
[2.194s] -- Build files have been written to: /home/vasav/vasav_ws/build/arms
[2.224s] Invoked command in '/home/vasav/vasav_ws/build/arms' returned '0': CMAKE_PREFIX_PATH=${CMAKE_PREFIX_PATH}:/opt/ros/jazzy /usr/bin/cmake --build /home/vasav/vasav_ws/build/arms -- -j8 -l8
[2.226s] Invoking command in '/home/vasav/vasav_ws/build/arms': CMAKE_PREFIX_PATH=${CMAKE_PREFIX_PATH}:/opt/ros/jazzy /usr/bin/cmake --install /home/vasav/vasav_ws/build/arms
[2.235s] -- Install configuration: ""
[2.235s] -- Up-to-date: /home/vasav/vasav_ws/install/arms/share/arms/scripts
[2.235s] -- Up-to-date: /home/vasav/vasav_ws/install/arms/share/arms/scripts/arms.py
[2.235s] -- Installing: /home/vasav/vasav_ws/install/arms/share/arms/launch
[2.235s] -- Installing: /home/vasav/vasav_ws/install/arms/share/arms/launch/robot.launch.py
[2.235s] -- Up-to-date: /home/vasav/vasav_ws/install/arms/lib/arms/arms.py
[2.236s] -- Up-to-date: /home/vasav/vasav_ws/install/arms/share/ament_index/resource_index/package_run_dependencies/arms
[2.236s] -- Up-to-date: /home/vasav/vasav_ws/install/arms/share/ament_index/resource_index/parent_prefix_path/arms
[2.236s] -- Up-to-date: /home/vasav/vasav_ws/install/arms/share/arms/environment/ament_prefix_path.sh
[2.236s] -- Up-to-date: /home/vasav/vasav_ws/install/arms/share/arms/environment/ament_prefix_path.dsv
[2.236s] -- Up-to-date: /home/vasav/vasav_ws/install/arms/share/arms/environment/path.sh
[2.236s] -- Up-to-date: /home/vasav/vasav_ws/install/arms/share/arms/environment/path.dsv
[2.237s] -- Up-to-date: /home/vasav/vasav_ws/install/arms/share/arms/local_setup.bash
[2.237s] -- Up-to-date: /home/vasav/vasav_ws/install/arms/share/arms/local_setup.sh
[2.237s] -- Up-to-date: /home/vasav/vasav_ws/install/arms/share/arms/local_setup.zsh
[2.237s] -- Up-to-date: /home/vasav/vasav_ws/install/arms/share/arms/local_setup.dsv
[2.237s] -- Installing: /home/vasav/vasav_ws/install/arms/share/arms/package.dsv
[2.237s] -- Up-to-date: /home/vasav/vasav_ws/install/arms/share/ament_index/resource_index/packages/arms
[2.237s] -- Up-to-date: /home/vasav/vasav_ws/install/arms/share/arms/cmake/armsConfig.cmake
[2.237s] -- Up-to-date: /home/vasav/vasav_ws/install/arms/share/arms/cmake/armsConfig-version.cmake
[2.237s] -- Up-to-date: /home/vasav/vasav_ws/install/arms/share/arms/package.xml
[2.239s] Invoked command in '/home/vasav/vasav_ws/build/arms' returned '0': CMAKE_PREFIX_PATH=${CMAKE_PREFIX_PATH}:/opt/ros/jazzy /usr/bin/cmake --install /home/vasav/vasav_ws/build/arms
