[0.535s] DEBUG:colcon:Command line arguments: ['/usr/bin/colcon', 'build']
[0.535s] DEBUG:colcon:Parsed command line arguments: Namespace(log_base=None, log_level=None, verb_name='build', build_base='build', install_base='install', merge_install=False, symlink_install=False, test_result_base=None, continue_on_error=False, executor='parallel', parallel_workers=8, event_handlers=None, ignore_user_meta=False, metas=['./colcon.meta'], base_paths=['.'], packages_ignore=None, packages_ignore_regex=None, paths=None, packages_up_to=None, packages_up_to_regex=None, packages_above=None, packages_above_and_dependencies=None, packages_above_depth=None, packages_select_by_dep=None, packages_skip_by_dep=None, packages_skip_up_to=None, packages_select_build_failed=False, packages_skip_build_finished=False, packages_select_test_failures=False, packages_skip_test_passed=False, packages_select=None, packages_skip=None, packages_select_regex=None, packages_skip_regex=None, packages_start=None, packages_end=None, allow_overriding=[], cmake_args=None, cmake_target=None, cmake_target_skip_unavailable=False, cmake_clean_cache=False, cmake_clean_first=False, cmake_force_configure=False, ament_cmake_args=None, catkin_cmake_args=None, catkin_skip_building_tests=False, mixin_files=None, mixin=None, verb_parser=<colcon_mixin.mixin.mixin_argument.MixinArgumentDecorator object at 0x7bab59574fb0>, verb_extension=<colcon_core.verb.build.BuildVerb object at 0x7bab59574b90>, main=<bound method BuildVerb.main of <colcon_core.verb.build.BuildVerb object at 0x7bab59574b90>>, mixin_verb=('build',))
[0.655s] Level 1:colcon.colcon_core.package_discovery:discover_packages(colcon_meta) check parameters
[0.655s] Level 1:colcon.colcon_core.package_discovery:discover_packages(recursive) check parameters
[0.655s] Level 1:colcon.colcon_core.package_discovery:discover_packages(ignore) check parameters
[0.655s] Level 1:colcon.colcon_core.package_discovery:discover_packages(path) check parameters
[0.655s] Level 1:colcon.colcon_core.package_discovery:discover_packages(colcon_meta) discover
[0.655s] Level 1:colcon.colcon_core.package_discovery:discover_packages(recursive) discover
[0.655s] INFO:colcon.colcon_core.package_discovery:Crawling recursively for packages in '/home/vasav/vasav_ws'
[0.655s] Level 1:colcon.colcon_core.package_identification:_identify(.) by extensions ['ignore', 'ignore_ament_install']
[0.655s] Level 1:colcon.colcon_core.package_identification:_identify(.) by extension 'ignore'
[0.655s] Level 1:colcon.colcon_core.package_identification:_identify(.) by extension 'ignore_ament_install'
[0.656s] Level 1:colcon.colcon_core.package_identification:_identify(.) by extensions ['colcon_pkg']
[0.656s] Level 1:colcon.colcon_core.package_identification:_identify(.) by extension 'colcon_pkg'
[0.656s] Level 1:colcon.colcon_core.package_identification:_identify(.) by extensions ['colcon_meta']
[0.656s] Level 1:colcon.colcon_core.package_identification:_identify(.) by extension 'colcon_meta'
[0.656s] Level 1:colcon.colcon_core.package_identification:_identify(.) by extensions ['ros']
[0.656s] Level 1:colcon.colcon_core.package_identification:_identify(.) by extension 'ros'
[0.709s] Level 1:colcon.colcon_core.package_identification:_identify(.) by extensions ['cmake', 'python']
[0.709s] Level 1:colcon.colcon_core.package_identification:_identify(.) by extension 'cmake'
[0.709s] Level 1:colcon.colcon_core.package_identification:_identify(.) by extension 'python'
[0.709s] Level 1:colcon.colcon_core.package_identification:_identify(.) by extensions ['python_setup_py']
[0.709s] Level 1:colcon.colcon_core.package_identification:_identify(.) by extension 'python_setup_py'
[0.710s] Level 1:colcon.colcon_core.package_identification:_identify(build) by extensions ['ignore', 'ignore_ament_install']
[0.710s] Level 1:colcon.colcon_core.package_identification:_identify(build) by extension 'ignore'
[0.710s] Level 1:colcon.colcon_core.package_identification:_identify(build) ignored
[0.710s] Level 1:colcon.colcon_core.package_identification:_identify(install) by extensions ['ignore', 'ignore_ament_install']
[0.710s] Level 1:colcon.colcon_core.package_identification:_identify(install) by extension 'ignore'
[0.710s] Level 1:colcon.colcon_core.package_identification:_identify(install) ignored
[0.711s] Level 1:colcon.colcon_core.package_identification:_identify(log) by extensions ['ignore', 'ignore_ament_install']
[0.711s] Level 1:colcon.colcon_core.package_identification:_identify(log) by extension 'ignore'
[0.711s] Level 1:colcon.colcon_core.package_identification:_identify(log) ignored
[0.711s] Level 1:colcon.colcon_core.package_identification:_identify(src) by extensions ['ignore', 'ignore_ament_install']
[0.711s] Level 1:colcon.colcon_core.package_identification:_identify(src) by extension 'ignore'
[0.711s] Level 1:colcon.colcon_core.package_identification:_identify(src) by extension 'ignore_ament_install'
[0.711s] Level 1:colcon.colcon_core.package_identification:_identify(src) by extensions ['colcon_pkg']
[0.711s] Level 1:colcon.colcon_core.package_identification:_identify(src) by extension 'colcon_pkg'
[0.711s] Level 1:colcon.colcon_core.package_identification:_identify(src) by extensions ['colcon_meta']
[0.711s] Level 1:colcon.colcon_core.package_identification:_identify(src) by extension 'colcon_meta'
[0.711s] Level 1:colcon.colcon_core.package_identification:_identify(src) by extensions ['ros']
[0.711s] Level 1:colcon.colcon_core.package_identification:_identify(src) by extension 'ros'
[0.711s] Level 1:colcon.colcon_core.package_identification:_identify(src) by extensions ['cmake', 'python']
[0.711s] Level 1:colcon.colcon_core.package_identification:_identify(src) by extension 'cmake'
[0.711s] Level 1:colcon.colcon_core.package_identification:_identify(src) by extension 'python'
[0.711s] Level 1:colcon.colcon_core.package_identification:_identify(src) by extensions ['python_setup_py']
[0.711s] Level 1:colcon.colcon_core.package_identification:_identify(src) by extension 'python_setup_py'
[0.711s] Level 1:colcon.colcon_core.package_identification:_identify(src/arms) by extensions ['ignore', 'ignore_ament_install']
[0.711s] Level 1:colcon.colcon_core.package_identification:_identify(src/arms) by extension 'ignore'
[0.712s] Level 1:colcon.colcon_core.package_identification:_identify(src/arms) by extension 'ignore_ament_install'
[0.712s] Level 1:colcon.colcon_core.package_identification:_identify(src/arms) by extensions ['colcon_pkg']
[0.712s] Level 1:colcon.colcon_core.package_identification:_identify(src/arms) by extension 'colcon_pkg'
[0.712s] Level 1:colcon.colcon_core.package_identification:_identify(src/arms) by extensions ['colcon_meta']
[0.712s] Level 1:colcon.colcon_core.package_identification:_identify(src/arms) by extension 'colcon_meta'
[0.712s] Level 1:colcon.colcon_core.package_identification:_identify(src/arms) by extensions ['ros']
[0.712s] Level 1:colcon.colcon_core.package_identification:_identify(src/arms) by extension 'ros'
[0.717s] DEBUG:colcon.colcon_core.package_identification:Package 'src/arms' with type 'ros.ament_cmake' and name 'arms'
[0.718s] Level 1:colcon.colcon_core.package_identification:_identify(src/lidar) by extensions ['ignore', 'ignore_ament_install']
[0.718s] Level 1:colcon.colcon_core.package_identification:_identify(src/lidar) by extension 'ignore'
[0.718s] Level 1:colcon.colcon_core.package_identification:_identify(src/lidar) by extension 'ignore_ament_install'
[0.718s] Level 1:colcon.colcon_core.package_identification:_identify(src/lidar) by extensions ['colcon_pkg']
[0.718s] Level 1:colcon.colcon_core.package_identification:_identify(src/lidar) by extension 'colcon_pkg'
[0.718s] Level 1:colcon.colcon_core.package_identification:_identify(src/lidar) by extensions ['colcon_meta']
[0.718s] Level 1:colcon.colcon_core.package_identification:_identify(src/lidar) by extension 'colcon_meta'
[0.718s] Level 1:colcon.colcon_core.package_identification:_identify(src/lidar) by extensions ['ros']
[0.718s] Level 1:colcon.colcon_core.package_identification:_identify(src/lidar) by extension 'ros'
[0.720s] DEBUG:colcon.colcon_core.package_identification:Package 'src/lidar' with type 'ros.ament_cmake' and name 'lidar'
[0.720s] Level 1:colcon.colcon_core.package_identification:_identify(src/wheels) by extensions ['ignore', 'ignore_ament_install']
[0.720s] Level 1:colcon.colcon_core.package_identification:_identify(src/wheels) by extension 'ignore'
[0.720s] Level 1:colcon.colcon_core.package_identification:_identify(src/wheels) by extension 'ignore_ament_install'
[0.720s] Level 1:colcon.colcon_core.package_identification:_identify(src/wheels) by extensions ['colcon_pkg']
[0.721s] Level 1:colcon.colcon_core.package_identification:_identify(src/wheels) by extension 'colcon_pkg'
[0.721s] Level 1:colcon.colcon_core.package_identification:_identify(src/wheels) by extensions ['colcon_meta']
[0.721s] Level 1:colcon.colcon_core.package_identification:_identify(src/wheels) by extension 'colcon_meta'
[0.721s] Level 1:colcon.colcon_core.package_identification:_identify(src/wheels) by extensions ['ros']
[0.721s] Level 1:colcon.colcon_core.package_identification:_identify(src/wheels) by extension 'ros'
[0.722s] DEBUG:colcon.colcon_core.package_identification:Package 'src/wheels' with type 'ros.ament_cmake' and name 'wheels'
[0.722s] Level 1:colcon.colcon_core.package_discovery:discover_packages(recursive) using defaults
[0.722s] Level 1:colcon.colcon_core.package_discovery:discover_packages(ignore) discover
[0.722s] Level 1:colcon.colcon_core.package_discovery:discover_packages(ignore) using defaults
[0.722s] Level 1:colcon.colcon_core.package_discovery:discover_packages(path) discover
[0.722s] Level 1:colcon.colcon_core.package_discovery:discover_packages(path) using defaults
[0.764s] Level 1:colcon.colcon_core.package_discovery:discover_packages(prefix_path) check parameters
[0.764s] Level 1:colcon.colcon_core.package_discovery:discover_packages(prefix_path) discover
[0.772s] DEBUG:colcon.colcon_installed_package_information.package_discovery:Found 3 installed packages in /home/vasav/vasav_ws/install
[0.775s] DEBUG:colcon.colcon_installed_package_information.package_discovery:Found 286 installed packages in /opt/ros/jazzy
[0.776s] Level 1:colcon.colcon_core.package_discovery:discover_packages(prefix_path) using defaults
[0.944s] Level 5:colcon.colcon_core.verb:set package 'arms' build argument 'cmake_args' from command line to 'None'
[0.944s] Level 5:colcon.colcon_core.verb:set package 'arms' build argument 'cmake_target' from command line to 'None'
[0.944s] Level 5:colcon.colcon_core.verb:set package 'arms' build argument 'cmake_target_skip_unavailable' from command line to 'False'
[0.944s] Level 5:colcon.colcon_core.verb:set package 'arms' build argument 'cmake_clean_cache' from command line to 'False'
[0.944s] Level 5:colcon.colcon_core.verb:set package 'arms' build argument 'cmake_clean_first' from command line to 'False'
[0.944s] Level 5:colcon.colcon_core.verb:set package 'arms' build argument 'cmake_force_configure' from command line to 'False'
[0.944s] Level 5:colcon.colcon_core.verb:set package 'arms' build argument 'ament_cmake_args' from command line to 'None'
[0.944s] Level 5:colcon.colcon_core.verb:set package 'arms' build argument 'catkin_cmake_args' from command line to 'None'
[0.944s] Level 5:colcon.colcon_core.verb:set package 'arms' build argument 'catkin_skip_building_tests' from command line to 'False'
[0.944s] DEBUG:colcon.colcon_core.verb:Building package 'arms' with the following arguments: {'ament_cmake_args': None, 'build_base': '/home/vasav/vasav_ws/build/arms', 'catkin_cmake_args': None, 'catkin_skip_building_tests': False, 'cmake_args': None, 'cmake_clean_cache': False, 'cmake_clean_first': False, 'cmake_force_configure': False, 'cmake_target': None, 'cmake_target_skip_unavailable': False, 'install_base': '/home/vasav/vasav_ws/install/arms', 'merge_install': False, 'path': '/home/vasav/vasav_ws/src/arms', 'symlink_install': False, 'test_result_base': None}
[0.944s] Level 5:colcon.colcon_core.verb:set package 'lidar' build argument 'cmake_args' from command line to 'None'
[0.945s] Level 5:colcon.colcon_core.verb:set package 'lidar' build argument 'cmake_target' from command line to 'None'
[0.945s] Level 5:colcon.colcon_core.verb:set package 'lidar' build argument 'cmake_target_skip_unavailable' from command line to 'False'
[0.945s] Level 5:colcon.colcon_core.verb:set package 'lidar' build argument 'cmake_clean_cache' from command line to 'False'
[0.945s] Level 5:colcon.colcon_core.verb:set package 'lidar' build argument 'cmake_clean_first' from command line to 'False'
[0.945s] Level 5:colcon.colcon_core.verb:set package 'lidar' build argument 'cmake_force_configure' from command line to 'False'
[0.945s] Level 5:colcon.colcon_core.verb:set package 'lidar' build argument 'ament_cmake_args' from command line to 'None'
[0.945s] Level 5:colcon.colcon_core.verb:set package 'lidar' build argument 'catkin_cmake_args' from command line to 'None'
[0.945s] Level 5:colcon.colcon_core.verb:set package 'lidar' build argument 'catkin_skip_building_tests' from command line to 'False'
[0.945s] DEBUG:colcon.colcon_core.verb:Building package 'lidar' with the following arguments: {'ament_cmake_args': None, 'build_base': '/home/vasav/vasav_ws/build/lidar', 'catkin_cmake_args': None, 'catkin_skip_building_tests': False, 'cmake_args': None, 'cmake_clean_cache': False, 'cmake_clean_first': False, 'cmake_force_configure': False, 'cmake_target': None, 'cmake_target_skip_unavailable': False, 'install_base': '/home/vasav/vasav_ws/install/lidar', 'merge_install': False, 'path': '/home/vasav/vasav_ws/src/lidar', 'symlink_install': False, 'test_result_base': None}
[0.945s] Level 5:colcon.colcon_core.verb:set package 'wheels' build argument 'cmake_args' from command line to 'None'
[0.945s] Level 5:colcon.colcon_core.verb:set package 'wheels' build argument 'cmake_target' from command line to 'None'
[0.945s] Level 5:colcon.colcon_core.verb:set package 'wheels' build argument 'cmake_target_skip_unavailable' from command line to 'False'
[0.945s] Level 5:colcon.colcon_core.verb:set package 'wheels' build argument 'cmake_clean_cache' from command line to 'False'
[0.945s] Level 5:colcon.colcon_core.verb:set package 'wheels' build argument 'cmake_clean_first' from command line to 'False'
[0.945s] Level 5:colcon.colcon_core.verb:set package 'wheels' build argument 'cmake_force_configure' from command line to 'False'
[0.945s] Level 5:colcon.colcon_core.verb:set package 'wheels' build argument 'ament_cmake_args' from command line to 'None'
[0.945s] Level 5:colcon.colcon_core.verb:set package 'wheels' build argument 'catkin_cmake_args' from command line to 'None'
[0.945s] Level 5:colcon.colcon_core.verb:set package 'wheels' build argument 'catkin_skip_building_tests' from command line to 'False'
[0.945s] DEBUG:colcon.colcon_core.verb:Building package 'wheels' with the following arguments: {'ament_cmake_args': None, 'build_base': '/home/vasav/vasav_ws/build/wheels', 'catkin_cmake_args': None, 'catkin_skip_building_tests': False, 'cmake_args': None, 'cmake_clean_cache': False, 'cmake_clean_first': False, 'cmake_force_configure': False, 'cmake_target': None, 'cmake_target_skip_unavailable': False, 'install_base': '/home/vasav/vasav_ws/install/wheels', 'merge_install': False, 'path': '/home/vasav/vasav_ws/src/wheels', 'symlink_install': False, 'test_result_base': None}
[0.945s] INFO:colcon.colcon_core.executor:Executing jobs using 'parallel' executor
[0.946s] DEBUG:colcon.colcon_parallel_executor.executor.parallel:run_until_complete
[0.946s] INFO:colcon.colcon_ros.task.ament_cmake.build:Building ROS package in '/home/vasav/vasav_ws/src/arms' with build type 'ament_cmake'
[0.946s] INFO:colcon.colcon_cmake.task.cmake.build:Building CMake package in '/home/vasav/vasav_ws/src/arms'
[0.957s] INFO:colcon.colcon_core.plugin_system:Skipping extension 'colcon_core.shell.bat': Not used on non-Windows systems
[0.958s] INFO:colcon.colcon_core.shell:Skip shell extension 'powershell' for command environment: Not usable outside of PowerShell
[0.958s] DEBUG:colcon.colcon_core.shell:Skip shell extension 'dsv' for command environment
[0.966s] INFO:colcon.colcon_ros.task.ament_cmake.build:Building ROS package in '/home/vasav/vasav_ws/src/lidar' with build type 'ament_cmake'
[0.966s] INFO:colcon.colcon_cmake.task.cmake.build:Building CMake package in '/home/vasav/vasav_ws/src/lidar'
[0.966s] INFO:colcon.colcon_core.shell:Skip shell extension 'powershell' for command environment: Not usable outside of PowerShell
[0.966s] DEBUG:colcon.colcon_core.shell:Skip shell extension 'dsv' for command environment
[0.969s] INFO:colcon.colcon_ros.task.ament_cmake.build:Building ROS package in '/home/vasav/vasav_ws/src/wheels' with build type 'ament_cmake'
[0.969s] INFO:colcon.colcon_cmake.task.cmake.build:Building CMake package in '/home/vasav/vasav_ws/src/wheels'
[0.970s] INFO:colcon.colcon_core.shell:Skip shell extension 'powershell' for command environment: Not usable outside of PowerShell
[0.970s] DEBUG:colcon.colcon_core.shell:Skip shell extension 'dsv' for command environment
[0.986s] DEBUG:colcon.colcon_core.event_handler.log_command:Invoking command in '/home/vasav/vasav_ws/build/arms': CMAKE_PREFIX_PATH=${CMAKE_PREFIX_PATH}:/opt/ros/jazzy /usr/bin/cmake --build /home/vasav/vasav_ws/build/arms -- -j8 -l8
[0.992s] DEBUG:colcon.colcon_core.event_handler.log_command:Invoking command in '/home/vasav/vasav_ws/build/lidar': CMAKE_PREFIX_PATH=${CMAKE_PREFIX_PATH}:/opt/ros/jazzy /usr/bin/cmake --build /home/vasav/vasav_ws/build/lidar -- -j8 -l8
[1.002s] DEBUG:colcon.colcon_core.event_handler.log_command:Invoking command in '/home/vasav/vasav_ws/build/wheels': CMAKE_PREFIX_PATH=${CMAKE_PREFIX_PATH}:/opt/ros/jazzy /usr/bin/cmake --build /home/vasav/vasav_ws/build/wheels -- -j8 -l8
[1.131s] DEBUG:colcon.colcon_core.event_handler.log_command:Invoked command in '/home/vasav/vasav_ws/build/lidar' returned '0': CMAKE_PREFIX_PATH=${CMAKE_PREFIX_PATH}:/opt/ros/jazzy /usr/bin/cmake --build /home/vasav/vasav_ws/build/lidar -- -j8 -l8
[1.145s] DEBUG:colcon.colcon_core.event_handler.log_command:Invoking command in '/home/vasav/vasav_ws/build/lidar': CMAKE_PREFIX_PATH=${CMAKE_PREFIX_PATH}:/opt/ros/jazzy /usr/bin/cmake --install /home/vasav/vasav_ws/build/lidar
[1.148s] DEBUG:colcon.colcon_core.event_handler.log_command:Invoked command in '/home/vasav/vasav_ws/build/arms' returned '0': CMAKE_PREFIX_PATH=${CMAKE_PREFIX_PATH}:/opt/ros/jazzy /usr/bin/cmake --build /home/vasav/vasav_ws/build/arms -- -j8 -l8
[1.151s] DEBUG:colcon.colcon_core.event_handler.log_command:Invoking command in '/home/vasav/vasav_ws/build/arms': CMAKE_PREFIX_PATH=${CMAKE_PREFIX_PATH}:/opt/ros/jazzy /usr/bin/cmake --install /home/vasav/vasav_ws/build/arms
[1.152s] DEBUG:colcon.colcon_core.event_handler.log_command:Invoked command in '/home/vasav/vasav_ws/build/wheels' returned '0': CMAKE_PREFIX_PATH=${CMAKE_PREFIX_PATH}:/opt/ros/jazzy /usr/bin/cmake --build /home/vasav/vasav_ws/build/wheels -- -j8 -l8
[1.154s] DEBUG:colcon.colcon_core.event_handler.log_command:Invoking command in '/home/vasav/vasav_ws/build/wheels': CMAKE_PREFIX_PATH=${CMAKE_PREFIX_PATH}:/opt/ros/jazzy /usr/bin/cmake --install /home/vasav/vasav_ws/build/wheels
[1.175s] Level 1:colcon.colcon_core.environment:create_environment_scripts_only(lidar)
[1.176s] DEBUG:colcon.colcon_core.event_handler.log_command:Invoked command in '/home/vasav/vasav_ws/build/lidar' returned '0': CMAKE_PREFIX_PATH=${CMAKE_PREFIX_PATH}:/opt/ros/jazzy /usr/bin/cmake --install /home/vasav/vasav_ws/build/lidar
[1.184s] Level 1:colcon.colcon_core.environment:checking '/home/vasav/vasav_ws/install/lidar' for CMake module files
[1.185s] Level 1:colcon.colcon_core.environment:checking '/home/vasav/vasav_ws/install/lidar' for CMake config files
[1.188s] Level 1:colcon.colcon_core.shell:create_environment_hook('lidar', 'cmake_prefix_path')
[1.189s] INFO:colcon.colcon_core.shell:Creating environment hook '/home/vasav/vasav_ws/install/lidar/share/lidar/hook/cmake_prefix_path.ps1'
[1.190s] INFO:colcon.colcon_core.shell:Creating environment descriptor '/home/vasav/vasav_ws/install/lidar/share/lidar/hook/cmake_prefix_path.dsv'
[1.190s] INFO:colcon.colcon_core.shell:Creating environment hook '/home/vasav/vasav_ws/install/lidar/share/lidar/hook/cmake_prefix_path.sh'
[1.192s] Level 1:colcon.colcon_core.environment:checking '/home/vasav/vasav_ws/install/lidar/lib'
[1.192s] Level 1:colcon.colcon_core.environment:checking '/home/vasav/vasav_ws/install/lidar/bin'
[1.192s] Level 1:colcon.colcon_core.environment:checking '/home/vasav/vasav_ws/install/lidar/lib/pkgconfig/lidar.pc'
[1.192s] Level 1:colcon.colcon_core.environment:checking '/home/vasav/vasav_ws/install/lidar/lib/python3.12/site-packages'
[1.193s] Level 1:colcon.colcon_core.environment:checking '/home/vasav/vasav_ws/install/lidar/bin'
[1.193s] INFO:colcon.colcon_core.shell:Creating package script '/home/vasav/vasav_ws/install/lidar/share/lidar/package.ps1'
[1.194s] INFO:colcon.colcon_core.shell:Creating package descriptor '/home/vasav/vasav_ws/install/lidar/share/lidar/package.dsv'
[1.195s] INFO:colcon.colcon_core.shell:Creating package script '/home/vasav/vasav_ws/install/lidar/share/lidar/package.sh'
[1.196s] INFO:colcon.colcon_core.shell:Creating package script '/home/vasav/vasav_ws/install/lidar/share/lidar/package.bash'
[1.197s] INFO:colcon.colcon_core.shell:Creating package script '/home/vasav/vasav_ws/install/lidar/share/lidar/package.zsh'
[1.198s] Level 1:colcon.colcon_core.environment:create_file_with_runtime_dependencies(/home/vasav/vasav_ws/install/lidar/share/colcon-core/packages/lidar)
[1.198s] Level 1:colcon.colcon_core.environment:create_environment_scripts_only(lidar)
[1.198s] Level 1:colcon.colcon_core.environment:checking '/home/vasav/vasav_ws/install/lidar' for CMake module files
[1.199s] Level 1:colcon.colcon_core.environment:checking '/home/vasav/vasav_ws/install/lidar' for CMake config files
[1.199s] Level 1:colcon.colcon_core.shell:create_environment_hook('lidar', 'cmake_prefix_path')
[1.199s] INFO:colcon.colcon_core.shell:Creating environment hook '/home/vasav/vasav_ws/install/lidar/share/lidar/hook/cmake_prefix_path.ps1'
[1.200s] INFO:colcon.colcon_core.shell:Creating environment descriptor '/home/vasav/vasav_ws/install/lidar/share/lidar/hook/cmake_prefix_path.dsv'
[1.200s] INFO:colcon.colcon_core.shell:Creating environment hook '/home/vasav/vasav_ws/install/lidar/share/lidar/hook/cmake_prefix_path.sh'
[1.201s] Level 1:colcon.colcon_core.environment:checking '/home/vasav/vasav_ws/install/lidar/lib'
[1.201s] Level 1:colcon.colcon_core.environment:checking '/home/vasav/vasav_ws/install/lidar/bin'
[1.201s] Level 1:colcon.colcon_core.environment:checking '/home/vasav/vasav_ws/install/lidar/lib/pkgconfig/lidar.pc'
[1.201s] Level 1:colcon.colcon_core.environment:checking '/home/vasav/vasav_ws/install/lidar/lib/python3.12/site-packages'
[1.201s] Level 1:colcon.colcon_core.environment:checking '/home/vasav/vasav_ws/install/lidar/bin'
[1.202s] INFO:colcon.colcon_core.shell:Creating package script '/home/vasav/vasav_ws/install/lidar/share/lidar/package.ps1'
[1.202s] INFO:colcon.colcon_core.shell:Creating package descriptor '/home/vasav/vasav_ws/install/lidar/share/lidar/package.dsv'
[1.203s] INFO:colcon.colcon_core.shell:Creating package script '/home/vasav/vasav_ws/install/lidar/share/lidar/package.sh'
[1.203s] INFO:colcon.colcon_core.shell:Creating package script '/home/vasav/vasav_ws/install/lidar/share/lidar/package.bash'
[1.203s] INFO:colcon.colcon_core.shell:Creating package script '/home/vasav/vasav_ws/install/lidar/share/lidar/package.zsh'
[1.204s] Level 1:colcon.colcon_core.environment:create_file_with_runtime_dependencies(/home/vasav/vasav_ws/install/lidar/share/colcon-core/packages/lidar)
[1.206s] Level 1:colcon.colcon_core.environment:create_environment_scripts_only(arms)
[1.206s] Level 1:colcon.colcon_core.environment:checking '/home/vasav/vasav_ws/install/arms' for CMake module files
[1.207s] DEBUG:colcon.colcon_core.event_handler.log_command:Invoked command in '/home/vasav/vasav_ws/build/arms' returned '0': CMAKE_PREFIX_PATH=${CMAKE_PREFIX_PATH}:/opt/ros/jazzy /usr/bin/cmake --install /home/vasav/vasav_ws/build/arms
[1.208s] Level 1:colcon.colcon_core.environment:checking '/home/vasav/vasav_ws/install/arms' for CMake config files
[1.213s] Level 1:colcon.colcon_core.shell:create_environment_hook('arms', 'cmake_prefix_path')
[1.214s] INFO:colcon.colcon_core.shell:Creating environment hook '/home/vasav/vasav_ws/install/arms/share/arms/hook/cmake_prefix_path.ps1'
[1.214s] INFO:colcon.colcon_core.shell:Creating environment descriptor '/home/vasav/vasav_ws/install/arms/share/arms/hook/cmake_prefix_path.dsv'
[1.215s] INFO:colcon.colcon_core.shell:Creating environment hook '/home/vasav/vasav_ws/install/arms/share/arms/hook/cmake_prefix_path.sh'
[1.216s] Level 1:colcon.colcon_core.environment:checking '/home/vasav/vasav_ws/install/arms/lib'
[1.216s] Level 1:colcon.colcon_core.environment:checking '/home/vasav/vasav_ws/install/arms/bin'
[1.216s] Level 1:colcon.colcon_core.environment:checking '/home/vasav/vasav_ws/install/arms/lib/pkgconfig/arms.pc'
[1.217s] Level 1:colcon.colcon_core.environment:checking '/home/vasav/vasav_ws/install/arms/lib/python3.12/site-packages'
[1.217s] Level 1:colcon.colcon_core.environment:checking '/home/vasav/vasav_ws/install/arms/bin'
[1.217s] INFO:colcon.colcon_core.shell:Creating package script '/home/vasav/vasav_ws/install/arms/share/arms/package.ps1'
[1.217s] INFO:colcon.colcon_core.shell:Creating package descriptor '/home/vasav/vasav_ws/install/arms/share/arms/package.dsv'
[1.218s] INFO:colcon.colcon_core.shell:Creating package script '/home/vasav/vasav_ws/install/arms/share/arms/package.sh'
[1.218s] INFO:colcon.colcon_core.shell:Creating package script '/home/vasav/vasav_ws/install/arms/share/arms/package.bash'
[1.218s] INFO:colcon.colcon_core.shell:Creating package script '/home/vasav/vasav_ws/install/arms/share/arms/package.zsh'
[1.219s] Level 1:colcon.colcon_core.environment:create_file_with_runtime_dependencies(/home/vasav/vasav_ws/install/arms/share/colcon-core/packages/arms)
[1.219s] Level 1:colcon.colcon_core.environment:create_environment_scripts_only(arms)
[1.219s] Level 1:colcon.colcon_core.environment:checking '/home/vasav/vasav_ws/install/arms' for CMake module files
[1.220s] Level 1:colcon.colcon_core.environment:checking '/home/vasav/vasav_ws/install/arms' for CMake config files
[1.220s] Level 1:colcon.colcon_core.shell:create_environment_hook('arms', 'cmake_prefix_path')
[1.220s] INFO:colcon.colcon_core.shell:Creating environment hook '/home/vasav/vasav_ws/install/arms/share/arms/hook/cmake_prefix_path.ps1'
[1.220s] INFO:colcon.colcon_core.shell:Creating environment descriptor '/home/vasav/vasav_ws/install/arms/share/arms/hook/cmake_prefix_path.dsv'
[1.221s] INFO:colcon.colcon_core.shell:Creating environment hook '/home/vasav/vasav_ws/install/arms/share/arms/hook/cmake_prefix_path.sh'
[1.221s] Level 1:colcon.colcon_core.environment:checking '/home/vasav/vasav_ws/install/arms/lib'
[1.221s] Level 1:colcon.colcon_core.environment:checking '/home/vasav/vasav_ws/install/arms/bin'
[1.221s] Level 1:colcon.colcon_core.environment:checking '/home/vasav/vasav_ws/install/arms/lib/pkgconfig/arms.pc'
[1.222s] Level 1:colcon.colcon_core.environment:checking '/home/vasav/vasav_ws/install/arms/lib/python3.12/site-packages'
[1.222s] Level 1:colcon.colcon_core.environment:checking '/home/vasav/vasav_ws/install/arms/bin'
[1.222s] INFO:colcon.colcon_core.shell:Creating package script '/home/vasav/vasav_ws/install/arms/share/arms/package.ps1'
[1.222s] INFO:colcon.colcon_core.shell:Creating package descriptor '/home/vasav/vasav_ws/install/arms/share/arms/package.dsv'
[1.223s] INFO:colcon.colcon_core.shell:Creating package script '/home/vasav/vasav_ws/install/arms/share/arms/package.sh'
[1.223s] INFO:colcon.colcon_core.shell:Creating package script '/home/vasav/vasav_ws/install/arms/share/arms/package.bash'
[1.224s] INFO:colcon.colcon_core.shell:Creating package script '/home/vasav/vasav_ws/install/arms/share/arms/package.zsh'
[1.224s] Level 1:colcon.colcon_core.environment:create_file_with_runtime_dependencies(/home/vasav/vasav_ws/install/arms/share/colcon-core/packages/arms)
[1.225s] Level 1:colcon.colcon_core.environment:create_environment_scripts_only(wheels)
[1.225s] Level 1:colcon.colcon_core.environment:checking '/home/vasav/vasav_ws/install/wheels' for CMake module files
[1.226s] DEBUG:colcon.colcon_core.event_handler.log_command:Invoked command in '/home/vasav/vasav_ws/build/wheels' returned '0': CMAKE_PREFIX_PATH=${CMAKE_PREFIX_PATH}:/opt/ros/jazzy /usr/bin/cmake --install /home/vasav/vasav_ws/build/wheels
[1.227s] Level 1:colcon.colcon_core.environment:checking '/home/vasav/vasav_ws/install/wheels' for CMake config files
[1.230s] Level 1:colcon.colcon_core.shell:create_environment_hook('wheels', 'cmake_prefix_path')
[1.231s] INFO:colcon.colcon_core.shell:Creating environment hook '/home/vasav/vasav_ws/install/wheels/share/wheels/hook/cmake_prefix_path.ps1'
[1.233s] INFO:colcon.colcon_core.shell:Creating environment descriptor '/home/vasav/vasav_ws/install/wheels/share/wheels/hook/cmake_prefix_path.dsv'
[1.233s] INFO:colcon.colcon_core.shell:Creating environment hook '/home/vasav/vasav_ws/install/wheels/share/wheels/hook/cmake_prefix_path.sh'
[1.234s] Level 1:colcon.colcon_core.environment:checking '/home/vasav/vasav_ws/install/wheels/lib'
[1.234s] Level 1:colcon.colcon_core.environment:checking '/home/vasav/vasav_ws/install/wheels/bin'
[1.234s] Level 1:colcon.colcon_core.environment:checking '/home/vasav/vasav_ws/install/wheels/lib/pkgconfig/wheels.pc'
[1.235s] Level 1:colcon.colcon_core.environment:checking '/home/vasav/vasav_ws/install/wheels/lib/python3.12/site-packages'
[1.235s] Level 1:colcon.colcon_core.environment:checking '/home/vasav/vasav_ws/install/wheels/bin'
[1.235s] INFO:colcon.colcon_core.shell:Creating package script '/home/vasav/vasav_ws/install/wheels/share/wheels/package.ps1'
[1.235s] INFO:colcon.colcon_core.shell:Creating package descriptor '/home/vasav/vasav_ws/install/wheels/share/wheels/package.dsv'
[1.236s] INFO:colcon.colcon_core.shell:Creating package script '/home/vasav/vasav_ws/install/wheels/share/wheels/package.sh'
[1.236s] INFO:colcon.colcon_core.shell:Creating package script '/home/vasav/vasav_ws/install/wheels/share/wheels/package.bash'
[1.237s] INFO:colcon.colcon_core.shell:Creating package script '/home/vasav/vasav_ws/install/wheels/share/wheels/package.zsh'
[1.237s] Level 1:colcon.colcon_core.environment:create_file_with_runtime_dependencies(/home/vasav/vasav_ws/install/wheels/share/colcon-core/packages/wheels)
[1.237s] Level 1:colcon.colcon_core.environment:create_environment_scripts_only(wheels)
[1.237s] Level 1:colcon.colcon_core.environment:checking '/home/vasav/vasav_ws/install/wheels' for CMake module files
[1.238s] Level 1:colcon.colcon_core.environment:checking '/home/vasav/vasav_ws/install/wheels' for CMake config files
[1.238s] Level 1:colcon.colcon_core.shell:create_environment_hook('wheels', 'cmake_prefix_path')
[1.238s] INFO:colcon.colcon_core.shell:Creating environment hook '/home/vasav/vasav_ws/install/wheels/share/wheels/hook/cmake_prefix_path.ps1'
[1.239s] INFO:colcon.colcon_core.shell:Creating environment descriptor '/home/vasav/vasav_ws/install/wheels/share/wheels/hook/cmake_prefix_path.dsv'
[1.239s] INFO:colcon.colcon_core.shell:Creating environment hook '/home/vasav/vasav_ws/install/wheels/share/wheels/hook/cmake_prefix_path.sh'
[1.239s] Level 1:colcon.colcon_core.environment:checking '/home/vasav/vasav_ws/install/wheels/lib'
[1.239s] Level 1:colcon.colcon_core.environment:checking '/home/vasav/vasav_ws/install/wheels/bin'
[1.240s] Level 1:colcon.colcon_core.environment:checking '/home/vasav/vasav_ws/install/wheels/lib/pkgconfig/wheels.pc'
[1.240s] Level 1:colcon.colcon_core.environment:checking '/home/vasav/vasav_ws/install/wheels/lib/python3.12/site-packages'
[1.240s] Level 1:colcon.colcon_core.environment:checking '/home/vasav/vasav_ws/install/wheels/bin'
[1.240s] INFO:colcon.colcon_core.shell:Creating package script '/home/vasav/vasav_ws/install/wheels/share/wheels/package.ps1'
[1.241s] INFO:colcon.colcon_core.shell:Creating package descriptor '/home/vasav/vasav_ws/install/wheels/share/wheels/package.dsv'
[1.241s] INFO:colcon.colcon_core.shell:Creating package script '/home/vasav/vasav_ws/install/wheels/share/wheels/package.sh'
[1.242s] INFO:colcon.colcon_core.shell:Creating package script '/home/vasav/vasav_ws/install/wheels/share/wheels/package.bash'
[1.242s] INFO:colcon.colcon_core.shell:Creating package script '/home/vasav/vasav_ws/install/wheels/share/wheels/package.zsh'
[1.242s] Level 1:colcon.colcon_core.environment:create_file_with_runtime_dependencies(/home/vasav/vasav_ws/install/wheels/share/colcon-core/packages/wheels)
[1.243s] DEBUG:colcon.colcon_parallel_executor.executor.parallel:closing loop
[1.243s] DEBUG:colcon.colcon_parallel_executor.executor.parallel:loop closed
[1.243s] DEBUG:colcon.colcon_parallel_executor.executor.parallel:run_until_complete finished with '0'
[1.243s] DEBUG:colcon.colcon_core.event_reactor:joining thread
[1.339s] INFO:colcon.colcon_core.plugin_system:Skipping extension 'colcon_notification.desktop_notification.notify_send': Could not find 'notify-send'
[1.340s] INFO:colcon.colcon_core.plugin_system:Skipping extension 'colcon_notification.desktop_notification.terminal_notifier': Not used on non-Darwin systems
[1.340s] INFO:colcon.colcon_core.plugin_system:Skipping extension 'colcon_notification.desktop_notification.win32': Not used on non-Windows systems
[1.340s] INFO:colcon.colcon_notification.desktop_notification:Sending desktop notification using 'notify2'
[1.341s] DEBUG:colcon.colcon_notification.desktop_notification.notify2:Failed to initialize notify2: org.freedesktop.DBus.Error.ServiceUnknown: The name org.freedesktop.Notifications was not provided by any .service files
[1.341s] DEBUG:colcon.colcon_core.event_reactor:joined thread
[1.341s] INFO:colcon.colcon_core.shell:Creating prefix script '/home/vasav/vasav_ws/install/local_setup.ps1'
[1.342s] INFO:colcon.colcon_core.shell:Creating prefix util module '/home/vasav/vasav_ws/install/_local_setup_util_ps1.py'
[1.344s] INFO:colcon.colcon_core.shell:Creating prefix chain script '/home/vasav/vasav_ws/install/setup.ps1'
[1.345s] INFO:colcon.colcon_core.shell:Creating prefix script '/home/vasav/vasav_ws/install/local_setup.sh'
[1.346s] INFO:colcon.colcon_core.shell:Creating prefix util module '/home/vasav/vasav_ws/install/_local_setup_util_sh.py'
[1.347s] INFO:colcon.colcon_core.shell:Creating prefix chain script '/home/vasav/vasav_ws/install/setup.sh'
[1.349s] INFO:colcon.colcon_core.shell:Creating prefix script '/home/vasav/vasav_ws/install/local_setup.bash'
[1.349s] INFO:colcon.colcon_core.shell:Creating prefix chain script '/home/vasav/vasav_ws/install/setup.bash'
[1.351s] INFO:colcon.colcon_core.shell:Creating prefix script '/home/vasav/vasav_ws/install/local_setup.zsh'
[1.353s] INFO:colcon.colcon_core.shell:Creating prefix chain script '/home/vasav/vasav_ws/install/setup.zsh'
