[0.018s] Invoking command in '/home/vasav/vasav_ws/build/lidar': CMAKE_PREFIX_PATH=${CMAKE_PREFIX_PATH}:/opt/ros/jazzy /usr/bin/cmake --build /home/vasav/vasav_ws/build/lidar -- -j8 -l8
[0.076s] Invoked command in '/home/vasav/vasav_ws/build/lidar' returned '0': CMAKE_PREFIX_PATH=${CMAKE_PREFIX_PATH}:/opt/ros/jazzy /usr/bin/cmake --build /home/vasav/vasav_ws/build/lidar -- -j8 -l8
[0.089s] Invoking command in '/home/vasav/vasav_ws/build/lidar': CMAKE_PREFIX_PATH=${CMAKE_PREFIX_PATH}:/opt/ros/jazzy /usr/bin/cmake --install /home/vasav/vasav_ws/build/lidar
[0.100s] -- Install configuration: ""
[0.100s] -- Up-to-date: /home/vasav/vasav_ws/install/lidar/share/lidar/scripts
[0.100s] -- Up-to-date: /home/vasav/vasav_ws/install/lidar/share/lidar/scripts/lidar.py
[0.101s] -- Up-to-date: /home/vasav/vasav_ws/install/lidar/lib/lidar/lidar.py
[0.101s] -- Up-to-date: /home/vasav/vasav_ws/install/lidar/share/ament_index/resource_index/package_run_dependencies/lidar
[0.101s] -- Up-to-date: /home/vasav/vasav_ws/install/lidar/share/ament_index/resource_index/parent_prefix_path/lidar
[0.101s] -- Up-to-date: /home/vasav/vasav_ws/install/lidar/share/lidar/environment/ament_prefix_path.sh
[0.101s] -- Up-to-date: /home/vasav/vasav_ws/install/lidar/share/lidar/environment/ament_prefix_path.dsv
[0.101s] -- Up-to-date: /home/vasav/vasav_ws/install/lidar/share/lidar/environment/path.sh
[0.101s] -- Up-to-date: /home/vasav/vasav_ws/install/lidar/share/lidar/environment/path.dsv
[0.101s] -- Up-to-date: /home/vasav/vasav_ws/install/lidar/share/lidar/local_setup.bash
[0.102s] -- Up-to-date: /home/vasav/vasav_ws/install/lidar/share/lidar/local_setup.sh
[0.102s] -- Up-to-date: /home/vasav/vasav_ws/install/lidar/share/lidar/local_setup.zsh
[0.102s] -- Up-to-date: /home/vasav/vasav_ws/install/lidar/share/lidar/local_setup.dsv
[0.102s] -- Installing: /home/vasav/vasav_ws/install/lidar/share/lidar/package.dsv
[0.102s] -- Up-to-date: /home/vasav/vasav_ws/install/lidar/share/ament_index/resource_index/packages/lidar
[0.102s] -- Up-to-date: /home/vasav/vasav_ws/install/lidar/share/lidar/cmake/lidarConfig.cmake
[0.103s] -- Up-to-date: /home/vasav/vasav_ws/install/lidar/share/lidar/cmake/lidarConfig-version.cmake
[0.103s] -- Up-to-date: /home/vasav/vasav_ws/install/lidar/share/lidar/package.xml
[0.106s] Invoked command in '/home/vasav/vasav_ws/build/lidar' returned '0': CMAKE_PREFIX_PATH=${CMAKE_PREFIX_PATH}:/opt/ros/jazzy /usr/bin/cmake --install /home/vasav/vasav_ws/build/lidar
