[0.022s] Invoking command in '/home/vasav/vasav_ws/build/arms': CMAKE_PREFIX_PATH=${CMAKE_PREFIX_PATH}:/opt/ros/jazzy /usr/bin/cmake --build /home/vasav/vasav_ws/build/arms -- -j8 -l8
[0.075s] -- Found ament_cmake: 2.5.4 (/opt/ros/jazzy/share/ament_cmake/cmake)
[0.391s] -- Found rclcpp: 28.1.11 (/opt/ros/jazzy/share/rclcpp/cmake)
[0.683s] -- Found rosidl_generator_c: 4.6.6 (/opt/ros/jazzy/share/rosidl_generator_c/cmake)
[0.705s] -- Found rosidl_generator_cpp: 4.6.6 (/opt/ros/jazzy/share/rosidl_generator_cpp/cmake)
[0.735s] -- Using all available rosidl_typesupport_c: rosidl_typesupport_fastrtps_c;rosidl_typesupport_introspection_c
[0.769s] -- Using all available rosidl_typesupport_cpp: rosidl_typesupport_fastrtps_cpp;rosidl_typesupport_introspection_cpp
[0.906s] -- Found rmw_implementation_cmake: 7.3.2 (/opt/ros/jazzy/share/rmw_implementation_cmake/cmake)
[0.912s] -- Found rmw_fastrtps_cpp: 8.4.3 (/opt/ros/jazzy/share/rmw_fastrtps_cpp/cmake)
[1.266s] -- Using RMW implementation 'rmw_fastrtps_cpp' as default
[1.590s] -- Found std_msgs: 5.3.6 (/opt/ros/jazzy/share/std_msgs/cmake)
[1.620s] -- Found sensor_msgs: 5.3.6 (/opt/ros/jazzy/share/sensor_msgs/cmake)
[1.698s] -- Found cv_bridge: 4.1.0 (/opt/ros/jazzy/share/cv_bridge/cmake)
[1.717s] -- Found ament_lint_auto: 0.17.3 (/opt/ros/jazzy/share/ament_lint_auto/cmake)
[1.853s] -- Added test 'flake8' to check Python code syntax and style conventions
[1.853s] -- Configured 'flake8' exclude dirs and/or files: 
[1.854s] -- Added test 'lint_cmake' to check CMake code style
[1.856s] -- Added test 'pep257' to check Python code against some of the docstring style conventions in PEP 257
[1.858s] -- Added test 'xmllint' to check XML markup files
[1.863s] -- Configuring done (1.8s)
[1.885s] -- Generating done (0.0s)
[1.888s] -- Build files have been written to: /home/vasav/vasav_ws/build/arms
[1.920s] Invoked command in '/home/vasav/vasav_ws/build/arms' returned '0': CMAKE_PREFIX_PATH=${CMAKE_PREFIX_PATH}:/opt/ros/jazzy /usr/bin/cmake --build /home/vasav/vasav_ws/build/arms -- -j8 -l8
[1.921s] Invoking command in '/home/vasav/vasav_ws/build/arms': CMAKE_PREFIX_PATH=${CMAKE_PREFIX_PATH}:/opt/ros/jazzy /usr/bin/cmake --install /home/vasav/vasav_ws/build/arms
[1.931s] -- Install configuration: ""
[1.931s] -- Up-to-date: /home/vasav/vasav_ws/install/arms/share/arms/scripts
[1.931s] -- Up-to-date: /home/vasav/vasav_ws/install/arms/share/arms/scripts/arms.py
[1.932s] -- Up-to-date: /home/vasav/vasav_ws/install/arms/share/arms/launch
[1.932s] -- Up-to-date: /home/vasav/vasav_ws/install/arms/share/arms/launch/__pycache__
[1.932s] -- Up-to-date: /home/vasav/vasav_ws/install/arms/share/arms/launch/__pycache__/robot.launch.cpython-312.pyc
[1.932s] -- Up-to-date: /home/vasav/vasav_ws/install/arms/share/arms/launch/robot.launch.py
[1.932s] -- Up-to-date: /home/vasav/vasav_ws/install/arms/lib/arms/arms.py
[1.932s] -- Up-to-date: /home/vasav/vasav_ws/install/arms/share/arms/launch
[1.933s] -- Up-to-date: /home/vasav/vasav_ws/install/arms/share/arms/launch/__pycache__
[1.933s] -- Up-to-date: /home/vasav/vasav_ws/install/arms/share/arms/launch/__pycache__/robot.launch.cpython-312.pyc
[1.933s] -- Up-to-date: /home/vasav/vasav_ws/install/arms/share/arms/launch/robot.launch.py
[1.933s] -- Up-to-date: /home/vasav/vasav_ws/install/arms/share/ament_index/resource_index/package_run_dependencies/arms
[1.933s] -- Up-to-date: /home/vasav/vasav_ws/install/arms/share/ament_index/resource_index/parent_prefix_path/arms
[1.933s] -- Up-to-date: /home/vasav/vasav_ws/install/arms/share/arms/environment/ament_prefix_path.sh
[1.934s] -- Up-to-date: /home/vasav/vasav_ws/install/arms/share/arms/environment/ament_prefix_path.dsv
[1.934s] -- Up-to-date: /home/vasav/vasav_ws/install/arms/share/arms/environment/path.sh
[1.934s] -- Up-to-date: /home/vasav/vasav_ws/install/arms/share/arms/environment/path.dsv
[1.934s] -- Up-to-date: /home/vasav/vasav_ws/install/arms/share/arms/local_setup.bash
[1.934s] -- Up-to-date: /home/vasav/vasav_ws/install/arms/share/arms/local_setup.sh
[1.934s] -- Up-to-date: /home/vasav/vasav_ws/install/arms/share/arms/local_setup.zsh
[1.934s] -- Up-to-date: /home/vasav/vasav_ws/install/arms/share/arms/local_setup.dsv
[1.934s] -- Installing: /home/vasav/vasav_ws/install/arms/share/arms/package.dsv
[1.934s] -- Up-to-date: /home/vasav/vasav_ws/install/arms/share/ament_index/resource_index/packages/arms
[1.934s] -- Up-to-date: /home/vasav/vasav_ws/install/arms/share/arms/cmake/armsConfig.cmake
[1.935s] -- Up-to-date: /home/vasav/vasav_ws/install/arms/share/arms/cmake/armsConfig-version.cmake
[1.935s] -- Up-to-date: /home/vasav/vasav_ws/install/arms/share/arms/package.xml
[1.936s] Invoked command in '/home/vasav/vasav_ws/build/arms' returned '0': CMAKE_PREFIX_PATH=${CMAKE_PREFIX_PATH}:/opt/ros/jazzy /usr/bin/cmake --install /home/vasav/vasav_ws/build/arms
