[1.118s] DEBUG:colcon:Command line arguments: ['/usr/bin/colcon', 'build']
[1.118s] DEBUG:colcon:Parsed command line arguments: Namespace(log_base=None, log_level=None, verb_name='build', build_base='build', install_base='install', merge_install=False, symlink_install=False, test_result_base=None, continue_on_error=False, executor='parallel', parallel_workers=8, event_handlers=None, ignore_user_meta=False, metas=['./colcon.meta'], base_paths=['.'], packages_ignore=None, packages_ignore_regex=None, paths=None, packages_up_to=None, packages_up_to_regex=None, packages_above=None, packages_above_and_dependencies=None, packages_above_depth=None, packages_select_by_dep=None, packages_skip_by_dep=None, packages_skip_up_to=None, packages_select_build_failed=False, packages_skip_build_finished=False, packages_select_test_failures=False, packages_skip_test_passed=False, packages_select=None, packages_skip=None, packages_select_regex=None, packages_skip_regex=None, packages_start=None, packages_end=None, allow_overriding=[], cmake_args=None, cmake_target=None, cmake_target_skip_unavailable=False, cmake_clean_cache=False, cmake_clean_first=False, cmake_force_configure=False, ament_cmake_args=None, catkin_cmake_args=None, catkin_skip_building_tests=False, mixin_files=None, mixin=None, verb_parser=<colcon_mixin.mixin.mixin_argument.MixinArgumentDecorator object at 0x75ab29f84d70>, verb_extension=<colcon_core.verb.build.BuildVerb object at 0x75ab29f84980>, main=<bound method BuildVerb.main of <colcon_core.verb.build.BuildVerb object at 0x75ab29f84980>>, mixin_verb=('build',))
[1.225s] Level 1:colcon.colcon_core.package_discovery:discover_packages(colcon_meta) check parameters
[1.225s] Level 1:colcon.colcon_core.package_discovery:discover_packages(recursive) check parameters
[1.225s] Level 1:colcon.colcon_core.package_discovery:discover_packages(ignore) check parameters
[1.225s] Level 1:colcon.colcon_core.package_discovery:discover_packages(path) check parameters
[1.225s] Level 1:colcon.colcon_core.package_discovery:discover_packages(colcon_meta) discover
[1.225s] Level 1:colcon.colcon_core.package_discovery:discover_packages(recursive) discover
[1.225s] INFO:colcon.colcon_core.package_discovery:Crawling recursively for packages in '/home/vasav/vasav_ws'
[1.226s] Level 1:colcon.colcon_core.package_identification:_identify(.) by extensions ['ignore', 'ignore_ament_install']
[1.226s] Level 1:colcon.colcon_core.package_identification:_identify(.) by extension 'ignore'
[1.226s] Level 1:colcon.colcon_core.package_identification:_identify(.) by extension 'ignore_ament_install'
[1.226s] Level 1:colcon.colcon_core.package_identification:_identify(.) by extensions ['colcon_pkg']
[1.226s] Level 1:colcon.colcon_core.package_identification:_identify(.) by extension 'colcon_pkg'
[1.226s] Level 1:colcon.colcon_core.package_identification:_identify(.) by extensions ['colcon_meta']
[1.226s] Level 1:colcon.colcon_core.package_identification:_identify(.) by extension 'colcon_meta'
[1.226s] Level 1:colcon.colcon_core.package_identification:_identify(.) by extensions ['ros']
[1.226s] Level 1:colcon.colcon_core.package_identification:_identify(.) by extension 'ros'
[1.300s] Level 1:colcon.colcon_core.package_identification:_identify(.) by extensions ['cmake', 'python']
[1.300s] Level 1:colcon.colcon_core.package_identification:_identify(.) by extension 'cmake'
[1.300s] Level 1:colcon.colcon_core.package_identification:_identify(.) by extension 'python'
[1.300s] Level 1:colcon.colcon_core.package_identification:_identify(.) by extensions ['python_setup_py']
[1.300s] Level 1:colcon.colcon_core.package_identification:_identify(.) by extension 'python_setup_py'
[1.300s] Level 1:colcon.colcon_core.package_identification:_identify(build) by extensions ['ignore', 'ignore_ament_install']
[1.300s] Level 1:colcon.colcon_core.package_identification:_identify(build) by extension 'ignore'
[1.301s] Level 1:colcon.colcon_core.package_identification:_identify(build) ignored
[1.301s] Level 1:colcon.colcon_core.package_identification:_identify(install) by extensions ['ignore', 'ignore_ament_install']
[1.301s] Level 1:colcon.colcon_core.package_identification:_identify(install) by extension 'ignore'
[1.301s] Level 1:colcon.colcon_core.package_identification:_identify(install) ignored
[1.301s] Level 1:colcon.colcon_core.package_identification:_identify(log) by extensions ['ignore', 'ignore_ament_install']
[1.301s] Level 1:colcon.colcon_core.package_identification:_identify(log) by extension 'ignore'
[1.301s] Level 1:colcon.colcon_core.package_identification:_identify(log) ignored
[1.302s] Level 1:colcon.colcon_core.package_identification:_identify(src) by extensions ['ignore', 'ignore_ament_install']
[1.302s] Level 1:colcon.colcon_core.package_identification:_identify(src) by extension 'ignore'
[1.302s] Level 1:colcon.colcon_core.package_identification:_identify(src) by extension 'ignore_ament_install'
[1.302s] Level 1:colcon.colcon_core.package_identification:_identify(src) by extensions ['colcon_pkg']
[1.302s] Level 1:colcon.colcon_core.package_identification:_identify(src) by extension 'colcon_pkg'
[1.302s] Level 1:colcon.colcon_core.package_identification:_identify(src) by extensions ['colcon_meta']
[1.302s] Level 1:colcon.colcon_core.package_identification:_identify(src) by extension 'colcon_meta'
[1.302s] Level 1:colcon.colcon_core.package_identification:_identify(src) by extensions ['ros']
[1.302s] Level 1:colcon.colcon_core.package_identification:_identify(src) by extension 'ros'
[1.302s] Level 1:colcon.colcon_core.package_identification:_identify(src) by extensions ['cmake', 'python']
[1.302s] Level 1:colcon.colcon_core.package_identification:_identify(src) by extension 'cmake'
[1.303s] Level 1:colcon.colcon_core.package_identification:_identify(src) by extension 'python'
[1.303s] Level 1:colcon.colcon_core.package_identification:_identify(src) by extensions ['python_setup_py']
[1.303s] Level 1:colcon.colcon_core.package_identification:_identify(src) by extension 'python_setup_py'
[1.304s] Level 1:colcon.colcon_core.package_identification:_identify(src/arms) by extensions ['ignore', 'ignore_ament_install']
[1.304s] Level 1:colcon.colcon_core.package_identification:_identify(src/arms) by extension 'ignore'
[1.304s] Level 1:colcon.colcon_core.package_identification:_identify(src/arms) by extension 'ignore_ament_install'
[1.304s] Level 1:colcon.colcon_core.package_identification:_identify(src/arms) by extensions ['colcon_pkg']
[1.304s] Level 1:colcon.colcon_core.package_identification:_identify(src/arms) by extension 'colcon_pkg'
[1.304s] Level 1:colcon.colcon_core.package_identification:_identify(src/arms) by extensions ['colcon_meta']
[1.304s] Level 1:colcon.colcon_core.package_identification:_identify(src/arms) by extension 'colcon_meta'
[1.304s] Level 1:colcon.colcon_core.package_identification:_identify(src/arms) by extensions ['ros']
[1.304s] Level 1:colcon.colcon_core.package_identification:_identify(src/arms) by extension 'ros'
[1.312s] DEBUG:colcon.colcon_core.package_identification:Package 'src/arms' with type 'ros.ament_cmake' and name 'arms'
[1.312s] Level 1:colcon.colcon_core.package_identification:_identify(src/lidar) by extensions ['ignore', 'ignore_ament_install']
[1.312s] Level 1:colcon.colcon_core.package_identification:_identify(src/lidar) by extension 'ignore'
[1.313s] Level 1:colcon.colcon_core.package_identification:_identify(src/lidar) by extension 'ignore_ament_install'
[1.313s] Level 1:colcon.colcon_core.package_identification:_identify(src/lidar) by extensions ['colcon_pkg']
[1.313s] Level 1:colcon.colcon_core.package_identification:_identify(src/lidar) by extension 'colcon_pkg'
[1.313s] Level 1:colcon.colcon_core.package_identification:_identify(src/lidar) by extensions ['colcon_meta']
[1.313s] Level 1:colcon.colcon_core.package_identification:_identify(src/lidar) by extension 'colcon_meta'
[1.313s] Level 1:colcon.colcon_core.package_identification:_identify(src/lidar) by extensions ['ros']
[1.313s] Level 1:colcon.colcon_core.package_identification:_identify(src/lidar) by extension 'ros'
[1.315s] DEBUG:colcon.colcon_core.package_identification:Package 'src/lidar' with type 'ros.ament_cmake' and name 'lidar'
[1.315s] Level 1:colcon.colcon_core.package_identification:_identify(src/wheels) by extensions ['ignore', 'ignore_ament_install']
[1.315s] Level 1:colcon.colcon_core.package_identification:_identify(src/wheels) by extension 'ignore'
[1.315s] Level 1:colcon.colcon_core.package_identification:_identify(src/wheels) by extension 'ignore_ament_install'
[1.315s] Level 1:colcon.colcon_core.package_identification:_identify(src/wheels) by extensions ['colcon_pkg']
[1.316s] Level 1:colcon.colcon_core.package_identification:_identify(src/wheels) by extension 'colcon_pkg'
[1.316s] Level 1:colcon.colcon_core.package_identification:_identify(src/wheels) by extensions ['colcon_meta']
[1.316s] Level 1:colcon.colcon_core.package_identification:_identify(src/wheels) by extension 'colcon_meta'
[1.316s] Level 1:colcon.colcon_core.package_identification:_identify(src/wheels) by extensions ['ros']
[1.316s] Level 1:colcon.colcon_core.package_identification:_identify(src/wheels) by extension 'ros'
[1.318s] DEBUG:colcon.colcon_core.package_identification:Package 'src/wheels' with type 'ros.ament_cmake' and name 'wheels'
[1.318s] Level 1:colcon.colcon_core.package_discovery:discover_packages(recursive) using defaults
[1.318s] Level 1:colcon.colcon_core.package_discovery:discover_packages(ignore) discover
[1.318s] Level 1:colcon.colcon_core.package_discovery:discover_packages(ignore) using defaults
[1.318s] Level 1:colcon.colcon_core.package_discovery:discover_packages(path) discover
[1.318s] Level 1:colcon.colcon_core.package_discovery:discover_packages(path) using defaults
[1.375s] Level 1:colcon.colcon_core.package_discovery:discover_packages(prefix_path) check parameters
[1.375s] Level 1:colcon.colcon_core.package_discovery:discover_packages(prefix_path) discover
[1.385s] DEBUG:colcon.colcon_installed_package_information.package_discovery:Found 286 installed packages in /opt/ros/jazzy
[1.387s] Level 1:colcon.colcon_core.package_discovery:discover_packages(prefix_path) using defaults
[1.478s] Level 5:colcon.colcon_core.verb:set package 'arms' build argument 'cmake_args' from command line to 'None'
[1.478s] Level 5:colcon.colcon_core.verb:set package 'arms' build argument 'cmake_target' from command line to 'None'
[1.478s] Level 5:colcon.colcon_core.verb:set package 'arms' build argument 'cmake_target_skip_unavailable' from command line to 'False'
[1.478s] Level 5:colcon.colcon_core.verb:set package 'arms' build argument 'cmake_clean_cache' from command line to 'False'
[1.478s] Level 5:colcon.colcon_core.verb:set package 'arms' build argument 'cmake_clean_first' from command line to 'False'
[1.478s] Level 5:colcon.colcon_core.verb:set package 'arms' build argument 'cmake_force_configure' from command line to 'False'
[1.478s] Level 5:colcon.colcon_core.verb:set package 'arms' build argument 'ament_cmake_args' from command line to 'None'
[1.478s] Level 5:colcon.colcon_core.verb:set package 'arms' build argument 'catkin_cmake_args' from command line to 'None'
[1.478s] Level 5:colcon.colcon_core.verb:set package 'arms' build argument 'catkin_skip_building_tests' from command line to 'False'
[1.478s] DEBUG:colcon.colcon_core.verb:Building package 'arms' with the following arguments: {'ament_cmake_args': None, 'build_base': '/home/vasav/vasav_ws/build/arms', 'catkin_cmake_args': None, 'catkin_skip_building_tests': False, 'cmake_args': None, 'cmake_clean_cache': False, 'cmake_clean_first': False, 'cmake_force_configure': False, 'cmake_target': None, 'cmake_target_skip_unavailable': False, 'install_base': '/home/vasav/vasav_ws/install/arms', 'merge_install': False, 'path': '/home/vasav/vasav_ws/src/arms', 'symlink_install': False, 'test_result_base': None}
[1.478s] Level 5:colcon.colcon_core.verb:set package 'lidar' build argument 'cmake_args' from command line to 'None'
[1.479s] Level 5:colcon.colcon_core.verb:set package 'lidar' build argument 'cmake_target' from command line to 'None'
[1.479s] Level 5:colcon.colcon_core.verb:set package 'lidar' build argument 'cmake_target_skip_unavailable' from command line to 'False'
[1.479s] Level 5:colcon.colcon_core.verb:set package 'lidar' build argument 'cmake_clean_cache' from command line to 'False'
[1.479s] Level 5:colcon.colcon_core.verb:set package 'lidar' build argument 'cmake_clean_first' from command line to 'False'
[1.479s] Level 5:colcon.colcon_core.verb:set package 'lidar' build argument 'cmake_force_configure' from command line to 'False'
[1.479s] Level 5:colcon.colcon_core.verb:set package 'lidar' build argument 'ament_cmake_args' from command line to 'None'
[1.479s] Level 5:colcon.colcon_core.verb:set package 'lidar' build argument 'catkin_cmake_args' from command line to 'None'
[1.479s] Level 5:colcon.colcon_core.verb:set package 'lidar' build argument 'catkin_skip_building_tests' from command line to 'False'
[1.479s] DEBUG:colcon.colcon_core.verb:Building package 'lidar' with the following arguments: {'ament_cmake_args': None, 'build_base': '/home/vasav/vasav_ws/build/lidar', 'catkin_cmake_args': None, 'catkin_skip_building_tests': False, 'cmake_args': None, 'cmake_clean_cache': False, 'cmake_clean_first': False, 'cmake_force_configure': False, 'cmake_target': None, 'cmake_target_skip_unavailable': False, 'install_base': '/home/vasav/vasav_ws/install/lidar', 'merge_install': False, 'path': '/home/vasav/vasav_ws/src/lidar', 'symlink_install': False, 'test_result_base': None}
[1.479s] Level 5:colcon.colcon_core.verb:set package 'wheels' build argument 'cmake_args' from command line to 'None'
[1.479s] Level 5:colcon.colcon_core.verb:set package 'wheels' build argument 'cmake_target' from command line to 'None'
[1.479s] Level 5:colcon.colcon_core.verb:set package 'wheels' build argument 'cmake_target_skip_unavailable' from command line to 'False'
[1.480s] Level 5:colcon.colcon_core.verb:set package 'wheels' build argument 'cmake_clean_cache' from command line to 'False'
[1.480s] Level 5:colcon.colcon_core.verb:set package 'wheels' build argument 'cmake_clean_first' from command line to 'False'
[1.480s] Level 5:colcon.colcon_core.verb:set package 'wheels' build argument 'cmake_force_configure' from command line to 'False'
[1.480s] Level 5:colcon.colcon_core.verb:set package 'wheels' build argument 'ament_cmake_args' from command line to 'None'
[1.480s] Level 5:colcon.colcon_core.verb:set package 'wheels' build argument 'catkin_cmake_args' from command line to 'None'
[1.480s] Level 5:colcon.colcon_core.verb:set package 'wheels' build argument 'catkin_skip_building_tests' from command line to 'False'
[1.480s] DEBUG:colcon.colcon_core.verb:Building package 'wheels' with the following arguments: {'ament_cmake_args': None, 'build_base': '/home/vasav/vasav_ws/build/wheels', 'catkin_cmake_args': None, 'catkin_skip_building_tests': False, 'cmake_args': None, 'cmake_clean_cache': False, 'cmake_clean_first': False, 'cmake_force_configure': False, 'cmake_target': None, 'cmake_target_skip_unavailable': False, 'install_base': '/home/vasav/vasav_ws/install/wheels', 'merge_install': False, 'path': '/home/vasav/vasav_ws/src/wheels', 'symlink_install': False, 'test_result_base': None}
[1.480s] INFO:colcon.colcon_core.executor:Executing jobs using 'parallel' executor
[1.482s] DEBUG:colcon.colcon_parallel_executor.executor.parallel:run_until_complete
[1.482s] INFO:colcon.colcon_ros.task.ament_cmake.build:Building ROS package in '/home/vasav/vasav_ws/src/arms' with build type 'ament_cmake'
[1.482s] INFO:colcon.colcon_cmake.task.cmake.build:Building CMake package in '/home/vasav/vasav_ws/src/arms'
[1.500s] INFO:colcon.colcon_core.plugin_system:Skipping extension 'colcon_core.shell.bat': Not used on non-Windows systems
[1.500s] INFO:colcon.colcon_core.shell:Skip shell extension 'powershell' for command environment: Not usable outside of PowerShell
[1.501s] DEBUG:colcon.colcon_core.shell:Skip shell extension 'dsv' for command environment
[1.508s] INFO:colcon.colcon_ros.task.ament_cmake.build:Building ROS package in '/home/vasav/vasav_ws/src/lidar' with build type 'ament_cmake'
[1.508s] INFO:colcon.colcon_cmake.task.cmake.build:Building CMake package in '/home/vasav/vasav_ws/src/lidar'
[1.508s] INFO:colcon.colcon_core.shell:Skip shell extension 'powershell' for command environment: Not usable outside of PowerShell
[1.508s] DEBUG:colcon.colcon_core.shell:Skip shell extension 'dsv' for command environment
[1.514s] INFO:colcon.colcon_ros.task.ament_cmake.build:Building ROS package in '/home/vasav/vasav_ws/src/wheels' with build type 'ament_cmake'
[1.515s] INFO:colcon.colcon_cmake.task.cmake.build:Building CMake package in '/home/vasav/vasav_ws/src/wheels'
[1.515s] INFO:colcon.colcon_core.shell:Skip shell extension 'powershell' for command environment: Not usable outside of PowerShell
[1.515s] DEBUG:colcon.colcon_core.shell:Skip shell extension 'dsv' for command environment
[1.534s] DEBUG:colcon.colcon_core.event_handler.log_command:Invoking command in '/home/vasav/vasav_ws/build/arms': CMAKE_PREFIX_PATH=${CMAKE_PREFIX_PATH}:/opt/ros/jazzy /usr/bin/cmake --build /home/vasav/vasav_ws/build/arms -- -j8 -l8
[1.541s] DEBUG:colcon.colcon_core.event_handler.log_command:Invoking command in '/home/vasav/vasav_ws/build/lidar': CMAKE_PREFIX_PATH=${CMAKE_PREFIX_PATH}:/opt/ros/jazzy /usr/bin/cmake --build /home/vasav/vasav_ws/build/lidar -- -j8 -l8
[1.553s] DEBUG:colcon.colcon_core.event_handler.log_command:Invoking command in '/home/vasav/vasav_ws/build/wheels': CMAKE_PREFIX_PATH=${CMAKE_PREFIX_PATH}:/opt/ros/jazzy /usr/bin/cmake --build /home/vasav/vasav_ws/build/wheels -- -j8 -l8
[1.826s] DEBUG:colcon.colcon_core.event_handler.log_command:Invoked command in '/home/vasav/vasav_ws/build/lidar' returned '0': CMAKE_PREFIX_PATH=${CMAKE_PREFIX_PATH}:/opt/ros/jazzy /usr/bin/cmake --build /home/vasav/vasav_ws/build/lidar -- -j8 -l8
[1.858s] DEBUG:colcon.colcon_core.event_handler.log_command:Invoking command in '/home/vasav/vasav_ws/build/lidar': CMAKE_PREFIX_PATH=${CMAKE_PREFIX_PATH}:/opt/ros/jazzy /usr/bin/cmake --install /home/vasav/vasav_ws/build/lidar
[1.862s] DEBUG:colcon.colcon_core.event_handler.log_command:Invoked command in '/home/vasav/vasav_ws/build/wheels' returned '0': CMAKE_PREFIX_PATH=${CMAKE_PREFIX_PATH}:/opt/ros/jazzy /usr/bin/cmake --build /home/vasav/vasav_ws/build/wheels -- -j8 -l8
[1.867s] DEBUG:colcon.colcon_core.event_handler.log_command:Invoking command in '/home/vasav/vasav_ws/build/wheels': CMAKE_PREFIX_PATH=${CMAKE_PREFIX_PATH}:/opt/ros/jazzy /usr/bin/cmake --install /home/vasav/vasav_ws/build/wheels
[1.871s] DEBUG:colcon.colcon_core.event_handler.log_command:Invoked command in '/home/vasav/vasav_ws/build/arms' returned '0': CMAKE_PREFIX_PATH=${CMAKE_PREFIX_PATH}:/opt/ros/jazzy /usr/bin/cmake --build /home/vasav/vasav_ws/build/arms -- -j8 -l8
[1.876s] DEBUG:colcon.colcon_core.event_handler.log_command:Invoking command in '/home/vasav/vasav_ws/build/arms': CMAKE_PREFIX_PATH=${CMAKE_PREFIX_PATH}:/opt/ros/jazzy /usr/bin/cmake --install /home/vasav/vasav_ws/build/arms
[1.905s] Level 1:colcon.colcon_core.environment:create_environment_scripts_only(lidar)
[1.907s] DEBUG:colcon.colcon_core.event_handler.log_command:Invoked command in '/home/vasav/vasav_ws/build/lidar' returned '0': CMAKE_PREFIX_PATH=${CMAKE_PREFIX_PATH}:/opt/ros/jazzy /usr/bin/cmake --install /home/vasav/vasav_ws/build/lidar
[1.935s] Level 1:colcon.colcon_core.environment:checking '/home/vasav/vasav_ws/install/lidar' for CMake module files
[1.936s] Level 1:colcon.colcon_core.environment:checking '/home/vasav/vasav_ws/install/lidar' for CMake config files
[1.938s] Level 1:colcon.colcon_core.shell:create_environment_hook('lidar', 'cmake_prefix_path')
[1.939s] INFO:colcon.colcon_core.shell:Creating environment hook '/home/vasav/vasav_ws/install/lidar/share/lidar/hook/cmake_prefix_path.ps1'
[1.944s] INFO:colcon.colcon_core.shell:Creating environment descriptor '/home/vasav/vasav_ws/install/lidar/share/lidar/hook/cmake_prefix_path.dsv'
[1.946s] INFO:colcon.colcon_core.shell:Creating environment hook '/home/vasav/vasav_ws/install/lidar/share/lidar/hook/cmake_prefix_path.sh'
[1.948s] Level 1:colcon.colcon_core.environment:checking '/home/vasav/vasav_ws/install/lidar/lib'
[1.948s] Level 1:colcon.colcon_core.environment:checking '/home/vasav/vasav_ws/install/lidar/bin'
[1.949s] Level 1:colcon.colcon_core.environment:checking '/home/vasav/vasav_ws/install/lidar/lib/pkgconfig/lidar.pc'
[1.949s] Level 1:colcon.colcon_core.environment:checking '/home/vasav/vasav_ws/install/lidar/lib/python3.12/site-packages'
[1.950s] Level 1:colcon.colcon_core.environment:checking '/home/vasav/vasav_ws/install/lidar/bin'
[1.950s] INFO:colcon.colcon_core.shell:Creating package script '/home/vasav/vasav_ws/install/lidar/share/lidar/package.ps1'
[1.953s] INFO:colcon.colcon_core.shell:Creating package descriptor '/home/vasav/vasav_ws/install/lidar/share/lidar/package.dsv'
[1.954s] INFO:colcon.colcon_core.shell:Creating package script '/home/vasav/vasav_ws/install/lidar/share/lidar/package.sh'
[1.956s] INFO:colcon.colcon_core.shell:Creating package script '/home/vasav/vasav_ws/install/lidar/share/lidar/package.bash'
[1.959s] INFO:colcon.colcon_core.shell:Creating package script '/home/vasav/vasav_ws/install/lidar/share/lidar/package.zsh'
[1.962s] Level 1:colcon.colcon_core.environment:create_file_with_runtime_dependencies(/home/vasav/vasav_ws/install/lidar/share/colcon-core/packages/lidar)
[1.963s] Level 1:colcon.colcon_core.environment:create_environment_scripts_only(lidar)
[1.963s] Level 1:colcon.colcon_core.environment:checking '/home/vasav/vasav_ws/install/lidar' for CMake module files
[1.964s] Level 1:colcon.colcon_core.environment:checking '/home/vasav/vasav_ws/install/lidar' for CMake config files
[1.965s] Level 1:colcon.colcon_core.shell:create_environment_hook('lidar', 'cmake_prefix_path')
[1.965s] INFO:colcon.colcon_core.shell:Creating environment hook '/home/vasav/vasav_ws/install/lidar/share/lidar/hook/cmake_prefix_path.ps1'
[1.966s] INFO:colcon.colcon_core.shell:Creating environment descriptor '/home/vasav/vasav_ws/install/lidar/share/lidar/hook/cmake_prefix_path.dsv'
[1.966s] INFO:colcon.colcon_core.shell:Creating environment hook '/home/vasav/vasav_ws/install/lidar/share/lidar/hook/cmake_prefix_path.sh'
[1.968s] Level 1:colcon.colcon_core.environment:checking '/home/vasav/vasav_ws/install/lidar/lib'
[1.968s] Level 1:colcon.colcon_core.environment:checking '/home/vasav/vasav_ws/install/lidar/bin'
[1.968s] Level 1:colcon.colcon_core.environment:checking '/home/vasav/vasav_ws/install/lidar/lib/pkgconfig/lidar.pc'
[1.968s] Level 1:colcon.colcon_core.environment:checking '/home/vasav/vasav_ws/install/lidar/lib/python3.12/site-packages'
[1.969s] Level 1:colcon.colcon_core.environment:checking '/home/vasav/vasav_ws/install/lidar/bin'
[1.969s] INFO:colcon.colcon_core.shell:Creating package script '/home/vasav/vasav_ws/install/lidar/share/lidar/package.ps1'
[1.970s] INFO:colcon.colcon_core.shell:Creating package descriptor '/home/vasav/vasav_ws/install/lidar/share/lidar/package.dsv'
[1.971s] INFO:colcon.colcon_core.shell:Creating package script '/home/vasav/vasav_ws/install/lidar/share/lidar/package.sh'
[1.972s] INFO:colcon.colcon_core.shell:Creating package script '/home/vasav/vasav_ws/install/lidar/share/lidar/package.bash'
[1.973s] INFO:colcon.colcon_core.shell:Creating package script '/home/vasav/vasav_ws/install/lidar/share/lidar/package.zsh'
[1.974s] Level 1:colcon.colcon_core.environment:create_file_with_runtime_dependencies(/home/vasav/vasav_ws/install/lidar/share/colcon-core/packages/lidar)
[1.979s] Level 1:colcon.colcon_core.environment:create_environment_scripts_only(wheels)
[1.980s] Level 1:colcon.colcon_core.environment:checking '/home/vasav/vasav_ws/install/wheels' for CMake module files
[1.983s] DEBUG:colcon.colcon_core.event_handler.log_command:Invoked command in '/home/vasav/vasav_ws/build/wheels' returned '0': CMAKE_PREFIX_PATH=${CMAKE_PREFIX_PATH}:/opt/ros/jazzy /usr/bin/cmake --install /home/vasav/vasav_ws/build/wheels
[1.985s] Level 1:colcon.colcon_core.environment:checking '/home/vasav/vasav_ws/install/wheels' for CMake config files
[1.992s] Level 1:colcon.colcon_core.shell:create_environment_hook('wheels', 'cmake_prefix_path')
[1.992s] INFO:colcon.colcon_core.shell:Creating environment hook '/home/vasav/vasav_ws/install/wheels/share/wheels/hook/cmake_prefix_path.ps1'
[1.994s] INFO:colcon.colcon_core.shell:Creating environment descriptor '/home/vasav/vasav_ws/install/wheels/share/wheels/hook/cmake_prefix_path.dsv'
[1.994s] INFO:colcon.colcon_core.shell:Creating environment hook '/home/vasav/vasav_ws/install/wheels/share/wheels/hook/cmake_prefix_path.sh'
[1.996s] Level 1:colcon.colcon_core.environment:checking '/home/vasav/vasav_ws/install/wheels/bin'
[1.996s] Level 1:colcon.colcon_core.environment:checking '/home/vasav/vasav_ws/install/wheels/lib/pkgconfig/wheels.pc'
[1.997s] Level 1:colcon.colcon_core.environment:checking '/home/vasav/vasav_ws/install/wheels/lib/python3.12/site-packages'
[1.998s] Level 1:colcon.colcon_core.environment:checking '/home/vasav/vasav_ws/install/wheels/bin'
[1.998s] INFO:colcon.colcon_core.shell:Creating package script '/home/vasav/vasav_ws/install/wheels/share/wheels/package.ps1'
[1.999s] INFO:colcon.colcon_core.shell:Creating package descriptor '/home/vasav/vasav_ws/install/wheels/share/wheels/package.dsv'
[2.001s] INFO:colcon.colcon_core.shell:Creating package script '/home/vasav/vasav_ws/install/wheels/share/wheels/package.sh'
[2.002s] INFO:colcon.colcon_core.shell:Creating package script '/home/vasav/vasav_ws/install/wheels/share/wheels/package.bash'
[2.003s] INFO:colcon.colcon_core.shell:Creating package script '/home/vasav/vasav_ws/install/wheels/share/wheels/package.zsh'
[2.004s] Level 1:colcon.colcon_core.environment:create_file_with_runtime_dependencies(/home/vasav/vasav_ws/install/wheels/share/colcon-core/packages/wheels)
[2.006s] Level 1:colcon.colcon_core.environment:create_environment_scripts_only(wheels)
[2.006s] Level 1:colcon.colcon_core.environment:checking '/home/vasav/vasav_ws/install/wheels' for CMake module files
[2.008s] Level 1:colcon.colcon_core.environment:checking '/home/vasav/vasav_ws/install/wheels' for CMake config files
[2.008s] Level 1:colcon.colcon_core.shell:create_environment_hook('wheels', 'cmake_prefix_path')
[2.009s] INFO:colcon.colcon_core.shell:Creating environment hook '/home/vasav/vasav_ws/install/wheels/share/wheels/hook/cmake_prefix_path.ps1'
[2.010s] INFO:colcon.colcon_core.shell:Creating environment descriptor '/home/vasav/vasav_ws/install/wheels/share/wheels/hook/cmake_prefix_path.dsv'
[2.010s] INFO:colcon.colcon_core.shell:Creating environment hook '/home/vasav/vasav_ws/install/wheels/share/wheels/hook/cmake_prefix_path.sh'
[2.011s] Level 1:colcon.colcon_core.environment:checking '/home/vasav/vasav_ws/install/wheels/bin'
[2.012s] Level 1:colcon.colcon_core.environment:checking '/home/vasav/vasav_ws/install/wheels/lib/pkgconfig/wheels.pc'
[2.012s] Level 1:colcon.colcon_core.environment:checking '/home/vasav/vasav_ws/install/wheels/lib/python3.12/site-packages'
[2.013s] Level 1:colcon.colcon_core.environment:checking '/home/vasav/vasav_ws/install/wheels/bin'
[2.013s] INFO:colcon.colcon_core.shell:Creating package script '/home/vasav/vasav_ws/install/wheels/share/wheels/package.ps1'
[2.014s] INFO:colcon.colcon_core.shell:Creating package descriptor '/home/vasav/vasav_ws/install/wheels/share/wheels/package.dsv'
[2.015s] INFO:colcon.colcon_core.shell:Creating package script '/home/vasav/vasav_ws/install/wheels/share/wheels/package.sh'
[2.016s] INFO:colcon.colcon_core.shell:Creating package script '/home/vasav/vasav_ws/install/wheels/share/wheels/package.bash'
[2.017s] INFO:colcon.colcon_core.shell:Creating package script '/home/vasav/vasav_ws/install/wheels/share/wheels/package.zsh'
[2.017s] Level 1:colcon.colcon_core.environment:create_file_with_runtime_dependencies(/home/vasav/vasav_ws/install/wheels/share/colcon-core/packages/wheels)
[2.018s] Level 1:colcon.colcon_core.environment:create_environment_scripts_only(arms)
[2.019s] Level 1:colcon.colcon_core.environment:checking '/home/vasav/vasav_ws/install/arms' for CMake module files
[2.023s] DEBUG:colcon.colcon_core.event_handler.log_command:Invoked command in '/home/vasav/vasav_ws/build/arms' returned '0': CMAKE_PREFIX_PATH=${CMAKE_PREFIX_PATH}:/opt/ros/jazzy /usr/bin/cmake --install /home/vasav/vasav_ws/build/arms
[2.024s] Level 1:colcon.colcon_core.environment:checking '/home/vasav/vasav_ws/install/arms' for CMake config files
[2.026s] Level 1:colcon.colcon_core.shell:create_environment_hook('arms', 'cmake_prefix_path')
[2.026s] INFO:colcon.colcon_core.shell:Creating environment hook '/home/vasav/vasav_ws/install/arms/share/arms/hook/cmake_prefix_path.ps1'
[2.027s] INFO:colcon.colcon_core.shell:Creating environment descriptor '/home/vasav/vasav_ws/install/arms/share/arms/hook/cmake_prefix_path.dsv'
[2.028s] INFO:colcon.colcon_core.shell:Creating environment hook '/home/vasav/vasav_ws/install/arms/share/arms/hook/cmake_prefix_path.sh'
[2.029s] Level 1:colcon.colcon_core.environment:checking '/home/vasav/vasav_ws/install/arms/bin'
[2.030s] Level 1:colcon.colcon_core.environment:checking '/home/vasav/vasav_ws/install/arms/lib/pkgconfig/arms.pc'
[2.030s] Level 1:colcon.colcon_core.environment:checking '/home/vasav/vasav_ws/install/arms/lib/python3.12/site-packages'
[2.031s] Level 1:colcon.colcon_core.environment:checking '/home/vasav/vasav_ws/install/arms/bin'
[2.032s] INFO:colcon.colcon_core.shell:Creating package script '/home/vasav/vasav_ws/install/arms/share/arms/package.ps1'
[2.033s] INFO:colcon.colcon_core.shell:Creating package descriptor '/home/vasav/vasav_ws/install/arms/share/arms/package.dsv'
[2.034s] INFO:colcon.colcon_core.shell:Creating package script '/home/vasav/vasav_ws/install/arms/share/arms/package.sh'
[2.036s] INFO:colcon.colcon_core.shell:Creating package script '/home/vasav/vasav_ws/install/arms/share/arms/package.bash'
[2.037s] INFO:colcon.colcon_core.shell:Creating package script '/home/vasav/vasav_ws/install/arms/share/arms/package.zsh'
[2.038s] Level 1:colcon.colcon_core.environment:create_file_with_runtime_dependencies(/home/vasav/vasav_ws/install/arms/share/colcon-core/packages/arms)
[2.040s] Level 1:colcon.colcon_core.environment:create_environment_scripts_only(arms)
[2.040s] Level 1:colcon.colcon_core.environment:checking '/home/vasav/vasav_ws/install/arms' for CMake module files
[2.042s] Level 1:colcon.colcon_core.environment:checking '/home/vasav/vasav_ws/install/arms' for CMake config files
[2.042s] Level 1:colcon.colcon_core.shell:create_environment_hook('arms', 'cmake_prefix_path')
[2.042s] INFO:colcon.colcon_core.shell:Creating environment hook '/home/vasav/vasav_ws/install/arms/share/arms/hook/cmake_prefix_path.ps1'
[2.043s] INFO:colcon.colcon_core.shell:Creating environment descriptor '/home/vasav/vasav_ws/install/arms/share/arms/hook/cmake_prefix_path.dsv'
[2.044s] INFO:colcon.colcon_core.shell:Creating environment hook '/home/vasav/vasav_ws/install/arms/share/arms/hook/cmake_prefix_path.sh'
[2.045s] Level 1:colcon.colcon_core.environment:checking '/home/vasav/vasav_ws/install/arms/bin'
[2.045s] Level 1:colcon.colcon_core.environment:checking '/home/vasav/vasav_ws/install/arms/lib/pkgconfig/arms.pc'
[2.045s] Level 1:colcon.colcon_core.environment:checking '/home/vasav/vasav_ws/install/arms/lib/python3.12/site-packages'
[2.046s] Level 1:colcon.colcon_core.environment:checking '/home/vasav/vasav_ws/install/arms/bin'
[2.046s] INFO:colcon.colcon_core.shell:Creating package script '/home/vasav/vasav_ws/install/arms/share/arms/package.ps1'
[2.047s] INFO:colcon.colcon_core.shell:Creating package descriptor '/home/vasav/vasav_ws/install/arms/share/arms/package.dsv'
[2.048s] INFO:colcon.colcon_core.shell:Creating package script '/home/vasav/vasav_ws/install/arms/share/arms/package.sh'
[2.049s] INFO:colcon.colcon_core.shell:Creating package script '/home/vasav/vasav_ws/install/arms/share/arms/package.bash'
[2.049s] INFO:colcon.colcon_core.shell:Creating package script '/home/vasav/vasav_ws/install/arms/share/arms/package.zsh'
[2.050s] Level 1:colcon.colcon_core.environment:create_file_with_runtime_dependencies(/home/vasav/vasav_ws/install/arms/share/colcon-core/packages/arms)
[2.050s] DEBUG:colcon.colcon_parallel_executor.executor.parallel:closing loop
[2.052s] DEBUG:colcon.colcon_parallel_executor.executor.parallel:loop closed
[2.052s] DEBUG:colcon.colcon_parallel_executor.executor.parallel:run_until_complete finished with '0'
[2.052s] DEBUG:colcon.colcon_core.event_reactor:joining thread
[2.207s] INFO:colcon.colcon_core.plugin_system:Skipping extension 'colcon_notification.desktop_notification.notify_send': Could not find 'notify-send'
[2.207s] INFO:colcon.colcon_core.plugin_system:Skipping extension 'colcon_notification.desktop_notification.terminal_notifier': Not used on non-Darwin systems
[2.207s] INFO:colcon.colcon_core.plugin_system:Skipping extension 'colcon_notification.desktop_notification.win32': Not used on non-Windows systems
[2.208s] INFO:colcon.colcon_notification.desktop_notification:Sending desktop notification using 'notify2'
[2.261s] DEBUG:colcon.colcon_notification.desktop_notification.notify2:Failed to initialize notify2: org.freedesktop.DBus.Error.ServiceUnknown: The name org.freedesktop.Notifications was not provided by any .service files
[2.261s] DEBUG:colcon.colcon_core.event_reactor:joined thread
[2.262s] INFO:colcon.colcon_core.shell:Creating prefix script '/home/vasav/vasav_ws/install/local_setup.ps1'
[2.264s] INFO:colcon.colcon_core.shell:Creating prefix util module '/home/vasav/vasav_ws/install/_local_setup_util_ps1.py'
[2.266s] INFO:colcon.colcon_core.shell:Creating prefix chain script '/home/vasav/vasav_ws/install/setup.ps1'
[2.268s] INFO:colcon.colcon_core.shell:Creating prefix script '/home/vasav/vasav_ws/install/local_setup.sh'
[2.270s] INFO:colcon.colcon_core.shell:Creating prefix util module '/home/vasav/vasav_ws/install/_local_setup_util_sh.py'
[2.271s] INFO:colcon.colcon_core.shell:Creating prefix chain script '/home/vasav/vasav_ws/install/setup.sh'
[2.273s] INFO:colcon.colcon_core.shell:Creating prefix script '/home/vasav/vasav_ws/install/local_setup.bash'
[2.274s] INFO:colcon.colcon_core.shell:Creating prefix chain script '/home/vasav/vasav_ws/install/setup.bash'
[2.276s] INFO:colcon.colcon_core.shell:Creating prefix script '/home/vasav/vasav_ws/install/local_setup.zsh'
[2.278s] INFO:colcon.colcon_core.shell:Creating prefix chain script '/home/vasav/vasav_ws/install/setup.zsh'
