[0.038s] Invoking command in '/home/vasav/vasav_ws/build/wheels': CMAKE_PREFIX_PATH=${CMAKE_PREFIX_PATH}:/opt/ros/jazzy /usr/bin/cmake --build /home/vasav/vasav_ws/build/wheels -- -j8 -l8
[0.347s] Invoked command in '/home/vasav/vasav_ws/build/wheels' returned '0': CMAKE_PREFIX_PATH=${CMAKE_PREFIX_PATH}:/opt/ros/jazzy /usr/bin/cmake --build /home/vasav/vasav_ws/build/wheels -- -j8 -l8
[0.351s] Invoking command in '/home/vasav/vasav_ws/build/wheels': CMAKE_PREFIX_PATH=${CMAKE_PREFIX_PATH}:/opt/ros/jazzy /usr/bin/cmake --install /home/vasav/vasav_ws/build/wheels
[0.376s] -- Install configuration: ""
[0.380s] -- Up-to-date: /home/vasav/vasav_ws/install/wheels/share/ament_index/resource_index/package_run_dependencies/wheels
[0.380s] -- Up-to-date: /home/vasav/vasav_ws/install/wheels/share/ament_index/resource_index/parent_prefix_path/wheels
[0.382s] -- Up-to-date: /home/vasav/vasav_ws/install/wheels/share/wheels/environment/ament_prefix_path.sh
[0.382s] -- Up-to-date: /home/vasav/vasav_ws/install/wheels/share/wheels/environment/ament_prefix_path.dsv
[0.385s] -- Up-to-date: /home/vasav/vasav_ws/install/wheels/share/wheels/environment/path.sh
[0.385s] -- Up-to-date: /home/vasav/vasav_ws/install/wheels/share/wheels/environment/path.dsv
[0.385s] -- Up-to-date: /home/vasav/vasav_ws/install/wheels/share/wheels/local_setup.bash
[0.386s] -- Up-to-date: /home/vasav/vasav_ws/install/wheels/share/wheels/local_setup.sh
[0.387s] -- Up-to-date: /home/vasav/vasav_ws/install/wheels/share/wheels/local_setup.zsh
[0.388s] -- Up-to-date: /home/vasav/vasav_ws/install/wheels/share/wheels/local_setup.dsv
[0.388s] -- Installing: /home/vasav/vasav_ws/install/wheels/share/wheels/package.dsv
[0.388s] -- Up-to-date: /home/vasav/vasav_ws/install/wheels/share/ament_index/resource_index/packages/wheels
[0.390s] -- Up-to-date: /home/vasav/vasav_ws/install/wheels/share/wheels/cmake/wheelsConfig.cmake
[0.390s] -- Up-to-date: /home/vasav/vasav_ws/install/wheels/share/wheels/cmake/wheelsConfig-version.cmake
[0.391s] -- Up-to-date: /home/vasav/vasav_ws/install/wheels/share/wheels/package.xml
[0.467s] Invoked command in '/home/vasav/vasav_ws/build/wheels' returned '0': CMAKE_PREFIX_PATH=${CMAKE_PREFIX_PATH}:/opt/ros/jazzy /usr/bin/cmake --install /home/vasav/vasav_ws/build/wheels
