[0.730s] DEBUG:colcon:Command line arguments: ['/usr/bin/colcon', 'build']
[0.730s] DEBUG:colcon:Parsed command line arguments: Namespace(log_base=None, log_level=None, verb_name='build', build_base='build', install_base='install', merge_install=False, symlink_install=False, test_result_base=None, continue_on_error=False, executor='parallel', parallel_workers=8, event_handlers=None, ignore_user_meta=False, metas=['./colcon.meta'], base_paths=['.'], packages_ignore=None, packages_ignore_regex=None, paths=None, packages_up_to=None, packages_up_to_regex=None, packages_above=None, packages_above_and_dependencies=None, packages_above_depth=None, packages_select_by_dep=None, packages_skip_by_dep=None, packages_skip_up_to=None, packages_select_build_failed=False, packages_skip_build_finished=False, packages_select_test_failures=False, packages_skip_test_passed=False, packages_select=None, packages_skip=None, packages_select_regex=None, packages_skip_regex=None, packages_start=None, packages_end=None, allow_overriding=[], cmake_args=None, cmake_target=None, cmake_target_skip_unavailable=False, cmake_clean_cache=False, cmake_clean_first=False, cmake_force_configure=False, ament_cmake_args=None, catkin_cmake_args=None, catkin_skip_building_tests=False, mixin_files=None, mixin=None, verb_parser=<colcon_mixin.mixin.mixin_argument.MixinArgumentDecorator object at 0x741200374dd0>, verb_extension=<colcon_core.verb.build.BuildVerb object at 0x741200374a10>, main=<bound method BuildVerb.main of <colcon_core.verb.build.BuildVerb object at 0x741200374a10>>, mixin_verb=('build',))
[0.889s] Level 1:colcon.colcon_core.package_discovery:discover_packages(colcon_meta) check parameters
[0.889s] Level 1:colcon.colcon_core.package_discovery:discover_packages(recursive) check parameters
[0.889s] Level 1:colcon.colcon_core.package_discovery:discover_packages(ignore) check parameters
[0.889s] Level 1:colcon.colcon_core.package_discovery:discover_packages(path) check parameters
[0.889s] Level 1:colcon.colcon_core.package_discovery:discover_packages(colcon_meta) discover
[0.889s] Level 1:colcon.colcon_core.package_discovery:discover_packages(recursive) discover
[0.889s] INFO:colcon.colcon_core.package_discovery:Crawling recursively for packages in '/home/vasav/vasav_ws'
[0.890s] Level 1:colcon.colcon_core.package_identification:_identify(.) by extensions ['ignore', 'ignore_ament_install']
[0.890s] Level 1:colcon.colcon_core.package_identification:_identify(.) by extension 'ignore'
[0.890s] Level 1:colcon.colcon_core.package_identification:_identify(.) by extension 'ignore_ament_install'
[0.890s] Level 1:colcon.colcon_core.package_identification:_identify(.) by extensions ['colcon_pkg']
[0.890s] Level 1:colcon.colcon_core.package_identification:_identify(.) by extension 'colcon_pkg'
[0.890s] Level 1:colcon.colcon_core.package_identification:_identify(.) by extensions ['colcon_meta']
[0.891s] Level 1:colcon.colcon_core.package_identification:_identify(.) by extension 'colcon_meta'
[0.891s] Level 1:colcon.colcon_core.package_identification:_identify(.) by extensions ['ros']
[0.891s] Level 1:colcon.colcon_core.package_identification:_identify(.) by extension 'ros'
[0.963s] Level 1:colcon.colcon_core.package_identification:_identify(.) by extensions ['cmake', 'python']
[0.964s] Level 1:colcon.colcon_core.package_identification:_identify(.) by extension 'cmake'
[0.964s] Level 1:colcon.colcon_core.package_identification:_identify(.) by extension 'python'
[0.964s] Level 1:colcon.colcon_core.package_identification:_identify(.) by extensions ['python_setup_py']
[0.964s] Level 1:colcon.colcon_core.package_identification:_identify(.) by extension 'python_setup_py'
[0.965s] Level 1:colcon.colcon_core.package_identification:_identify(build) by extensions ['ignore', 'ignore_ament_install']
[0.965s] Level 1:colcon.colcon_core.package_identification:_identify(build) by extension 'ignore'
[0.965s] Level 1:colcon.colcon_core.package_identification:_identify(build) ignored
[0.966s] Level 1:colcon.colcon_core.package_identification:_identify(install) by extensions ['ignore', 'ignore_ament_install']
[0.966s] Level 1:colcon.colcon_core.package_identification:_identify(install) by extension 'ignore'
[0.966s] Level 1:colcon.colcon_core.package_identification:_identify(install) ignored
[0.966s] Level 1:colcon.colcon_core.package_identification:_identify(log) by extensions ['ignore', 'ignore_ament_install']
[0.966s] Level 1:colcon.colcon_core.package_identification:_identify(log) by extension 'ignore'
[0.966s] Level 1:colcon.colcon_core.package_identification:_identify(log) ignored
[0.967s] Level 1:colcon.colcon_core.package_identification:_identify(src) by extensions ['ignore', 'ignore_ament_install']
[0.967s] Level 1:colcon.colcon_core.package_identification:_identify(src) by extension 'ignore'
[0.967s] Level 1:colcon.colcon_core.package_identification:_identify(src) by extension 'ignore_ament_install'
[0.968s] Level 1:colcon.colcon_core.package_identification:_identify(src) by extensions ['colcon_pkg']
[0.968s] Level 1:colcon.colcon_core.package_identification:_identify(src) by extension 'colcon_pkg'
[0.968s] Level 1:colcon.colcon_core.package_identification:_identify(src) by extensions ['colcon_meta']
[0.968s] Level 1:colcon.colcon_core.package_identification:_identify(src) by extension 'colcon_meta'
[0.968s] Level 1:colcon.colcon_core.package_identification:_identify(src) by extensions ['ros']
[0.968s] Level 1:colcon.colcon_core.package_identification:_identify(src) by extension 'ros'
[0.968s] Level 1:colcon.colcon_core.package_identification:_identify(src) by extensions ['cmake', 'python']
[0.968s] Level 1:colcon.colcon_core.package_identification:_identify(src) by extension 'cmake'
[0.968s] Level 1:colcon.colcon_core.package_identification:_identify(src) by extension 'python'
[0.968s] Level 1:colcon.colcon_core.package_identification:_identify(src) by extensions ['python_setup_py']
[0.968s] Level 1:colcon.colcon_core.package_identification:_identify(src) by extension 'python_setup_py'
[0.969s] Level 1:colcon.colcon_core.package_identification:_identify(src/arms) by extensions ['ignore', 'ignore_ament_install']
[0.969s] Level 1:colcon.colcon_core.package_identification:_identify(src/arms) by extension 'ignore'
[0.969s] Level 1:colcon.colcon_core.package_identification:_identify(src/arms) by extension 'ignore_ament_install'
[0.969s] Level 1:colcon.colcon_core.package_identification:_identify(src/arms) by extensions ['colcon_pkg']
[0.970s] Level 1:colcon.colcon_core.package_identification:_identify(src/arms) by extension 'colcon_pkg'
[0.970s] Level 1:colcon.colcon_core.package_identification:_identify(src/arms) by extensions ['colcon_meta']
[0.970s] Level 1:colcon.colcon_core.package_identification:_identify(src/arms) by extension 'colcon_meta'
[0.970s] Level 1:colcon.colcon_core.package_identification:_identify(src/arms) by extensions ['ros']
[0.970s] Level 1:colcon.colcon_core.package_identification:_identify(src/arms) by extension 'ros'
[0.977s] DEBUG:colcon.colcon_core.package_identification:Package 'src/arms' with type 'ros.ament_cmake' and name 'arms'
[0.978s] Level 1:colcon.colcon_core.package_identification:_identify(src/lidar) by extensions ['ignore', 'ignore_ament_install']
[0.978s] Level 1:colcon.colcon_core.package_identification:_identify(src/lidar) by extension 'ignore'
[0.978s] Level 1:colcon.colcon_core.package_identification:_identify(src/lidar) by extension 'ignore_ament_install'
[0.978s] Level 1:colcon.colcon_core.package_identification:_identify(src/lidar) by extensions ['colcon_pkg']
[0.978s] Level 1:colcon.colcon_core.package_identification:_identify(src/lidar) by extension 'colcon_pkg'
[0.979s] Level 1:colcon.colcon_core.package_identification:_identify(src/lidar) by extensions ['colcon_meta']
[0.979s] Level 1:colcon.colcon_core.package_identification:_identify(src/lidar) by extension 'colcon_meta'
[0.979s] Level 1:colcon.colcon_core.package_identification:_identify(src/lidar) by extensions ['ros']
[0.979s] Level 1:colcon.colcon_core.package_identification:_identify(src/lidar) by extension 'ros'
[0.981s] DEBUG:colcon.colcon_core.package_identification:Package 'src/lidar' with type 'ros.ament_cmake' and name 'lidar'
[0.981s] Level 1:colcon.colcon_core.package_identification:_identify(src/wheels) by extensions ['ignore', 'ignore_ament_install']
[0.982s] Level 1:colcon.colcon_core.package_identification:_identify(src/wheels) by extension 'ignore'
[0.982s] Level 1:colcon.colcon_core.package_identification:_identify(src/wheels) by extension 'ignore_ament_install'
[0.982s] Level 1:colcon.colcon_core.package_identification:_identify(src/wheels) by extensions ['colcon_pkg']
[0.982s] Level 1:colcon.colcon_core.package_identification:_identify(src/wheels) by extension 'colcon_pkg'
[0.982s] Level 1:colcon.colcon_core.package_identification:_identify(src/wheels) by extensions ['colcon_meta']
[0.982s] Level 1:colcon.colcon_core.package_identification:_identify(src/wheels) by extension 'colcon_meta'
[0.982s] Level 1:colcon.colcon_core.package_identification:_identify(src/wheels) by extensions ['ros']
[0.982s] Level 1:colcon.colcon_core.package_identification:_identify(src/wheels) by extension 'ros'
[0.984s] DEBUG:colcon.colcon_core.package_identification:Package 'src/wheels' with type 'ros.ament_cmake' and name 'wheels'
[0.984s] Level 1:colcon.colcon_core.package_discovery:discover_packages(recursive) using defaults
[0.984s] Level 1:colcon.colcon_core.package_discovery:discover_packages(ignore) discover
[0.984s] Level 1:colcon.colcon_core.package_discovery:discover_packages(ignore) using defaults
[0.984s] Level 1:colcon.colcon_core.package_discovery:discover_packages(path) discover
[0.984s] Level 1:colcon.colcon_core.package_discovery:discover_packages(path) using defaults
[1.042s] Level 1:colcon.colcon_core.package_discovery:discover_packages(prefix_path) check parameters
[1.042s] Level 1:colcon.colcon_core.package_discovery:discover_packages(prefix_path) discover
[1.052s] DEBUG:colcon.colcon_installed_package_information.package_discovery:Found 286 installed packages in /opt/ros/jazzy
[1.053s] Level 1:colcon.colcon_core.package_discovery:discover_packages(prefix_path) using defaults
[1.146s] Level 5:colcon.colcon_core.verb:set package 'arms' build argument 'cmake_args' from command line to 'None'
[1.146s] Level 5:colcon.colcon_core.verb:set package 'arms' build argument 'cmake_target' from command line to 'None'
[1.146s] Level 5:colcon.colcon_core.verb:set package 'arms' build argument 'cmake_target_skip_unavailable' from command line to 'False'
[1.146s] Level 5:colcon.colcon_core.verb:set package 'arms' build argument 'cmake_clean_cache' from command line to 'False'
[1.146s] Level 5:colcon.colcon_core.verb:set package 'arms' build argument 'cmake_clean_first' from command line to 'False'
[1.146s] Level 5:colcon.colcon_core.verb:set package 'arms' build argument 'cmake_force_configure' from command line to 'False'
[1.146s] Level 5:colcon.colcon_core.verb:set package 'arms' build argument 'ament_cmake_args' from command line to 'None'
[1.146s] Level 5:colcon.colcon_core.verb:set package 'arms' build argument 'catkin_cmake_args' from command line to 'None'
[1.146s] Level 5:colcon.colcon_core.verb:set package 'arms' build argument 'catkin_skip_building_tests' from command line to 'False'
[1.147s] DEBUG:colcon.colcon_core.verb:Building package 'arms' with the following arguments: {'ament_cmake_args': None, 'build_base': '/home/vasav/vasav_ws/build/arms', 'catkin_cmake_args': None, 'catkin_skip_building_tests': False, 'cmake_args': None, 'cmake_clean_cache': False, 'cmake_clean_first': False, 'cmake_force_configure': False, 'cmake_target': None, 'cmake_target_skip_unavailable': False, 'install_base': '/home/vasav/vasav_ws/install/arms', 'merge_install': False, 'path': '/home/vasav/vasav_ws/src/arms', 'symlink_install': False, 'test_result_base': None}
[1.147s] Level 5:colcon.colcon_core.verb:set package 'lidar' build argument 'cmake_args' from command line to 'None'
[1.147s] Level 5:colcon.colcon_core.verb:set package 'lidar' build argument 'cmake_target' from command line to 'None'
[1.147s] Level 5:colcon.colcon_core.verb:set package 'lidar' build argument 'cmake_target_skip_unavailable' from command line to 'False'
[1.147s] Level 5:colcon.colcon_core.verb:set package 'lidar' build argument 'cmake_clean_cache' from command line to 'False'
[1.147s] Level 5:colcon.colcon_core.verb:set package 'lidar' build argument 'cmake_clean_first' from command line to 'False'
[1.147s] Level 5:colcon.colcon_core.verb:set package 'lidar' build argument 'cmake_force_configure' from command line to 'False'
[1.147s] Level 5:colcon.colcon_core.verb:set package 'lidar' build argument 'ament_cmake_args' from command line to 'None'
[1.147s] Level 5:colcon.colcon_core.verb:set package 'lidar' build argument 'catkin_cmake_args' from command line to 'None'
[1.147s] Level 5:colcon.colcon_core.verb:set package 'lidar' build argument 'catkin_skip_building_tests' from command line to 'False'
[1.147s] DEBUG:colcon.colcon_core.verb:Building package 'lidar' with the following arguments: {'ament_cmake_args': None, 'build_base': '/home/vasav/vasav_ws/build/lidar', 'catkin_cmake_args': None, 'catkin_skip_building_tests': False, 'cmake_args': None, 'cmake_clean_cache': False, 'cmake_clean_first': False, 'cmake_force_configure': False, 'cmake_target': None, 'cmake_target_skip_unavailable': False, 'install_base': '/home/vasav/vasav_ws/install/lidar', 'merge_install': False, 'path': '/home/vasav/vasav_ws/src/lidar', 'symlink_install': False, 'test_result_base': None}
[1.148s] Level 5:colcon.colcon_core.verb:set package 'wheels' build argument 'cmake_args' from command line to 'None'
[1.148s] Level 5:colcon.colcon_core.verb:set package 'wheels' build argument 'cmake_target' from command line to 'None'
[1.148s] Level 5:colcon.colcon_core.verb:set package 'wheels' build argument 'cmake_target_skip_unavailable' from command line to 'False'
[1.148s] Level 5:colcon.colcon_core.verb:set package 'wheels' build argument 'cmake_clean_cache' from command line to 'False'
[1.148s] Level 5:colcon.colcon_core.verb:set package 'wheels' build argument 'cmake_clean_first' from command line to 'False'
[1.148s] Level 5:colcon.colcon_core.verb:set package 'wheels' build argument 'cmake_force_configure' from command line to 'False'
[1.148s] Level 5:colcon.colcon_core.verb:set package 'wheels' build argument 'ament_cmake_args' from command line to 'None'
[1.148s] Level 5:colcon.colcon_core.verb:set package 'wheels' build argument 'catkin_cmake_args' from command line to 'None'
[1.148s] Level 5:colcon.colcon_core.verb:set package 'wheels' build argument 'catkin_skip_building_tests' from command line to 'False'
[1.148s] DEBUG:colcon.colcon_core.verb:Building package 'wheels' with the following arguments: {'ament_cmake_args': None, 'build_base': '/home/vasav/vasav_ws/build/wheels', 'catkin_cmake_args': None, 'catkin_skip_building_tests': False, 'cmake_args': None, 'cmake_clean_cache': False, 'cmake_clean_first': False, 'cmake_force_configure': False, 'cmake_target': None, 'cmake_target_skip_unavailable': False, 'install_base': '/home/vasav/vasav_ws/install/wheels', 'merge_install': False, 'path': '/home/vasav/vasav_ws/src/wheels', 'symlink_install': False, 'test_result_base': None}
[1.148s] INFO:colcon.colcon_core.executor:Executing jobs using 'parallel' executor
[1.150s] DEBUG:colcon.colcon_parallel_executor.executor.parallel:run_until_complete
[1.151s] INFO:colcon.colcon_ros.task.ament_cmake.build:Building ROS package in '/home/vasav/vasav_ws/src/arms' with build type 'ament_cmake'
[1.151s] INFO:colcon.colcon_cmake.task.cmake.build:Building CMake package in '/home/vasav/vasav_ws/src/arms'
[1.167s] INFO:colcon.colcon_core.plugin_system:Skipping extension 'colcon_core.shell.bat': Not used on non-Windows systems
[1.167s] INFO:colcon.colcon_core.shell:Skip shell extension 'powershell' for command environment: Not usable outside of PowerShell
[1.167s] DEBUG:colcon.colcon_core.shell:Skip shell extension 'dsv' for command environment
[1.174s] INFO:colcon.colcon_ros.task.ament_cmake.build:Building ROS package in '/home/vasav/vasav_ws/src/lidar' with build type 'ament_cmake'
[1.174s] INFO:colcon.colcon_cmake.task.cmake.build:Building CMake package in '/home/vasav/vasav_ws/src/lidar'
[1.175s] INFO:colcon.colcon_core.shell:Skip shell extension 'powershell' for command environment: Not usable outside of PowerShell
[1.175s] DEBUG:colcon.colcon_core.shell:Skip shell extension 'dsv' for command environment
[1.180s] INFO:colcon.colcon_ros.task.ament_cmake.build:Building ROS package in '/home/vasav/vasav_ws/src/wheels' with build type 'ament_cmake'
[1.180s] INFO:colcon.colcon_cmake.task.cmake.build:Building CMake package in '/home/vasav/vasav_ws/src/wheels'
[1.181s] INFO:colcon.colcon_core.shell:Skip shell extension 'powershell' for command environment: Not usable outside of PowerShell
[1.181s] DEBUG:colcon.colcon_core.shell:Skip shell extension 'dsv' for command environment
[1.196s] DEBUG:colcon.colcon_core.event_handler.log_command:Invoking command in '/home/vasav/vasav_ws/build/arms': CMAKE_PREFIX_PATH=${CMAKE_PREFIX_PATH}:/opt/ros/jazzy /usr/bin/cmake --build /home/vasav/vasav_ws/build/arms -- -j8 -l8
[1.212s] DEBUG:colcon.colcon_core.event_handler.log_command:Invoking command in '/home/vasav/vasav_ws/build/lidar': CMAKE_PREFIX_PATH=${CMAKE_PREFIX_PATH}:/opt/ros/jazzy /usr/bin/cmake --build /home/vasav/vasav_ws/build/lidar -- -j8 -l8
[1.222s] DEBUG:colcon.colcon_core.event_handler.log_command:Invoking command in '/home/vasav/vasav_ws/build/wheels': CMAKE_PREFIX_PATH=${CMAKE_PREFIX_PATH}:/opt/ros/jazzy /usr/bin/cmake --build /home/vasav/vasav_ws/build/wheels -- -j8 -l8
[1.429s] DEBUG:colcon.colcon_core.event_handler.log_command:Invoked command in '/home/vasav/vasav_ws/build/wheels' returned '0': CMAKE_PREFIX_PATH=${CMAKE_PREFIX_PATH}:/opt/ros/jazzy /usr/bin/cmake --build /home/vasav/vasav_ws/build/wheels -- -j8 -l8
[1.451s] DEBUG:colcon.colcon_core.event_handler.log_command:Invoking command in '/home/vasav/vasav_ws/build/wheels': CMAKE_PREFIX_PATH=${CMAKE_PREFIX_PATH}:/opt/ros/jazzy /usr/bin/cmake --install /home/vasav/vasav_ws/build/wheels
[1.457s] DEBUG:colcon.colcon_core.event_handler.log_command:Invoked command in '/home/vasav/vasav_ws/build/lidar' returned '0': CMAKE_PREFIX_PATH=${CMAKE_PREFIX_PATH}:/opt/ros/jazzy /usr/bin/cmake --build /home/vasav/vasav_ws/build/lidar -- -j8 -l8
[1.460s] DEBUG:colcon.colcon_core.event_handler.log_command:Invoking command in '/home/vasav/vasav_ws/build/lidar': CMAKE_PREFIX_PATH=${CMAKE_PREFIX_PATH}:/opt/ros/jazzy /usr/bin/cmake --install /home/vasav/vasav_ws/build/lidar
[1.462s] DEBUG:colcon.colcon_core.event_handler.log_command:Invoked command in '/home/vasav/vasav_ws/build/arms' returned '0': CMAKE_PREFIX_PATH=${CMAKE_PREFIX_PATH}:/opt/ros/jazzy /usr/bin/cmake --build /home/vasav/vasav_ws/build/arms -- -j8 -l8
[1.466s] DEBUG:colcon.colcon_core.event_handler.log_command:Invoking command in '/home/vasav/vasav_ws/build/arms': CMAKE_PREFIX_PATH=${CMAKE_PREFIX_PATH}:/opt/ros/jazzy /usr/bin/cmake --install /home/vasav/vasav_ws/build/arms
[1.495s] Level 1:colcon.colcon_core.environment:create_environment_scripts_only(wheels)
[1.504s] DEBUG:colcon.colcon_core.event_handler.log_command:Invoked command in '/home/vasav/vasav_ws/build/wheels' returned '0': CMAKE_PREFIX_PATH=${CMAKE_PREFIX_PATH}:/opt/ros/jazzy /usr/bin/cmake --install /home/vasav/vasav_ws/build/wheels
[1.517s] Level 1:colcon.colcon_core.environment:checking '/home/vasav/vasav_ws/install/wheels' for CMake module files
[1.520s] Level 1:colcon.colcon_core.environment:checking '/home/vasav/vasav_ws/install/wheels' for CMake config files
[1.527s] Level 1:colcon.colcon_core.shell:create_environment_hook('wheels', 'cmake_prefix_path')
[1.527s] INFO:colcon.colcon_core.shell:Creating environment hook '/home/vasav/vasav_ws/install/wheels/share/wheels/hook/cmake_prefix_path.ps1'
[1.529s] INFO:colcon.colcon_core.shell:Creating environment descriptor '/home/vasav/vasav_ws/install/wheels/share/wheels/hook/cmake_prefix_path.dsv'
[1.530s] INFO:colcon.colcon_core.shell:Creating environment hook '/home/vasav/vasav_ws/install/wheels/share/wheels/hook/cmake_prefix_path.sh'
[1.532s] Level 1:colcon.colcon_core.environment:checking '/home/vasav/vasav_ws/install/wheels/lib'
[1.533s] Level 1:colcon.colcon_core.environment:checking '/home/vasav/vasav_ws/install/wheels/bin'
[1.533s] Level 1:colcon.colcon_core.environment:checking '/home/vasav/vasav_ws/install/wheels/lib/pkgconfig/wheels.pc'
[1.534s] Level 1:colcon.colcon_core.environment:checking '/home/vasav/vasav_ws/install/wheels/lib/python3.12/site-packages'
[1.534s] Level 1:colcon.colcon_core.environment:checking '/home/vasav/vasav_ws/install/wheels/bin'
[1.534s] INFO:colcon.colcon_core.shell:Creating package script '/home/vasav/vasav_ws/install/wheels/share/wheels/package.ps1'
[1.536s] INFO:colcon.colcon_core.shell:Creating package descriptor '/home/vasav/vasav_ws/install/wheels/share/wheels/package.dsv'
[1.538s] INFO:colcon.colcon_core.shell:Creating package script '/home/vasav/vasav_ws/install/wheels/share/wheels/package.sh'
[1.539s] INFO:colcon.colcon_core.shell:Creating package script '/home/vasav/vasav_ws/install/wheels/share/wheels/package.bash'
[1.541s] INFO:colcon.colcon_core.shell:Creating package script '/home/vasav/vasav_ws/install/wheels/share/wheels/package.zsh'
[1.542s] Level 1:colcon.colcon_core.environment:create_file_with_runtime_dependencies(/home/vasav/vasav_ws/install/wheels/share/colcon-core/packages/wheels)
[1.543s] Level 1:colcon.colcon_core.environment:create_environment_scripts_only(wheels)
[1.543s] Level 1:colcon.colcon_core.environment:checking '/home/vasav/vasav_ws/install/wheels' for CMake module files
[1.545s] Level 1:colcon.colcon_core.environment:checking '/home/vasav/vasav_ws/install/wheels' for CMake config files
[1.545s] Level 1:colcon.colcon_core.shell:create_environment_hook('wheels', 'cmake_prefix_path')
[1.545s] INFO:colcon.colcon_core.shell:Creating environment hook '/home/vasav/vasav_ws/install/wheels/share/wheels/hook/cmake_prefix_path.ps1'
[1.546s] INFO:colcon.colcon_core.shell:Creating environment descriptor '/home/vasav/vasav_ws/install/wheels/share/wheels/hook/cmake_prefix_path.dsv'
[1.547s] INFO:colcon.colcon_core.shell:Creating environment hook '/home/vasav/vasav_ws/install/wheels/share/wheels/hook/cmake_prefix_path.sh'
[1.548s] Level 1:colcon.colcon_core.environment:checking '/home/vasav/vasav_ws/install/wheels/lib'
[1.549s] Level 1:colcon.colcon_core.environment:checking '/home/vasav/vasav_ws/install/wheels/bin'
[1.549s] Level 1:colcon.colcon_core.environment:checking '/home/vasav/vasav_ws/install/wheels/lib/pkgconfig/wheels.pc'
[1.550s] Level 1:colcon.colcon_core.environment:checking '/home/vasav/vasav_ws/install/wheels/lib/python3.12/site-packages'
[1.550s] Level 1:colcon.colcon_core.environment:checking '/home/vasav/vasav_ws/install/wheels/bin'
[1.550s] INFO:colcon.colcon_core.shell:Creating package script '/home/vasav/vasav_ws/install/wheels/share/wheels/package.ps1'
[1.551s] INFO:colcon.colcon_core.shell:Creating package descriptor '/home/vasav/vasav_ws/install/wheels/share/wheels/package.dsv'
[1.553s] INFO:colcon.colcon_core.shell:Creating package script '/home/vasav/vasav_ws/install/wheels/share/wheels/package.sh'
[1.553s] INFO:colcon.colcon_core.shell:Creating package script '/home/vasav/vasav_ws/install/wheels/share/wheels/package.bash'
[1.554s] INFO:colcon.colcon_core.shell:Creating package script '/home/vasav/vasav_ws/install/wheels/share/wheels/package.zsh'
[1.555s] Level 1:colcon.colcon_core.environment:create_file_with_runtime_dependencies(/home/vasav/vasav_ws/install/wheels/share/colcon-core/packages/wheels)
[1.560s] Level 1:colcon.colcon_core.environment:create_environment_scripts_only(lidar)
[1.560s] Level 1:colcon.colcon_core.environment:checking '/home/vasav/vasav_ws/install/lidar' for CMake module files
[1.561s] DEBUG:colcon.colcon_core.event_handler.log_command:Invoked command in '/home/vasav/vasav_ws/build/lidar' returned '0': CMAKE_PREFIX_PATH=${CMAKE_PREFIX_PATH}:/opt/ros/jazzy /usr/bin/cmake --install /home/vasav/vasav_ws/build/lidar
[1.563s] Level 1:colcon.colcon_core.environment:checking '/home/vasav/vasav_ws/install/lidar' for CMake config files
[1.570s] Level 1:colcon.colcon_core.shell:create_environment_hook('lidar', 'cmake_prefix_path')
[1.571s] INFO:colcon.colcon_core.shell:Creating environment hook '/home/vasav/vasav_ws/install/lidar/share/lidar/hook/cmake_prefix_path.ps1'
[1.571s] INFO:colcon.colcon_core.shell:Creating environment descriptor '/home/vasav/vasav_ws/install/lidar/share/lidar/hook/cmake_prefix_path.dsv'
[1.572s] INFO:colcon.colcon_core.shell:Creating environment hook '/home/vasav/vasav_ws/install/lidar/share/lidar/hook/cmake_prefix_path.sh'
[1.573s] Level 1:colcon.colcon_core.environment:checking '/home/vasav/vasav_ws/install/lidar/lib'
[1.574s] Level 1:colcon.colcon_core.environment:checking '/home/vasav/vasav_ws/install/lidar/bin'
[1.574s] Level 1:colcon.colcon_core.environment:checking '/home/vasav/vasav_ws/install/lidar/lib/pkgconfig/lidar.pc'
[1.575s] Level 1:colcon.colcon_core.environment:checking '/home/vasav/vasav_ws/install/lidar/lib/python3.12/site-packages'
[1.575s] Level 1:colcon.colcon_core.environment:checking '/home/vasav/vasav_ws/install/lidar/bin'
[1.575s] INFO:colcon.colcon_core.shell:Creating package script '/home/vasav/vasav_ws/install/lidar/share/lidar/package.ps1'
[1.577s] INFO:colcon.colcon_core.shell:Creating package descriptor '/home/vasav/vasav_ws/install/lidar/share/lidar/package.dsv'
[1.578s] INFO:colcon.colcon_core.shell:Creating package script '/home/vasav/vasav_ws/install/lidar/share/lidar/package.sh'
[1.579s] INFO:colcon.colcon_core.shell:Creating package script '/home/vasav/vasav_ws/install/lidar/share/lidar/package.bash'
[1.579s] INFO:colcon.colcon_core.shell:Creating package script '/home/vasav/vasav_ws/install/lidar/share/lidar/package.zsh'
[1.580s] Level 1:colcon.colcon_core.environment:create_file_with_runtime_dependencies(/home/vasav/vasav_ws/install/lidar/share/colcon-core/packages/lidar)
[1.581s] Level 1:colcon.colcon_core.environment:create_environment_scripts_only(lidar)
[1.581s] Level 1:colcon.colcon_core.environment:checking '/home/vasav/vasav_ws/install/lidar' for CMake module files
[1.582s] Level 1:colcon.colcon_core.environment:checking '/home/vasav/vasav_ws/install/lidar' for CMake config files
[1.583s] Level 1:colcon.colcon_core.shell:create_environment_hook('lidar', 'cmake_prefix_path')
[1.583s] INFO:colcon.colcon_core.shell:Creating environment hook '/home/vasav/vasav_ws/install/lidar/share/lidar/hook/cmake_prefix_path.ps1'
[1.583s] INFO:colcon.colcon_core.shell:Creating environment descriptor '/home/vasav/vasav_ws/install/lidar/share/lidar/hook/cmake_prefix_path.dsv'
[1.584s] INFO:colcon.colcon_core.shell:Creating environment hook '/home/vasav/vasav_ws/install/lidar/share/lidar/hook/cmake_prefix_path.sh'
[1.585s] Level 1:colcon.colcon_core.environment:checking '/home/vasav/vasav_ws/install/lidar/lib'
[1.585s] Level 1:colcon.colcon_core.environment:checking '/home/vasav/vasav_ws/install/lidar/bin'
[1.585s] Level 1:colcon.colcon_core.environment:checking '/home/vasav/vasav_ws/install/lidar/lib/pkgconfig/lidar.pc'
[1.586s] Level 1:colcon.colcon_core.environment:checking '/home/vasav/vasav_ws/install/lidar/lib/python3.12/site-packages'
[1.586s] Level 1:colcon.colcon_core.environment:checking '/home/vasav/vasav_ws/install/lidar/bin'
[1.586s] INFO:colcon.colcon_core.shell:Creating package script '/home/vasav/vasav_ws/install/lidar/share/lidar/package.ps1'
[1.587s] INFO:colcon.colcon_core.shell:Creating package descriptor '/home/vasav/vasav_ws/install/lidar/share/lidar/package.dsv'
[1.588s] INFO:colcon.colcon_core.shell:Creating package script '/home/vasav/vasav_ws/install/lidar/share/lidar/package.sh'
[1.589s] INFO:colcon.colcon_core.shell:Creating package script '/home/vasav/vasav_ws/install/lidar/share/lidar/package.bash'
[1.590s] INFO:colcon.colcon_core.shell:Creating package script '/home/vasav/vasav_ws/install/lidar/share/lidar/package.zsh'
[1.591s] Level 1:colcon.colcon_core.environment:create_file_with_runtime_dependencies(/home/vasav/vasav_ws/install/lidar/share/colcon-core/packages/lidar)
[1.592s] Level 1:colcon.colcon_core.environment:create_environment_scripts_only(arms)
[1.593s] Level 1:colcon.colcon_core.environment:checking '/home/vasav/vasav_ws/install/arms' for CMake module files
[1.594s] DEBUG:colcon.colcon_core.event_handler.log_command:Invoked command in '/home/vasav/vasav_ws/build/arms' returned '0': CMAKE_PREFIX_PATH=${CMAKE_PREFIX_PATH}:/opt/ros/jazzy /usr/bin/cmake --install /home/vasav/vasav_ws/build/arms
[1.596s] Level 1:colcon.colcon_core.environment:checking '/home/vasav/vasav_ws/install/arms' for CMake config files
[1.603s] Level 1:colcon.colcon_core.shell:create_environment_hook('arms', 'cmake_prefix_path')
[1.603s] INFO:colcon.colcon_core.shell:Creating environment hook '/home/vasav/vasav_ws/install/arms/share/arms/hook/cmake_prefix_path.ps1'
[1.604s] INFO:colcon.colcon_core.shell:Creating environment descriptor '/home/vasav/vasav_ws/install/arms/share/arms/hook/cmake_prefix_path.dsv'
[1.605s] INFO:colcon.colcon_core.shell:Creating environment hook '/home/vasav/vasav_ws/install/arms/share/arms/hook/cmake_prefix_path.sh'
[1.606s] Level 1:colcon.colcon_core.environment:checking '/home/vasav/vasav_ws/install/arms/bin'
[1.606s] Level 1:colcon.colcon_core.environment:checking '/home/vasav/vasav_ws/install/arms/lib/pkgconfig/arms.pc'
[1.606s] Level 1:colcon.colcon_core.environment:checking '/home/vasav/vasav_ws/install/arms/lib/python3.12/site-packages'
[1.607s] Level 1:colcon.colcon_core.environment:checking '/home/vasav/vasav_ws/install/arms/bin'
[1.607s] INFO:colcon.colcon_core.shell:Creating package script '/home/vasav/vasav_ws/install/arms/share/arms/package.ps1'
[1.608s] INFO:colcon.colcon_core.shell:Creating package descriptor '/home/vasav/vasav_ws/install/arms/share/arms/package.dsv'
[1.608s] INFO:colcon.colcon_core.shell:Creating package script '/home/vasav/vasav_ws/install/arms/share/arms/package.sh'
[1.609s] INFO:colcon.colcon_core.shell:Creating package script '/home/vasav/vasav_ws/install/arms/share/arms/package.bash'
[1.610s] INFO:colcon.colcon_core.shell:Creating package script '/home/vasav/vasav_ws/install/arms/share/arms/package.zsh'
[1.610s] Level 1:colcon.colcon_core.environment:create_file_with_runtime_dependencies(/home/vasav/vasav_ws/install/arms/share/colcon-core/packages/arms)
[1.612s] Level 1:colcon.colcon_core.environment:create_environment_scripts_only(arms)
[1.612s] Level 1:colcon.colcon_core.environment:checking '/home/vasav/vasav_ws/install/arms' for CMake module files
[1.613s] Level 1:colcon.colcon_core.environment:checking '/home/vasav/vasav_ws/install/arms' for CMake config files
[1.614s] Level 1:colcon.colcon_core.shell:create_environment_hook('arms', 'cmake_prefix_path')
[1.614s] INFO:colcon.colcon_core.shell:Creating environment hook '/home/vasav/vasav_ws/install/arms/share/arms/hook/cmake_prefix_path.ps1'
[1.614s] INFO:colcon.colcon_core.shell:Creating environment descriptor '/home/vasav/vasav_ws/install/arms/share/arms/hook/cmake_prefix_path.dsv'
[1.615s] INFO:colcon.colcon_core.shell:Creating environment hook '/home/vasav/vasav_ws/install/arms/share/arms/hook/cmake_prefix_path.sh'
[1.616s] Level 1:colcon.colcon_core.environment:checking '/home/vasav/vasav_ws/install/arms/bin'
[1.616s] Level 1:colcon.colcon_core.environment:checking '/home/vasav/vasav_ws/install/arms/lib/pkgconfig/arms.pc'
[1.617s] Level 1:colcon.colcon_core.environment:checking '/home/vasav/vasav_ws/install/arms/lib/python3.12/site-packages'
[1.617s] Level 1:colcon.colcon_core.environment:checking '/home/vasav/vasav_ws/install/arms/bin'
[1.617s] INFO:colcon.colcon_core.shell:Creating package script '/home/vasav/vasav_ws/install/arms/share/arms/package.ps1'
[1.618s] INFO:colcon.colcon_core.shell:Creating package descriptor '/home/vasav/vasav_ws/install/arms/share/arms/package.dsv'
[1.619s] INFO:colcon.colcon_core.shell:Creating package script '/home/vasav/vasav_ws/install/arms/share/arms/package.sh'
[1.619s] INFO:colcon.colcon_core.shell:Creating package script '/home/vasav/vasav_ws/install/arms/share/arms/package.bash'
[1.621s] INFO:colcon.colcon_core.shell:Creating package script '/home/vasav/vasav_ws/install/arms/share/arms/package.zsh'
[1.621s] Level 1:colcon.colcon_core.environment:create_file_with_runtime_dependencies(/home/vasav/vasav_ws/install/arms/share/colcon-core/packages/arms)
[1.622s] DEBUG:colcon.colcon_parallel_executor.executor.parallel:closing loop
[1.623s] DEBUG:colcon.colcon_parallel_executor.executor.parallel:loop closed
[1.623s] DEBUG:colcon.colcon_parallel_executor.executor.parallel:run_until_complete finished with '0'
[1.623s] DEBUG:colcon.colcon_core.event_reactor:joining thread
[1.802s] INFO:colcon.colcon_core.plugin_system:Skipping extension 'colcon_notification.desktop_notification.notify_send': Could not find 'notify-send'
[1.802s] INFO:colcon.colcon_core.plugin_system:Skipping extension 'colcon_notification.desktop_notification.terminal_notifier': Not used on non-Darwin systems
[1.803s] INFO:colcon.colcon_core.plugin_system:Skipping extension 'colcon_notification.desktop_notification.win32': Not used on non-Windows systems
[1.803s] INFO:colcon.colcon_notification.desktop_notification:Sending desktop notification using 'notify2'
[1.807s] DEBUG:colcon.colcon_notification.desktop_notification.notify2:Failed to initialize notify2: org.freedesktop.DBus.Error.ServiceUnknown: The name org.freedesktop.Notifications was not provided by any .service files
[1.807s] DEBUG:colcon.colcon_core.event_reactor:joined thread
[1.807s] INFO:colcon.colcon_core.shell:Creating prefix script '/home/vasav/vasav_ws/install/local_setup.ps1'
[1.809s] INFO:colcon.colcon_core.shell:Creating prefix util module '/home/vasav/vasav_ws/install/_local_setup_util_ps1.py'
[1.812s] INFO:colcon.colcon_core.shell:Creating prefix chain script '/home/vasav/vasav_ws/install/setup.ps1'
[1.814s] INFO:colcon.colcon_core.shell:Creating prefix script '/home/vasav/vasav_ws/install/local_setup.sh'
[1.815s] INFO:colcon.colcon_core.shell:Creating prefix util module '/home/vasav/vasav_ws/install/_local_setup_util_sh.py'
[1.816s] INFO:colcon.colcon_core.shell:Creating prefix chain script '/home/vasav/vasav_ws/install/setup.sh'
[1.818s] INFO:colcon.colcon_core.shell:Creating prefix script '/home/vasav/vasav_ws/install/local_setup.bash'
[1.820s] INFO:colcon.colcon_core.shell:Creating prefix chain script '/home/vasav/vasav_ws/install/setup.bash'
[1.821s] INFO:colcon.colcon_core.shell:Creating prefix script '/home/vasav/vasav_ws/install/local_setup.zsh'
[1.823s] INFO:colcon.colcon_core.shell:Creating prefix chain script '/home/vasav/vasav_ws/install/setup.zsh'
