[0.861s] DEBUG:colcon:Command line arguments: ['/usr/bin/colcon', 'build']
[0.861s] DEBUG:colcon:Parsed command line arguments: Namespace(log_base=None, log_level=None, verb_name='build', build_base='build', install_base='install', merge_install=False, symlink_install=False, test_result_base=None, continue_on_error=False, executor='parallel', parallel_workers=8, event_handlers=None, ignore_user_meta=False, metas=['./colcon.meta'], base_paths=['.'], packages_ignore=None, packages_ignore_regex=None, paths=None, packages_up_to=None, packages_up_to_regex=None, packages_above=None, packages_above_and_dependencies=None, packages_above_depth=None, packages_select_by_dep=None, packages_skip_by_dep=None, packages_skip_up_to=None, packages_select_build_failed=False, packages_skip_build_finished=False, packages_select_test_failures=False, packages_skip_test_passed=False, packages_select=None, packages_skip=None, packages_select_regex=None, packages_skip_regex=None, packages_start=None, packages_end=None, allow_overriding=[], cmake_args=None, cmake_target=None, cmake_target_skip_unavailable=False, cmake_clean_cache=False, cmake_clean_first=False, cmake_force_configure=False, ament_cmake_args=None, catkin_cmake_args=None, catkin_skip_building_tests=False, mixin_files=None, mixin=None, verb_parser=<colcon_mixin.mixin.mixin_argument.MixinArgumentDecorator object at 0x796a0f780e30>, verb_extension=<colcon_core.verb.build.BuildVerb object at 0x796a0f780a40>, main=<bound method BuildVerb.main of <colcon_core.verb.build.BuildVerb object at 0x796a0f780a40>>, mixin_verb=('build',))
[1.030s] Level 1:colcon.colcon_core.package_discovery:discover_packages(colcon_meta) check parameters
[1.031s] Level 1:colcon.colcon_core.package_discovery:discover_packages(recursive) check parameters
[1.031s] Level 1:colcon.colcon_core.package_discovery:discover_packages(ignore) check parameters
[1.031s] Level 1:colcon.colcon_core.package_discovery:discover_packages(path) check parameters
[1.031s] Level 1:colcon.colcon_core.package_discovery:discover_packages(colcon_meta) discover
[1.031s] Level 1:colcon.colcon_core.package_discovery:discover_packages(recursive) discover
[1.031s] INFO:colcon.colcon_core.package_discovery:Crawling recursively for packages in '/home/vasav/vasav_ws'
[1.032s] Level 1:colcon.colcon_core.package_identification:_identify(.) by extensions ['ignore', 'ignore_ament_install']
[1.032s] Level 1:colcon.colcon_core.package_identification:_identify(.) by extension 'ignore'
[1.032s] Level 1:colcon.colcon_core.package_identification:_identify(.) by extension 'ignore_ament_install'
[1.032s] Level 1:colcon.colcon_core.package_identification:_identify(.) by extensions ['colcon_pkg']
[1.032s] Level 1:colcon.colcon_core.package_identification:_identify(.) by extension 'colcon_pkg'
[1.032s] Level 1:colcon.colcon_core.package_identification:_identify(.) by extensions ['colcon_meta']
[1.032s] Level 1:colcon.colcon_core.package_identification:_identify(.) by extension 'colcon_meta'
[1.032s] Level 1:colcon.colcon_core.package_identification:_identify(.) by extensions ['ros']
[1.032s] Level 1:colcon.colcon_core.package_identification:_identify(.) by extension 'ros'
[1.113s] Level 1:colcon.colcon_core.package_identification:_identify(.) by extensions ['cmake', 'python']
[1.113s] Level 1:colcon.colcon_core.package_identification:_identify(.) by extension 'cmake'
[1.114s] Level 1:colcon.colcon_core.package_identification:_identify(.) by extension 'python'
[1.114s] Level 1:colcon.colcon_core.package_identification:_identify(.) by extensions ['python_setup_py']
[1.114s] Level 1:colcon.colcon_core.package_identification:_identify(.) by extension 'python_setup_py'
[1.115s] Level 1:colcon.colcon_core.package_identification:_identify(build) by extensions ['ignore', 'ignore_ament_install']
[1.115s] Level 1:colcon.colcon_core.package_identification:_identify(build) by extension 'ignore'
[1.115s] Level 1:colcon.colcon_core.package_identification:_identify(build) ignored
[1.116s] Level 1:colcon.colcon_core.package_identification:_identify(install) by extensions ['ignore', 'ignore_ament_install']
[1.116s] Level 1:colcon.colcon_core.package_identification:_identify(install) by extension 'ignore'
[1.116s] Level 1:colcon.colcon_core.package_identification:_identify(install) ignored
[1.116s] Level 1:colcon.colcon_core.package_identification:_identify(log) by extensions ['ignore', 'ignore_ament_install']
[1.117s] Level 1:colcon.colcon_core.package_identification:_identify(log) by extension 'ignore'
[1.117s] Level 1:colcon.colcon_core.package_identification:_identify(log) ignored
[1.117s] Level 1:colcon.colcon_core.package_identification:_identify(src) by extensions ['ignore', 'ignore_ament_install']
[1.118s] Level 1:colcon.colcon_core.package_identification:_identify(src) by extension 'ignore'
[1.118s] Level 1:colcon.colcon_core.package_identification:_identify(src) by extension 'ignore_ament_install'
[1.118s] Level 1:colcon.colcon_core.package_identification:_identify(src) by extensions ['colcon_pkg']
[1.118s] Level 1:colcon.colcon_core.package_identification:_identify(src) by extension 'colcon_pkg'
[1.118s] Level 1:colcon.colcon_core.package_identification:_identify(src) by extensions ['colcon_meta']
[1.118s] Level 1:colcon.colcon_core.package_identification:_identify(src) by extension 'colcon_meta'
[1.118s] Level 1:colcon.colcon_core.package_identification:_identify(src) by extensions ['ros']
[1.118s] Level 1:colcon.colcon_core.package_identification:_identify(src) by extension 'ros'
[1.118s] Level 1:colcon.colcon_core.package_identification:_identify(src) by extensions ['cmake', 'python']
[1.119s] Level 1:colcon.colcon_core.package_identification:_identify(src) by extension 'cmake'
[1.119s] Level 1:colcon.colcon_core.package_identification:_identify(src) by extension 'python'
[1.119s] Level 1:colcon.colcon_core.package_identification:_identify(src) by extensions ['python_setup_py']
[1.119s] Level 1:colcon.colcon_core.package_identification:_identify(src) by extension 'python_setup_py'
[1.120s] Level 1:colcon.colcon_core.package_identification:_identify(src/arms) by extensions ['ignore', 'ignore_ament_install']
[1.120s] Level 1:colcon.colcon_core.package_identification:_identify(src/arms) by extension 'ignore'
[1.120s] Level 1:colcon.colcon_core.package_identification:_identify(src/arms) by extension 'ignore_ament_install'
[1.120s] Level 1:colcon.colcon_core.package_identification:_identify(src/arms) by extensions ['colcon_pkg']
[1.120s] Level 1:colcon.colcon_core.package_identification:_identify(src/arms) by extension 'colcon_pkg'
[1.120s] Level 1:colcon.colcon_core.package_identification:_identify(src/arms) by extensions ['colcon_meta']
[1.120s] Level 1:colcon.colcon_core.package_identification:_identify(src/arms) by extension 'colcon_meta'
[1.120s] Level 1:colcon.colcon_core.package_identification:_identify(src/arms) by extensions ['ros']
[1.120s] Level 1:colcon.colcon_core.package_identification:_identify(src/arms) by extension 'ros'
[1.127s] DEBUG:colcon.colcon_core.package_identification:Package 'src/arms' with type 'ros.ament_cmake' and name 'arms'
[1.128s] Level 1:colcon.colcon_core.package_identification:_identify(src/lidar) by extensions ['ignore', 'ignore_ament_install']
[1.128s] Level 1:colcon.colcon_core.package_identification:_identify(src/lidar) by extension 'ignore'
[1.128s] Level 1:colcon.colcon_core.package_identification:_identify(src/lidar) by extension 'ignore_ament_install'
[1.128s] Level 1:colcon.colcon_core.package_identification:_identify(src/lidar) by extensions ['colcon_pkg']
[1.128s] Level 1:colcon.colcon_core.package_identification:_identify(src/lidar) by extension 'colcon_pkg'
[1.129s] Level 1:colcon.colcon_core.package_identification:_identify(src/lidar) by extensions ['colcon_meta']
[1.129s] Level 1:colcon.colcon_core.package_identification:_identify(src/lidar) by extension 'colcon_meta'
[1.129s] Level 1:colcon.colcon_core.package_identification:_identify(src/lidar) by extensions ['ros']
[1.129s] Level 1:colcon.colcon_core.package_identification:_identify(src/lidar) by extension 'ros'
[1.131s] DEBUG:colcon.colcon_core.package_identification:Package 'src/lidar' with type 'ros.ament_cmake' and name 'lidar'
[1.131s] Level 1:colcon.colcon_core.package_identification:_identify(src/wheels) by extensions ['ignore', 'ignore_ament_install']
[1.131s] Level 1:colcon.colcon_core.package_identification:_identify(src/wheels) by extension 'ignore'
[1.132s] Level 1:colcon.colcon_core.package_identification:_identify(src/wheels) by extension 'ignore_ament_install'
[1.132s] Level 1:colcon.colcon_core.package_identification:_identify(src/wheels) by extensions ['colcon_pkg']
[1.132s] Level 1:colcon.colcon_core.package_identification:_identify(src/wheels) by extension 'colcon_pkg'
[1.132s] Level 1:colcon.colcon_core.package_identification:_identify(src/wheels) by extensions ['colcon_meta']
[1.132s] Level 1:colcon.colcon_core.package_identification:_identify(src/wheels) by extension 'colcon_meta'
[1.132s] Level 1:colcon.colcon_core.package_identification:_identify(src/wheels) by extensions ['ros']
[1.132s] Level 1:colcon.colcon_core.package_identification:_identify(src/wheels) by extension 'ros'
[1.134s] DEBUG:colcon.colcon_core.package_identification:Package 'src/wheels' with type 'ros.ament_cmake' and name 'wheels'
[1.134s] Level 1:colcon.colcon_core.package_discovery:discover_packages(recursive) using defaults
[1.134s] Level 1:colcon.colcon_core.package_discovery:discover_packages(ignore) discover
[1.134s] Level 1:colcon.colcon_core.package_discovery:discover_packages(ignore) using defaults
[1.134s] Level 1:colcon.colcon_core.package_discovery:discover_packages(path) discover
[1.134s] Level 1:colcon.colcon_core.package_discovery:discover_packages(path) using defaults
[1.197s] Level 1:colcon.colcon_core.package_discovery:discover_packages(prefix_path) check parameters
[1.198s] Level 1:colcon.colcon_core.package_discovery:discover_packages(prefix_path) discover
[1.209s] DEBUG:colcon.colcon_installed_package_information.package_discovery:Found 3 installed packages in /home/vasav/vasav_ws/install
[1.215s] DEBUG:colcon.colcon_installed_package_information.package_discovery:Found 286 installed packages in /opt/ros/jazzy
[1.217s] Level 1:colcon.colcon_core.package_discovery:discover_packages(prefix_path) using defaults
[1.452s] Level 5:colcon.colcon_core.verb:set package 'arms' build argument 'cmake_args' from command line to 'None'
[1.453s] Level 5:colcon.colcon_core.verb:set package 'arms' build argument 'cmake_target' from command line to 'None'
[1.453s] Level 5:colcon.colcon_core.verb:set package 'arms' build argument 'cmake_target_skip_unavailable' from command line to 'False'
[1.453s] Level 5:colcon.colcon_core.verb:set package 'arms' build argument 'cmake_clean_cache' from command line to 'False'
[1.453s] Level 5:colcon.colcon_core.verb:set package 'arms' build argument 'cmake_clean_first' from command line to 'False'
[1.453s] Level 5:colcon.colcon_core.verb:set package 'arms' build argument 'cmake_force_configure' from command line to 'False'
[1.453s] Level 5:colcon.colcon_core.verb:set package 'arms' build argument 'ament_cmake_args' from command line to 'None'
[1.453s] Level 5:colcon.colcon_core.verb:set package 'arms' build argument 'catkin_cmake_args' from command line to 'None'
[1.453s] Level 5:colcon.colcon_core.verb:set package 'arms' build argument 'catkin_skip_building_tests' from command line to 'False'
[1.453s] DEBUG:colcon.colcon_core.verb:Building package 'arms' with the following arguments: {'ament_cmake_args': None, 'build_base': '/home/vasav/vasav_ws/build/arms', 'catkin_cmake_args': None, 'catkin_skip_building_tests': False, 'cmake_args': None, 'cmake_clean_cache': False, 'cmake_clean_first': False, 'cmake_force_configure': False, 'cmake_target': None, 'cmake_target_skip_unavailable': False, 'install_base': '/home/vasav/vasav_ws/install/arms', 'merge_install': False, 'path': '/home/vasav/vasav_ws/src/arms', 'symlink_install': False, 'test_result_base': None}
[1.453s] Level 5:colcon.colcon_core.verb:set package 'lidar' build argument 'cmake_args' from command line to 'None'
[1.453s] Level 5:colcon.colcon_core.verb:set package 'lidar' build argument 'cmake_target' from command line to 'None'
[1.454s] Level 5:colcon.colcon_core.verb:set package 'lidar' build argument 'cmake_target_skip_unavailable' from command line to 'False'
[1.454s] Level 5:colcon.colcon_core.verb:set package 'lidar' build argument 'cmake_clean_cache' from command line to 'False'
[1.454s] Level 5:colcon.colcon_core.verb:set package 'lidar' build argument 'cmake_clean_first' from command line to 'False'
[1.454s] Level 5:colcon.colcon_core.verb:set package 'lidar' build argument 'cmake_force_configure' from command line to 'False'
[1.454s] Level 5:colcon.colcon_core.verb:set package 'lidar' build argument 'ament_cmake_args' from command line to 'None'
[1.454s] Level 5:colcon.colcon_core.verb:set package 'lidar' build argument 'catkin_cmake_args' from command line to 'None'
[1.454s] Level 5:colcon.colcon_core.verb:set package 'lidar' build argument 'catkin_skip_building_tests' from command line to 'False'
[1.454s] DEBUG:colcon.colcon_core.verb:Building package 'lidar' with the following arguments: {'ament_cmake_args': None, 'build_base': '/home/vasav/vasav_ws/build/lidar', 'catkin_cmake_args': None, 'catkin_skip_building_tests': False, 'cmake_args': None, 'cmake_clean_cache': False, 'cmake_clean_first': False, 'cmake_force_configure': False, 'cmake_target': None, 'cmake_target_skip_unavailable': False, 'install_base': '/home/vasav/vasav_ws/install/lidar', 'merge_install': False, 'path': '/home/vasav/vasav_ws/src/lidar', 'symlink_install': False, 'test_result_base': None}
[1.454s] Level 5:colcon.colcon_core.verb:set package 'wheels' build argument 'cmake_args' from command line to 'None'
[1.454s] Level 5:colcon.colcon_core.verb:set package 'wheels' build argument 'cmake_target' from command line to 'None'
[1.454s] Level 5:colcon.colcon_core.verb:set package 'wheels' build argument 'cmake_target_skip_unavailable' from command line to 'False'
[1.454s] Level 5:colcon.colcon_core.verb:set package 'wheels' build argument 'cmake_clean_cache' from command line to 'False'
[1.454s] Level 5:colcon.colcon_core.verb:set package 'wheels' build argument 'cmake_clean_first' from command line to 'False'
[1.454s] Level 5:colcon.colcon_core.verb:set package 'wheels' build argument 'cmake_force_configure' from command line to 'False'
[1.454s] Level 5:colcon.colcon_core.verb:set package 'wheels' build argument 'ament_cmake_args' from command line to 'None'
[1.455s] Level 5:colcon.colcon_core.verb:set package 'wheels' build argument 'catkin_cmake_args' from command line to 'None'
[1.455s] Level 5:colcon.colcon_core.verb:set package 'wheels' build argument 'catkin_skip_building_tests' from command line to 'False'
[1.455s] DEBUG:colcon.colcon_core.verb:Building package 'wheels' with the following arguments: {'ament_cmake_args': None, 'build_base': '/home/vasav/vasav_ws/build/wheels', 'catkin_cmake_args': None, 'catkin_skip_building_tests': False, 'cmake_args': None, 'cmake_clean_cache': False, 'cmake_clean_first': False, 'cmake_force_configure': False, 'cmake_target': None, 'cmake_target_skip_unavailable': False, 'install_base': '/home/vasav/vasav_ws/install/wheels', 'merge_install': False, 'path': '/home/vasav/vasav_ws/src/wheels', 'symlink_install': False, 'test_result_base': None}
[1.455s] INFO:colcon.colcon_core.executor:Executing jobs using 'parallel' executor
[1.456s] DEBUG:colcon.colcon_parallel_executor.executor.parallel:run_until_complete
[1.457s] INFO:colcon.colcon_ros.task.ament_cmake.build:Building ROS package in '/home/vasav/vasav_ws/src/arms' with build type 'ament_cmake'
[1.457s] INFO:colcon.colcon_cmake.task.cmake.build:Building CMake package in '/home/vasav/vasav_ws/src/arms'
[1.471s] INFO:colcon.colcon_core.plugin_system:Skipping extension 'colcon_core.shell.bat': Not used on non-Windows systems
[1.471s] INFO:colcon.colcon_core.shell:Skip shell extension 'powershell' for command environment: Not usable outside of PowerShell
[1.471s] DEBUG:colcon.colcon_core.shell:Skip shell extension 'dsv' for command environment
[1.479s] INFO:colcon.colcon_ros.task.ament_cmake.build:Building ROS package in '/home/vasav/vasav_ws/src/lidar' with build type 'ament_cmake'
[1.480s] INFO:colcon.colcon_cmake.task.cmake.build:Building CMake package in '/home/vasav/vasav_ws/src/lidar'
[1.480s] INFO:colcon.colcon_core.shell:Skip shell extension 'powershell' for command environment: Not usable outside of PowerShell
[1.480s] DEBUG:colcon.colcon_core.shell:Skip shell extension 'dsv' for command environment
[1.486s] INFO:colcon.colcon_ros.task.ament_cmake.build:Building ROS package in '/home/vasav/vasav_ws/src/wheels' with build type 'ament_cmake'
[1.487s] INFO:colcon.colcon_cmake.task.cmake.build:Building CMake package in '/home/vasav/vasav_ws/src/wheels'
[1.487s] INFO:colcon.colcon_core.shell:Skip shell extension 'powershell' for command environment: Not usable outside of PowerShell
[1.487s] DEBUG:colcon.colcon_core.shell:Skip shell extension 'dsv' for command environment
[1.506s] DEBUG:colcon.colcon_core.event_handler.log_command:Invoking command in '/home/vasav/vasav_ws/build/arms': CMAKE_PREFIX_PATH=${CMAKE_PREFIX_PATH}:/opt/ros/jazzy /usr/bin/cmake --build /home/vasav/vasav_ws/build/arms -- -j8 -l8
[1.522s] DEBUG:colcon.colcon_core.event_handler.log_command:Invoking command in '/home/vasav/vasav_ws/build/lidar': CMAKE_PREFIX_PATH=${CMAKE_PREFIX_PATH}:/opt/ros/jazzy /usr/bin/cmake --build /home/vasav/vasav_ws/build/lidar -- -j8 -l8
[1.530s] DEBUG:colcon.colcon_core.event_handler.log_command:Invoking command in '/home/vasav/vasav_ws/build/wheels': CMAKE_PREFIX_PATH=${CMAKE_PREFIX_PATH}:/opt/ros/jazzy /usr/bin/cmake --build /home/vasav/vasav_ws/build/wheels -- -j8 -l8
[1.751s] DEBUG:colcon.colcon_core.event_handler.log_command:Invoked command in '/home/vasav/vasav_ws/build/arms' returned '0': CMAKE_PREFIX_PATH=${CMAKE_PREFIX_PATH}:/opt/ros/jazzy /usr/bin/cmake --build /home/vasav/vasav_ws/build/arms -- -j8 -l8
[1.775s] DEBUG:colcon.colcon_core.event_handler.log_command:Invoking command in '/home/vasav/vasav_ws/build/arms': CMAKE_PREFIX_PATH=${CMAKE_PREFIX_PATH}:/opt/ros/jazzy /usr/bin/cmake --install /home/vasav/vasav_ws/build/arms
[1.776s] DEBUG:colcon.colcon_core.event_handler.log_command:Invoked command in '/home/vasav/vasav_ws/build/lidar' returned '0': CMAKE_PREFIX_PATH=${CMAKE_PREFIX_PATH}:/opt/ros/jazzy /usr/bin/cmake --build /home/vasav/vasav_ws/build/lidar -- -j8 -l8
[1.780s] DEBUG:colcon.colcon_core.event_handler.log_command:Invoking command in '/home/vasav/vasav_ws/build/lidar': CMAKE_PREFIX_PATH=${CMAKE_PREFIX_PATH}:/opt/ros/jazzy /usr/bin/cmake --install /home/vasav/vasav_ws/build/lidar
[1.784s] DEBUG:colcon.colcon_core.event_handler.log_command:Invoked command in '/home/vasav/vasav_ws/build/wheels' returned '0': CMAKE_PREFIX_PATH=${CMAKE_PREFIX_PATH}:/opt/ros/jazzy /usr/bin/cmake --build /home/vasav/vasav_ws/build/wheels -- -j8 -l8
[1.788s] DEBUG:colcon.colcon_core.event_handler.log_command:Invoking command in '/home/vasav/vasav_ws/build/wheels': CMAKE_PREFIX_PATH=${CMAKE_PREFIX_PATH}:/opt/ros/jazzy /usr/bin/cmake --install /home/vasav/vasav_ws/build/wheels
[1.822s] Level 1:colcon.colcon_core.environment:create_environment_scripts_only(arms)
[1.823s] DEBUG:colcon.colcon_core.event_handler.log_command:Invoked command in '/home/vasav/vasav_ws/build/arms' returned '0': CMAKE_PREFIX_PATH=${CMAKE_PREFIX_PATH}:/opt/ros/jazzy /usr/bin/cmake --install /home/vasav/vasav_ws/build/arms
[1.836s] Level 1:colcon.colcon_core.environment:checking '/home/vasav/vasav_ws/install/arms' for CMake module files
[1.838s] Level 1:colcon.colcon_core.environment:checking '/home/vasav/vasav_ws/install/arms' for CMake config files
[1.842s] Level 1:colcon.colcon_core.shell:create_environment_hook('arms', 'cmake_prefix_path')
[1.842s] INFO:colcon.colcon_core.shell:Creating environment hook '/home/vasav/vasav_ws/install/arms/share/arms/hook/cmake_prefix_path.ps1'
[1.843s] INFO:colcon.colcon_core.shell:Creating environment descriptor '/home/vasav/vasav_ws/install/arms/share/arms/hook/cmake_prefix_path.dsv'
[1.845s] INFO:colcon.colcon_core.shell:Creating environment hook '/home/vasav/vasav_ws/install/arms/share/arms/hook/cmake_prefix_path.sh'
[1.846s] Level 1:colcon.colcon_core.environment:checking '/home/vasav/vasav_ws/install/arms/bin'
[1.847s] Level 1:colcon.colcon_core.environment:checking '/home/vasav/vasav_ws/install/arms/lib/pkgconfig/arms.pc'
[1.847s] Level 1:colcon.colcon_core.environment:checking '/home/vasav/vasav_ws/install/arms/lib/python3.12/site-packages'
[1.848s] Level 1:colcon.colcon_core.environment:checking '/home/vasav/vasav_ws/install/arms/bin'
[1.848s] INFO:colcon.colcon_core.shell:Creating package script '/home/vasav/vasav_ws/install/arms/share/arms/package.ps1'
[1.850s] INFO:colcon.colcon_core.shell:Creating package descriptor '/home/vasav/vasav_ws/install/arms/share/arms/package.dsv'
[1.851s] INFO:colcon.colcon_core.shell:Creating package script '/home/vasav/vasav_ws/install/arms/share/arms/package.sh'
[1.853s] INFO:colcon.colcon_core.shell:Creating package script '/home/vasav/vasav_ws/install/arms/share/arms/package.bash'
[1.854s] INFO:colcon.colcon_core.shell:Creating package script '/home/vasav/vasav_ws/install/arms/share/arms/package.zsh'
[1.855s] Level 1:colcon.colcon_core.environment:create_file_with_runtime_dependencies(/home/vasav/vasav_ws/install/arms/share/colcon-core/packages/arms)
[1.856s] Level 1:colcon.colcon_core.environment:create_environment_scripts_only(arms)
[1.857s] Level 1:colcon.colcon_core.environment:checking '/home/vasav/vasav_ws/install/arms' for CMake module files
[1.857s] Level 1:colcon.colcon_core.environment:checking '/home/vasav/vasav_ws/install/arms' for CMake config files
[1.858s] Level 1:colcon.colcon_core.shell:create_environment_hook('arms', 'cmake_prefix_path')
[1.858s] INFO:colcon.colcon_core.shell:Creating environment hook '/home/vasav/vasav_ws/install/arms/share/arms/hook/cmake_prefix_path.ps1'
[1.859s] INFO:colcon.colcon_core.shell:Creating environment descriptor '/home/vasav/vasav_ws/install/arms/share/arms/hook/cmake_prefix_path.dsv'
[1.860s] INFO:colcon.colcon_core.shell:Creating environment hook '/home/vasav/vasav_ws/install/arms/share/arms/hook/cmake_prefix_path.sh'
[1.862s] Level 1:colcon.colcon_core.environment:checking '/home/vasav/vasav_ws/install/arms/bin'
[1.862s] Level 1:colcon.colcon_core.environment:checking '/home/vasav/vasav_ws/install/arms/lib/pkgconfig/arms.pc'
[1.862s] Level 1:colcon.colcon_core.environment:checking '/home/vasav/vasav_ws/install/arms/lib/python3.12/site-packages'
[1.863s] Level 1:colcon.colcon_core.environment:checking '/home/vasav/vasav_ws/install/arms/bin'
[1.863s] INFO:colcon.colcon_core.shell:Creating package script '/home/vasav/vasav_ws/install/arms/share/arms/package.ps1'
[1.864s] INFO:colcon.colcon_core.shell:Creating package descriptor '/home/vasav/vasav_ws/install/arms/share/arms/package.dsv'
[1.865s] INFO:colcon.colcon_core.shell:Creating package script '/home/vasav/vasav_ws/install/arms/share/arms/package.sh'
[1.865s] INFO:colcon.colcon_core.shell:Creating package script '/home/vasav/vasav_ws/install/arms/share/arms/package.bash'
[1.866s] INFO:colcon.colcon_core.shell:Creating package script '/home/vasav/vasav_ws/install/arms/share/arms/package.zsh'
[1.867s] Level 1:colcon.colcon_core.environment:create_file_with_runtime_dependencies(/home/vasav/vasav_ws/install/arms/share/colcon-core/packages/arms)
[1.867s] Level 1:colcon.colcon_core.environment:create_environment_scripts_only(lidar)
[1.868s] Level 1:colcon.colcon_core.environment:checking '/home/vasav/vasav_ws/install/lidar' for CMake module files
[1.871s] DEBUG:colcon.colcon_core.event_handler.log_command:Invoked command in '/home/vasav/vasav_ws/build/lidar' returned '0': CMAKE_PREFIX_PATH=${CMAKE_PREFIX_PATH}:/opt/ros/jazzy /usr/bin/cmake --install /home/vasav/vasav_ws/build/lidar
[1.874s] Level 1:colcon.colcon_core.environment:checking '/home/vasav/vasav_ws/install/lidar' for CMake config files
[1.878s] Level 1:colcon.colcon_core.shell:create_environment_hook('lidar', 'cmake_prefix_path')
[1.879s] INFO:colcon.colcon_core.shell:Creating environment hook '/home/vasav/vasav_ws/install/lidar/share/lidar/hook/cmake_prefix_path.ps1'
[1.880s] INFO:colcon.colcon_core.shell:Creating environment descriptor '/home/vasav/vasav_ws/install/lidar/share/lidar/hook/cmake_prefix_path.dsv'
[1.880s] INFO:colcon.colcon_core.shell:Creating environment hook '/home/vasav/vasav_ws/install/lidar/share/lidar/hook/cmake_prefix_path.sh'
[1.881s] Level 1:colcon.colcon_core.environment:checking '/home/vasav/vasav_ws/install/lidar/lib'
[1.882s] Level 1:colcon.colcon_core.environment:checking '/home/vasav/vasav_ws/install/lidar/bin'
[1.882s] Level 1:colcon.colcon_core.environment:checking '/home/vasav/vasav_ws/install/lidar/lib/pkgconfig/lidar.pc'
[1.883s] Level 1:colcon.colcon_core.environment:checking '/home/vasav/vasav_ws/install/lidar/lib/python3.12/site-packages'
[1.883s] Level 1:colcon.colcon_core.environment:checking '/home/vasav/vasav_ws/install/lidar/bin'
[1.883s] INFO:colcon.colcon_core.shell:Creating package script '/home/vasav/vasav_ws/install/lidar/share/lidar/package.ps1'
[1.884s] INFO:colcon.colcon_core.shell:Creating package descriptor '/home/vasav/vasav_ws/install/lidar/share/lidar/package.dsv'
[1.885s] INFO:colcon.colcon_core.shell:Creating package script '/home/vasav/vasav_ws/install/lidar/share/lidar/package.sh'
[1.885s] INFO:colcon.colcon_core.shell:Creating package script '/home/vasav/vasav_ws/install/lidar/share/lidar/package.bash'
[1.886s] INFO:colcon.colcon_core.shell:Creating package script '/home/vasav/vasav_ws/install/lidar/share/lidar/package.zsh'
[1.887s] Level 1:colcon.colcon_core.environment:create_file_with_runtime_dependencies(/home/vasav/vasav_ws/install/lidar/share/colcon-core/packages/lidar)
[1.887s] Level 1:colcon.colcon_core.environment:create_environment_scripts_only(lidar)
[1.888s] Level 1:colcon.colcon_core.environment:checking '/home/vasav/vasav_ws/install/lidar' for CMake module files
[1.889s] Level 1:colcon.colcon_core.environment:checking '/home/vasav/vasav_ws/install/lidar' for CMake config files
[1.889s] Level 1:colcon.colcon_core.shell:create_environment_hook('lidar', 'cmake_prefix_path')
[1.889s] INFO:colcon.colcon_core.shell:Creating environment hook '/home/vasav/vasav_ws/install/lidar/share/lidar/hook/cmake_prefix_path.ps1'
[1.890s] INFO:colcon.colcon_core.shell:Creating environment descriptor '/home/vasav/vasav_ws/install/lidar/share/lidar/hook/cmake_prefix_path.dsv'
[1.891s] INFO:colcon.colcon_core.shell:Creating environment hook '/home/vasav/vasav_ws/install/lidar/share/lidar/hook/cmake_prefix_path.sh'
[1.891s] Level 1:colcon.colcon_core.environment:checking '/home/vasav/vasav_ws/install/lidar/lib'
[1.892s] Level 1:colcon.colcon_core.environment:checking '/home/vasav/vasav_ws/install/lidar/bin'
[1.892s] Level 1:colcon.colcon_core.environment:checking '/home/vasav/vasav_ws/install/lidar/lib/pkgconfig/lidar.pc'
[1.892s] Level 1:colcon.colcon_core.environment:checking '/home/vasav/vasav_ws/install/lidar/lib/python3.12/site-packages'
[1.892s] Level 1:colcon.colcon_core.environment:checking '/home/vasav/vasav_ws/install/lidar/bin'
[1.893s] INFO:colcon.colcon_core.shell:Creating package script '/home/vasav/vasav_ws/install/lidar/share/lidar/package.ps1'
[1.894s] INFO:colcon.colcon_core.shell:Creating package descriptor '/home/vasav/vasav_ws/install/lidar/share/lidar/package.dsv'
[1.895s] INFO:colcon.colcon_core.shell:Creating package script '/home/vasav/vasav_ws/install/lidar/share/lidar/package.sh'
[1.895s] INFO:colcon.colcon_core.shell:Creating package script '/home/vasav/vasav_ws/install/lidar/share/lidar/package.bash'
[1.896s] INFO:colcon.colcon_core.shell:Creating package script '/home/vasav/vasav_ws/install/lidar/share/lidar/package.zsh'
[1.898s] Level 1:colcon.colcon_core.environment:create_file_with_runtime_dependencies(/home/vasav/vasav_ws/install/lidar/share/colcon-core/packages/lidar)
[1.898s] Level 1:colcon.colcon_core.environment:create_environment_scripts_only(wheels)
[1.899s] Level 1:colcon.colcon_core.environment:checking '/home/vasav/vasav_ws/install/wheels' for CMake module files
[1.901s] DEBUG:colcon.colcon_core.event_handler.log_command:Invoked command in '/home/vasav/vasav_ws/build/wheels' returned '0': CMAKE_PREFIX_PATH=${CMAKE_PREFIX_PATH}:/opt/ros/jazzy /usr/bin/cmake --install /home/vasav/vasav_ws/build/wheels
[1.911s] Level 1:colcon.colcon_core.environment:checking '/home/vasav/vasav_ws/install/wheels' for CMake config files
[1.916s] Level 1:colcon.colcon_core.shell:create_environment_hook('wheels', 'cmake_prefix_path')
[1.917s] INFO:colcon.colcon_core.shell:Creating environment hook '/home/vasav/vasav_ws/install/wheels/share/wheels/hook/cmake_prefix_path.ps1'
[1.918s] INFO:colcon.colcon_core.shell:Creating environment descriptor '/home/vasav/vasav_ws/install/wheels/share/wheels/hook/cmake_prefix_path.dsv'
[1.918s] INFO:colcon.colcon_core.shell:Creating environment hook '/home/vasav/vasav_ws/install/wheels/share/wheels/hook/cmake_prefix_path.sh'
[1.919s] Level 1:colcon.colcon_core.environment:checking '/home/vasav/vasav_ws/install/wheels/lib'
[1.921s] Level 1:colcon.colcon_core.environment:checking '/home/vasav/vasav_ws/install/wheels/bin'
[1.921s] Level 1:colcon.colcon_core.environment:checking '/home/vasav/vasav_ws/install/wheels/lib/pkgconfig/wheels.pc'
[1.921s] Level 1:colcon.colcon_core.environment:checking '/home/vasav/vasav_ws/install/wheels/lib/python3.12/site-packages'
[1.922s] Level 1:colcon.colcon_core.environment:checking '/home/vasav/vasav_ws/install/wheels/bin'
[1.922s] INFO:colcon.colcon_core.shell:Creating package script '/home/vasav/vasav_ws/install/wheels/share/wheels/package.ps1'
[1.923s] INFO:colcon.colcon_core.shell:Creating package descriptor '/home/vasav/vasav_ws/install/wheels/share/wheels/package.dsv'
[1.924s] INFO:colcon.colcon_core.shell:Creating package script '/home/vasav/vasav_ws/install/wheels/share/wheels/package.sh'
[1.925s] INFO:colcon.colcon_core.shell:Creating package script '/home/vasav/vasav_ws/install/wheels/share/wheels/package.bash'
[1.925s] INFO:colcon.colcon_core.shell:Creating package script '/home/vasav/vasav_ws/install/wheels/share/wheels/package.zsh'
[1.926s] Level 1:colcon.colcon_core.environment:create_file_with_runtime_dependencies(/home/vasav/vasav_ws/install/wheels/share/colcon-core/packages/wheels)
[1.927s] Level 1:colcon.colcon_core.environment:create_environment_scripts_only(wheels)
[1.927s] Level 1:colcon.colcon_core.environment:checking '/home/vasav/vasav_ws/install/wheels' for CMake module files
[1.928s] Level 1:colcon.colcon_core.environment:checking '/home/vasav/vasav_ws/install/wheels' for CMake config files
[1.928s] Level 1:colcon.colcon_core.shell:create_environment_hook('wheels', 'cmake_prefix_path')
[1.929s] INFO:colcon.colcon_core.shell:Creating environment hook '/home/vasav/vasav_ws/install/wheels/share/wheels/hook/cmake_prefix_path.ps1'
[1.929s] INFO:colcon.colcon_core.shell:Creating environment descriptor '/home/vasav/vasav_ws/install/wheels/share/wheels/hook/cmake_prefix_path.dsv'
[1.930s] INFO:colcon.colcon_core.shell:Creating environment hook '/home/vasav/vasav_ws/install/wheels/share/wheels/hook/cmake_prefix_path.sh'
[1.931s] Level 1:colcon.colcon_core.environment:checking '/home/vasav/vasav_ws/install/wheels/lib'
[1.931s] Level 1:colcon.colcon_core.environment:checking '/home/vasav/vasav_ws/install/wheels/bin'
[1.931s] Level 1:colcon.colcon_core.environment:checking '/home/vasav/vasav_ws/install/wheels/lib/pkgconfig/wheels.pc'
[1.931s] Level 1:colcon.colcon_core.environment:checking '/home/vasav/vasav_ws/install/wheels/lib/python3.12/site-packages'
[1.932s] Level 1:colcon.colcon_core.environment:checking '/home/vasav/vasav_ws/install/wheels/bin'
[1.932s] INFO:colcon.colcon_core.shell:Creating package script '/home/vasav/vasav_ws/install/wheels/share/wheels/package.ps1'
[1.933s] INFO:colcon.colcon_core.shell:Creating package descriptor '/home/vasav/vasav_ws/install/wheels/share/wheels/package.dsv'
[1.934s] INFO:colcon.colcon_core.shell:Creating package script '/home/vasav/vasav_ws/install/wheels/share/wheels/package.sh'
[1.935s] INFO:colcon.colcon_core.shell:Creating package script '/home/vasav/vasav_ws/install/wheels/share/wheels/package.bash'
[1.936s] INFO:colcon.colcon_core.shell:Creating package script '/home/vasav/vasav_ws/install/wheels/share/wheels/package.zsh'
[1.936s] Level 1:colcon.colcon_core.environment:create_file_with_runtime_dependencies(/home/vasav/vasav_ws/install/wheels/share/colcon-core/packages/wheels)
[1.937s] DEBUG:colcon.colcon_parallel_executor.executor.parallel:closing loop
[1.938s] DEBUG:colcon.colcon_parallel_executor.executor.parallel:loop closed
[1.938s] DEBUG:colcon.colcon_parallel_executor.executor.parallel:run_until_complete finished with '0'
[1.939s] DEBUG:colcon.colcon_core.event_reactor:joining thread
[2.126s] INFO:colcon.colcon_core.plugin_system:Skipping extension 'colcon_notification.desktop_notification.notify_send': Could not find 'notify-send'
[2.126s] INFO:colcon.colcon_core.plugin_system:Skipping extension 'colcon_notification.desktop_notification.terminal_notifier': Not used on non-Darwin systems
[2.126s] INFO:colcon.colcon_core.plugin_system:Skipping extension 'colcon_notification.desktop_notification.win32': Not used on non-Windows systems
[2.127s] INFO:colcon.colcon_notification.desktop_notification:Sending desktop notification using 'notify2'
[2.130s] DEBUG:colcon.colcon_notification.desktop_notification.notify2:Failed to initialize notify2: org.freedesktop.DBus.Error.ServiceUnknown: The name org.freedesktop.Notifications was not provided by any .service files
[2.130s] DEBUG:colcon.colcon_core.event_reactor:joined thread
[2.131s] INFO:colcon.colcon_core.shell:Creating prefix script '/home/vasav/vasav_ws/install/local_setup.ps1'
[2.133s] INFO:colcon.colcon_core.shell:Creating prefix util module '/home/vasav/vasav_ws/install/_local_setup_util_ps1.py'
[2.135s] INFO:colcon.colcon_core.shell:Creating prefix chain script '/home/vasav/vasav_ws/install/setup.ps1'
[2.137s] INFO:colcon.colcon_core.shell:Creating prefix script '/home/vasav/vasav_ws/install/local_setup.sh'
[2.139s] INFO:colcon.colcon_core.shell:Creating prefix util module '/home/vasav/vasav_ws/install/_local_setup_util_sh.py'
[2.140s] INFO:colcon.colcon_core.shell:Creating prefix chain script '/home/vasav/vasav_ws/install/setup.sh'
[2.142s] INFO:colcon.colcon_core.shell:Creating prefix script '/home/vasav/vasav_ws/install/local_setup.bash'
[2.143s] INFO:colcon.colcon_core.shell:Creating prefix chain script '/home/vasav/vasav_ws/install/setup.bash'
[2.145s] INFO:colcon.colcon_core.shell:Creating prefix script '/home/vasav/vasav_ws/install/local_setup.zsh'
[2.147s] INFO:colcon.colcon_core.shell:Creating prefix chain script '/home/vasav/vasav_ws/install/setup.zsh'
