[0.028s] Invoking command in '/home/vasav/vasav_ws/build/lidar': CMAKE_PREFIX_PATH=${CMAKE_PREFIX_PATH}:/opt/ros/jazzy /usr/bin/cmake --build /home/vasav/vasav_ws/build/lidar -- -j8 -l8
[0.082s] -- Found ament_cmake: 2.5.4 (/opt/ros/jazzy/share/ament_cmake/cmake)
[0.399s] -- Found rclcpp: 28.1.11 (/opt/ros/jazzy/share/rclcpp/cmake)
[0.712s] -- Found rosidl_generator_c: 4.6.6 (/opt/ros/jazzy/share/rosidl_generator_c/cmake)
[0.731s] -- Found rosidl_generator_cpp: 4.6.6 (/opt/ros/jazzy/share/rosidl_generator_cpp/cmake)
[0.763s] -- Using all available rosidl_typesupport_c: rosidl_typesupport_fastrtps_c;rosidl_typesupport_introspection_c
[0.799s] -- Using all available rosidl_typesupport_cpp: rosidl_typesupport_fastrtps_cpp;rosidl_typesupport_introspection_cpp
[0.943s] -- Found rmw_implementation_cmake: 7.3.2 (/opt/ros/jazzy/share/rmw_implementation_cmake/cmake)
[0.948s] -- Found rmw_fastrtps_cpp: 8.4.3 (/opt/ros/jazzy/share/rmw_fastrtps_cpp/cmake)
[1.336s] -- Using RMW implementation 'rmw_fastrtps_cpp' as default
[1.657s] -- Found std_msgs: 5.3.6 (/opt/ros/jazzy/share/std_msgs/cmake)
[1.680s] -- Found sensor_msgs: 5.3.6 (/opt/ros/jazzy/share/sensor_msgs/cmake)
[1.748s] -- Found cv_bridge: 4.1.0 (/opt/ros/jazzy/share/cv_bridge/cmake)
[1.769s] -- Found ament_lint_auto: 0.17.3 (/opt/ros/jazzy/share/ament_lint_auto/cmake)
[1.898s] -- Added test 'flake8' to check Python code syntax and style conventions
[1.898s] -- Configured 'flake8' exclude dirs and/or files: 
[1.900s] -- Added test 'lint_cmake' to check CMake code style
[1.901s] -- Added test 'pep257' to check Python code against some of the docstring style conventions in PEP 257
[1.904s] -- Added test 'xmllint' to check XML markup files
[1.908s] -- Configuring done (1.8s)
[1.930s] -- Generating done (0.0s)
[1.935s] -- Build files have been written to: /home/vasav/vasav_ws/build/lidar
[1.965s] Invoked command in '/home/vasav/vasav_ws/build/lidar' returned '0': CMAKE_PREFIX_PATH=${CMAKE_PREFIX_PATH}:/opt/ros/jazzy /usr/bin/cmake --build /home/vasav/vasav_ws/build/lidar -- -j8 -l8
[1.966s] Invoking command in '/home/vasav/vasav_ws/build/lidar': CMAKE_PREFIX_PATH=${CMAKE_PREFIX_PATH}:/opt/ros/jazzy /usr/bin/cmake --install /home/vasav/vasav_ws/build/lidar
[1.974s] -- Install configuration: ""
[1.975s] -- Installing: /home/vasav/vasav_ws/install/lidar/share/lidar/scripts
[1.975s] -- Installing: /home/vasav/vasav_ws/install/lidar/share/lidar/scripts/lidar.py
[1.976s] -- Installing: /home/vasav/vasav_ws/install/lidar/lib/lidar/lidar.py
[1.976s] -- Up-to-date: /home/vasav/vasav_ws/install/lidar/share/ament_index/resource_index/package_run_dependencies/lidar
[1.976s] -- Installing: /home/vasav/vasav_ws/install/lidar/share/ament_index/resource_index/parent_prefix_path/lidar
[1.976s] -- Up-to-date: /home/vasav/vasav_ws/install/lidar/share/lidar/environment/ament_prefix_path.sh
[1.976s] -- Up-to-date: /home/vasav/vasav_ws/install/lidar/share/lidar/environment/ament_prefix_path.dsv
[1.977s] -- Up-to-date: /home/vasav/vasav_ws/install/lidar/share/lidar/environment/path.sh
[1.977s] -- Up-to-date: /home/vasav/vasav_ws/install/lidar/share/lidar/environment/path.dsv
[1.977s] -- Up-to-date: /home/vasav/vasav_ws/install/lidar/share/lidar/local_setup.bash
[1.977s] -- Up-to-date: /home/vasav/vasav_ws/install/lidar/share/lidar/local_setup.sh
[1.977s] -- Up-to-date: /home/vasav/vasav_ws/install/lidar/share/lidar/local_setup.zsh
[1.977s] -- Up-to-date: /home/vasav/vasav_ws/install/lidar/share/lidar/local_setup.dsv
[1.977s] -- Installing: /home/vasav/vasav_ws/install/lidar/share/lidar/package.dsv
[1.977s] -- Up-to-date: /home/vasav/vasav_ws/install/lidar/share/ament_index/resource_index/packages/lidar
[1.977s] -- Up-to-date: /home/vasav/vasav_ws/install/lidar/share/lidar/cmake/lidarConfig.cmake
[1.978s] -- Up-to-date: /home/vasav/vasav_ws/install/lidar/share/lidar/cmake/lidarConfig-version.cmake
[1.978s] -- Up-to-date: /home/vasav/vasav_ws/install/lidar/share/lidar/package.xml
[1.980s] Invoked command in '/home/vasav/vasav_ws/build/lidar' returned '0': CMAKE_PREFIX_PATH=${CMAKE_PREFIX_PATH}:/opt/ros/jazzy /usr/bin/cmake --install /home/vasav/vasav_ws/build/lidar
