[0.049s] Invoking command in '/home/vasav/vasav_ws/build/wheels': CMAKE_PREFIX_PATH=${CMAKE_PREFIX_PATH}:/opt/ros/jazzy /usr/bin/cmake --build /home/vasav/vasav_ws/build/wheels -- -j8 -l8
[0.243s] Invoked command in '/home/vasav/vasav_ws/build/wheels' returned '0': CMAKE_PREFIX_PATH=${CMAKE_PREFIX_PATH}:/opt/ros/jazzy /usr/bin/cmake --build /home/vasav/vasav_ws/build/wheels -- -j8 -l8
[0.266s] Invoking command in '/home/vasav/vasav_ws/build/wheels': CMAKE_PREFIX_PATH=${CMAKE_PREFIX_PATH}:/opt/ros/jazzy /usr/bin/cmake --install /home/vasav/vasav_ws/build/wheels
[0.290s] -- Install configuration: ""
[0.291s] -- Up-to-date: /home/vasav/vasav_ws/install/wheels/share/wheels/scripts
[0.292s] -- Up-to-date: /home/vasav/vasav_ws/install/wheels/share/wheels/scripts/wheels.py
[0.293s] -- Up-to-date: /home/vasav/vasav_ws/install/wheels/lib/wheels/wheels.py
[0.293s] -- Up-to-date: /home/vasav/vasav_ws/install/wheels/share/ament_index/resource_index/package_run_dependencies/wheels
[0.294s] -- Up-to-date: /home/vasav/vasav_ws/install/wheels/share/ament_index/resource_index/parent_prefix_path/wheels
[0.294s] -- Up-to-date: /home/vasav/vasav_ws/install/wheels/share/wheels/environment/ament_prefix_path.sh
[0.295s] -- Up-to-date: /home/vasav/vasav_ws/install/wheels/share/wheels/environment/ament_prefix_path.dsv
[0.295s] -- Up-to-date: /home/vasav/vasav_ws/install/wheels/share/wheels/environment/path.sh
[0.296s] -- Up-to-date: /home/vasav/vasav_ws/install/wheels/share/wheels/environment/path.dsv
[0.296s] -- Up-to-date: /home/vasav/vasav_ws/install/wheels/share/wheels/local_setup.bash
[0.296s] -- Up-to-date: /home/vasav/vasav_ws/install/wheels/share/wheels/local_setup.sh
[0.297s] -- Up-to-date: /home/vasav/vasav_ws/install/wheels/share/wheels/local_setup.zsh
[0.297s] -- Up-to-date: /home/vasav/vasav_ws/install/wheels/share/wheels/local_setup.dsv
[0.299s] -- Installing: /home/vasav/vasav_ws/install/wheels/share/wheels/package.dsv
[0.299s] -- Up-to-date: /home/vasav/vasav_ws/install/wheels/share/ament_index/resource_index/packages/wheels
[0.303s] -- Up-to-date: /home/vasav/vasav_ws/install/wheels/share/wheels/cmake/wheelsConfig.cmake
[0.304s] -- Up-to-date: /home/vasav/vasav_ws/install/wheels/share/wheels/cmake/wheelsConfig-version.cmake
[0.305s] -- Up-to-date: /home/vasav/vasav_ws/install/wheels/share/wheels/package.xml
[0.320s] Invoked command in '/home/vasav/vasav_ws/build/wheels' returned '0': CMAKE_PREFIX_PATH=${CMAKE_PREFIX_PATH}:/opt/ros/jazzy /usr/bin/cmake --install /home/vasav/vasav_ws/build/wheels
