[0.033s] Invoking command in '/home/vasav/vasav_ws/build/arms': CMAKE_PREFIX_PATH=${CMAKE_PREFIX_PATH}:/opt/ros/jazzy /usr/bin/cmake --build /home/vasav/vasav_ws/build/arms -- -j8 -l8
[0.197s] -- Found ament_cmake: 2.5.4 (/opt/ros/jazzy/share/ament_cmake/cmake)
[0.507s] -- Found rclcpp: 28.1.11 (/opt/ros/jazzy/share/rclcpp/cmake)
[0.810s] -- Found rosidl_generator_c: 4.6.6 (/opt/ros/jazzy/share/rosidl_generator_c/cmake)
[0.825s] -- Found rosidl_generator_cpp: 4.6.6 (/opt/ros/jazzy/share/rosidl_generator_cpp/cmake)
[0.850s] -- Using all available rosidl_typesupport_c: rosidl_typesupport_fastrtps_c;rosidl_typesupport_introspection_c
[0.876s] -- Using all available rosidl_typesupport_cpp: rosidl_typesupport_fastrtps_cpp;rosidl_typesupport_introspection_cpp
[1.010s] -- Found rmw_implementation_cmake: 7.3.2 (/opt/ros/jazzy/share/rmw_implementation_cmake/cmake)
[1.016s] -- Found rmw_fastrtps_cpp: 8.4.3 (/opt/ros/jazzy/share/rmw_fastrtps_cpp/cmake)
[1.406s] -- Using RMW implementation 'rmw_fastrtps_cpp' as default
[1.749s] -- Found std_msgs: 5.3.6 (/opt/ros/jazzy/share/std_msgs/cmake)
[1.776s] -- Found sensor_msgs: 5.3.6 (/opt/ros/jazzy/share/sensor_msgs/cmake)
[1.840s] -- Found cv_bridge: 4.1.0 (/opt/ros/jazzy/share/cv_bridge/cmake)
[1.857s] -- Found ament_lint_auto: 0.17.3 (/opt/ros/jazzy/share/ament_lint_auto/cmake)
[1.997s] -- Added test 'flake8' to check Python code syntax and style conventions
[1.997s] -- Configured 'flake8' exclude dirs and/or files: 
[1.999s] -- Added test 'lint_cmake' to check CMake code style
[2.000s] -- Added test 'pep257' to check Python code against some of the docstring style conventions in PEP 257
[2.003s] -- Added test 'xmllint' to check XML markup files
[2.008s] -- Configuring done (1.8s)
[2.031s] -- Generating done (0.0s)
[2.035s] -- Build files have been written to: /home/vasav/vasav_ws/build/arms
[2.067s] Invoked command in '/home/vasav/vasav_ws/build/arms' returned '0': CMAKE_PREFIX_PATH=${CMAKE_PREFIX_PATH}:/opt/ros/jazzy /usr/bin/cmake --build /home/vasav/vasav_ws/build/arms -- -j8 -l8
[2.068s] Invoking command in '/home/vasav/vasav_ws/build/arms': CMAKE_PREFIX_PATH=${CMAKE_PREFIX_PATH}:/opt/ros/jazzy /usr/bin/cmake --install /home/vasav/vasav_ws/build/arms
[2.077s] -- Install configuration: ""
[2.077s] -- Installing: /home/vasav/vasav_ws/install/arms/share/arms/scripts
[2.078s] -- Installing: /home/vasav/vasav_ws/install/arms/share/arms/scripts/arms.py
[2.079s] -- Installing: /home/vasav/vasav_ws/install/arms/lib/arms/arms.py
[2.079s] -- Up-to-date: /home/vasav/vasav_ws/install/arms/share/ament_index/resource_index/package_run_dependencies/arms
[2.079s] -- Installing: /home/vasav/vasav_ws/install/arms/share/ament_index/resource_index/parent_prefix_path/arms
[2.080s] -- Up-to-date: /home/vasav/vasav_ws/install/arms/share/arms/environment/ament_prefix_path.sh
[2.080s] -- Up-to-date: /home/vasav/vasav_ws/install/arms/share/arms/environment/ament_prefix_path.dsv
[2.080s] -- Up-to-date: /home/vasav/vasav_ws/install/arms/share/arms/environment/path.sh
[2.081s] -- Up-to-date: /home/vasav/vasav_ws/install/arms/share/arms/environment/path.dsv
[2.081s] -- Up-to-date: /home/vasav/vasav_ws/install/arms/share/arms/local_setup.bash
[2.081s] -- Up-to-date: /home/vasav/vasav_ws/install/arms/share/arms/local_setup.sh
[2.081s] -- Up-to-date: /home/vasav/vasav_ws/install/arms/share/arms/local_setup.zsh
[2.081s] -- Up-to-date: /home/vasav/vasav_ws/install/arms/share/arms/local_setup.dsv
[2.081s] -- Installing: /home/vasav/vasav_ws/install/arms/share/arms/package.dsv
[2.081s] -- Up-to-date: /home/vasav/vasav_ws/install/arms/share/ament_index/resource_index/packages/arms
[2.081s] -- Up-to-date: /home/vasav/vasav_ws/install/arms/share/arms/cmake/armsConfig.cmake
[2.081s] -- Up-to-date: /home/vasav/vasav_ws/install/arms/share/arms/cmake/armsConfig-version.cmake
[2.081s] -- Up-to-date: /home/vasav/vasav_ws/install/arms/share/arms/package.xml
[2.084s] Invoked command in '/home/vasav/vasav_ws/build/arms' returned '0': CMAKE_PREFIX_PATH=${CMAKE_PREFIX_PATH}:/opt/ros/jazzy /usr/bin/cmake --install /home/vasav/vasav_ws/build/arms
