[0.065s] Invoking command in '/home/vasav/vasav_ws/build/lidar': CMAKE_PREFIX_PATH=${CMAKE_PREFIX_PATH}:/opt/ros/jazzy /usr/bin/cmake /home/vasav/vasav_ws/src/lidar -DCMAKE_INSTALL_PREFIX=/home/vasav/vasav_ws/install/lidar
[0.852s] -- The C compiler identification is GNU 13.3.0
[2.086s] -- The CXX compiler identification is GNU 13.3.0
[3.187s] -- Detecting C compiler ABI info
[3.609s] -- Detecting C compiler ABI info - done
[3.618s] -- Check for working C compiler: /usr/bin/cc - skipped
[3.619s] -- Detecting C compile features
[3.620s] -- Detecting C compile features - done
[3.922s] -- Detecting CXX compiler ABI info
[4.524s] -- Detecting CXX compiler ABI info - done
[4.533s] -- Check for working CXX compiler: /usr/bin/c++ - skipped
[4.534s] -- Detecting CXX compile features
[4.534s] -- Detecting CXX compile features - done
[4.548s] -- Found ament_cmake: 2.5.4 (/opt/ros/jazzy/share/ament_cmake/cmake)
[4.735s] -- Found Python3: /usr/bin/python3 (found version "3.12.3") found components: Interpreter 
[4.920s] -- Found rclcpp: 28.1.11 (/opt/ros/jazzy/share/rclcpp/cmake)
[5.161s] -- Found rosidl_generator_c: 4.6.6 (/opt/ros/jazzy/share/rosidl_generator_c/cmake)
[5.183s] -- Found rosidl_generator_cpp: 4.6.6 (/opt/ros/jazzy/share/rosidl_generator_cpp/cmake)
[5.215s] -- Using all available rosidl_typesupport_c: rosidl_typesupport_fastrtps_c;rosidl_typesupport_introspection_c
[5.247s] -- Using all available rosidl_typesupport_cpp: rosidl_typesupport_fastrtps_cpp;rosidl_typesupport_introspection_cpp
[5.387s] -- Found rmw_implementation_cmake: 7.3.2 (/opt/ros/jazzy/share/rmw_implementation_cmake/cmake)
[5.394s] -- Found rmw_fastrtps_cpp: 8.4.3 (/opt/ros/jazzy/share/rmw_fastrtps_cpp/cmake)
[5.623s] -- Found OpenSSL: /usr/lib/x86_64-linux-gnu/libcrypto.so (found version "3.0.13")  
[5.861s] -- Found FastRTPS: /opt/ros/jazzy/include (Required is at least version "2.13") 
[6.077s] -- Using RMW implementation 'rmw_fastrtps_cpp' as default
[6.359s] -- Found std_msgs: 5.3.6 (/opt/ros/jazzy/share/std_msgs/cmake)
[6.385s] -- Found sensor_msgs: 5.3.6 (/opt/ros/jazzy/share/sensor_msgs/cmake)
[6.452s] -- Found cv_bridge: 4.1.0 (/opt/ros/jazzy/share/cv_bridge/cmake)
[6.474s] -- Found ament_lint_auto: 0.17.3 (/opt/ros/jazzy/share/ament_lint_auto/cmake)
[6.616s] -- Added test 'lint_cmake' to check CMake code style
[6.619s] -- Added test 'xmllint' to check XML markup files
[6.622s] -- Configuring done (6.4s)
[6.632s] -- Generating done (0.0s)
[6.635s] -- Build files have been written to: /home/vasav/vasav_ws/build/lidar
[6.654s] Invoked command in '/home/vasav/vasav_ws/build/lidar' returned '0': CMAKE_PREFIX_PATH=${CMAKE_PREFIX_PATH}:/opt/ros/jazzy /usr/bin/cmake /home/vasav/vasav_ws/src/lidar -DCMAKE_INSTALL_PREFIX=/home/vasav/vasav_ws/install/lidar
[6.656s] Invoking command in '/home/vasav/vasav_ws/build/lidar': CMAKE_PREFIX_PATH=${CMAKE_PREFIX_PATH}:/opt/ros/jazzy /usr/bin/cmake --build /home/vasav/vasav_ws/build/lidar -- -j8 -l8
[6.723s] Invoked command in '/home/vasav/vasav_ws/build/lidar' returned '0': CMAKE_PREFIX_PATH=${CMAKE_PREFIX_PATH}:/opt/ros/jazzy /usr/bin/cmake --build /home/vasav/vasav_ws/build/lidar -- -j8 -l8
[6.724s] Invoking command in '/home/vasav/vasav_ws/build/lidar': CMAKE_PREFIX_PATH=${CMAKE_PREFIX_PATH}:/opt/ros/jazzy /usr/bin/cmake --install /home/vasav/vasav_ws/build/lidar
[6.733s] -- Install configuration: ""
[6.735s] -- Installing: /home/vasav/vasav_ws/install/lidar/share/ament_index/resource_index/package_run_dependencies/lidar
[6.735s] -- Installing: /home/vasav/vasav_ws/install/lidar/share/ament_index/resource_index/parent_prefix_path/lidar
[6.737s] -- Installing: /home/vasav/vasav_ws/install/lidar/share/lidar/environment/ament_prefix_path.sh
[6.738s] -- Installing: /home/vasav/vasav_ws/install/lidar/share/lidar/environment/ament_prefix_path.dsv
[6.738s] -- Installing: /home/vasav/vasav_ws/install/lidar/share/lidar/environment/path.sh
[6.738s] -- Installing: /home/vasav/vasav_ws/install/lidar/share/lidar/environment/path.dsv
[6.738s] -- Installing: /home/vasav/vasav_ws/install/lidar/share/lidar/local_setup.bash
[6.739s] -- Installing: /home/vasav/vasav_ws/install/lidar/share/lidar/local_setup.sh
[6.739s] -- Installing: /home/vasav/vasav_ws/install/lidar/share/lidar/local_setup.zsh
[6.740s] -- Installing: /home/vasav/vasav_ws/install/lidar/share/lidar/local_setup.dsv
[6.741s] -- Installing: /home/vasav/vasav_ws/install/lidar/share/lidar/package.dsv
[6.741s] -- Installing: /home/vasav/vasav_ws/install/lidar/share/ament_index/resource_index/packages/lidar
[6.741s] -- Installing: /home/vasav/vasav_ws/install/lidar/share/lidar/cmake/lidarConfig.cmake
[6.741s] -- Installing: /home/vasav/vasav_ws/install/lidar/share/lidar/cmake/lidarConfig-version.cmake
[6.741s] -- Installing: /home/vasav/vasav_ws/install/lidar/share/lidar/package.xml
[6.744s] Invoked command in '/home/vasav/vasav_ws/build/lidar' returned '0': CMAKE_PREFIX_PATH=${CMAKE_PREFIX_PATH}:/opt/ros/jazzy /usr/bin/cmake --install /home/vasav/vasav_ws/build/lidar
