[0.030s] Invoking command in '/home/vasav/vasav_ws/build/arms': CMAKE_PREFIX_PATH=${CMAKE_PREFIX_PATH}:/opt/ros/jazzy /usr/bin/cmake --build /home/vasav/vasav_ws/build/arms -- -j8 -l8
[0.235s] Invoked command in '/home/vasav/vasav_ws/build/arms' returned '0': CMAKE_PREFIX_PATH=${CMAKE_PREFIX_PATH}:/opt/ros/jazzy /usr/bin/cmake --build /home/vasav/vasav_ws/build/arms -- -j8 -l8
[0.237s] Invoking command in '/home/vasav/vasav_ws/build/arms': CMAKE_PREFIX_PATH=${CMAKE_PREFIX_PATH}:/opt/ros/jazzy /usr/bin/cmake --install /home/vasav/vasav_ws/build/arms
[0.248s] -- Install configuration: ""
[0.248s] -- Up-to-date: /home/vasav/vasav_ws/install/arms/share/arms/scripts
[0.248s] -- Up-to-date: /home/vasav/vasav_ws/install/arms/share/arms/scripts/arms.py
[0.248s] -- Up-to-date: /home/vasav/vasav_ws/install/arms/share/arms/launch
[0.249s] -- Installing: /home/vasav/vasav_ws/install/arms/share/arms/launch/__pycache__
[0.250s] -- Installing: /home/vasav/vasav_ws/install/arms/share/arms/launch/__pycache__/robot.launch.cpython-312.pyc
[0.254s] -- Installing: /home/vasav/vasav_ws/install/arms/share/arms/launch/robot.launch.py
[0.255s] -- Up-to-date: /home/vasav/vasav_ws/install/arms/lib/arms/arms.py
[0.255s] -- Up-to-date: /home/vasav/vasav_ws/install/arms/share/ament_index/resource_index/package_run_dependencies/arms
[0.255s] -- Up-to-date: /home/vasav/vasav_ws/install/arms/share/ament_index/resource_index/parent_prefix_path/arms
[0.256s] -- Up-to-date: /home/vasav/vasav_ws/install/arms/share/arms/environment/ament_prefix_path.sh
[0.256s] -- Up-to-date: /home/vasav/vasav_ws/install/arms/share/arms/environment/ament_prefix_path.dsv
[0.256s] -- Up-to-date: /home/vasav/vasav_ws/install/arms/share/arms/environment/path.sh
[0.256s] -- Up-to-date: /home/vasav/vasav_ws/install/arms/share/arms/environment/path.dsv
[0.256s] -- Up-to-date: /home/vasav/vasav_ws/install/arms/share/arms/local_setup.bash
[0.256s] -- Up-to-date: /home/vasav/vasav_ws/install/arms/share/arms/local_setup.sh
[0.256s] -- Up-to-date: /home/vasav/vasav_ws/install/arms/share/arms/local_setup.zsh
[0.257s] -- Up-to-date: /home/vasav/vasav_ws/install/arms/share/arms/local_setup.dsv
[0.257s] -- Installing: /home/vasav/vasav_ws/install/arms/share/arms/package.dsv
[0.257s] -- Up-to-date: /home/vasav/vasav_ws/install/arms/share/ament_index/resource_index/packages/arms
[0.257s] -- Up-to-date: /home/vasav/vasav_ws/install/arms/share/arms/cmake/armsConfig.cmake
[0.257s] -- Up-to-date: /home/vasav/vasav_ws/install/arms/share/arms/cmake/armsConfig-version.cmake
[0.258s] -- Up-to-date: /home/vasav/vasav_ws/install/arms/share/arms/package.xml
[0.292s] Invoked command in '/home/vasav/vasav_ws/build/arms' returned '0': CMAKE_PREFIX_PATH=${CMAKE_PREFIX_PATH}:/opt/ros/jazzy /usr/bin/cmake --install /home/vasav/vasav_ws/build/arms
